2024-11-08 15:29:00,643 - INFO - HTTP Request: POST http://127.0.0.1:11434/api/embeddings "HTTP/1.1 200 OK"
2024-11-08 15:29:00,664 - INFO - Anonymized telemetry enabled. See https://docs.trychroma.com/telemetry for more information.
2024-11-08 15:29:00,986 - INFO - RAG performed in 1.1293981075286865 seconds.

2024-11-08 15:29:03,987 - INFO - 
2024-11-08 15:29:03,987 - INFO - Question asked: hello
2024-11-08 15:29:03,988 - INFO - 
2024-11-08 15:29:03,988 - INFO - Generated response: b"## Bonjour ! Comment puis-je vous aider aujourd'hui ? \n\nSi vous avez besoin d'aide pour trouver des membres d'\xc3\xa9quipe en fonction de leur localisation, disponibilit\xc3\xa9 ou comp\xc3\xa9tences, n'h\xc3\xa9sitez pas \xc3\xa0 me le faire savoir !"
2024-11-08 15:29:03,988 - INFO - 
2024-11-08 15:29:03,989 - INFO - Response generated in 3.003567695617676 seconds.


2024-11-08 15:29:08,197 - WARNING - Retrying (Retry(total=4, connect=4, read=5, redirect=5, status=5)) after connection broken by 'NewConnectionError('<urllib3.connection.HTTPConnection object at 0x0000021DE8B922D0>: Failed to establish a new connection: [WinError 10061] Aucune connexion n’a pu être établie car l’ordinateur cible l’a expressément refusée')': /api/2.0/mlflow/experiments/get-by-name?experiment_name=Profile+Finder+Chat+Metrics
2024-11-08 15:29:16,687 - WARNING - Retrying (Retry(total=3, connect=3, read=5, redirect=5, status=5)) after connection broken by 'NewConnectionError('<urllib3.connection.HTTPConnection object at 0x0000021DE8BC58D0>: Failed to establish a new connection: [WinError 10061] Aucune connexion n’a pu être établie car l’ordinateur cible l’a expressément refusée')': /api/2.0/mlflow/experiments/get-by-name?experiment_name=Profile+Finder+Chat+Metrics
2024-11-08 15:29:29,010 - WARNING - Retrying (Retry(total=2, connect=2, read=5, redirect=5, status=5)) after connection broken by 'NewConnectionError('<urllib3.connection.HTTPConnection object at 0x0000021DE8BC51D0>: Failed to establish a new connection: [WinError 10061] Aucune connexion n’a pu être établie car l’ordinateur cible l’a expressément refusée')': /api/2.0/mlflow/experiments/get-by-name?experiment_name=Profile+Finder+Chat+Metrics
2024-11-08 15:29:49,536 - WARNING - Retrying (Retry(total=1, connect=1, read=5, redirect=5, status=5)) after connection broken by 'NewConnectionError('<urllib3.connection.HTTPConnection object at 0x0000021DE6A5F910>: Failed to establish a new connection: [WinError 10061] Aucune connexion n’a pu être établie car l’ordinateur cible l’a expressément refusée')': /api/2.0/mlflow/experiments/get-by-name?experiment_name=Profile+Finder+Chat+Metrics
2024-11-08 15:30:25,957 - WARNING - Retrying (Retry(total=0, connect=0, read=5, redirect=5, status=5)) after connection broken by 'NewConnectionError('<urllib3.connection.HTTPConnection object at 0x0000021DE6A5E190>: Failed to establish a new connection: [WinError 10061] Aucune connexion n’a pu être établie car l’ordinateur cible l’a expressément refusée')': /api/2.0/mlflow/experiments/get-by-name?experiment_name=Profile+Finder+Chat+Metrics
2024-11-08 16:16:16,505 - INFO - HTTP Request: POST http://127.0.0.1:11434/api/embeddings "HTTP/1.1 200 OK"
2024-11-08 16:16:16,547 - INFO - Anonymized telemetry enabled. See https://docs.trychroma.com/telemetry for more information.
2024-11-08 16:16:16,816 - INFO - RAG performed in 1.0560636520385742 seconds.

2024-11-08 16:16:23,546 - INFO - 
2024-11-08 16:16:23,547 - INFO - Question asked: Hello
2024-11-08 16:16:23,547 - INFO - 
2024-11-08 16:16:23,547 - INFO - Generated response: b"## Bonjour ! Comment puis-je vous aider aujourd'hui ? \n\nSi vous avez besoin de trouver des membres de l'\xc3\xa9quipe en fonction de leur localisation, disponibilit\xc3\xa9 et comp\xc3\xa9tences, n'h\xc3\xa9sitez pas \xc3\xa0 sp\xc3\xa9cifier vos crit\xc3\xa8res !"
2024-11-08 16:16:23,547 - INFO - 
2024-11-08 16:16:23,548 - INFO - Response generated in 6.73199200630188 seconds.


2024-11-08 16:16:27,728 - WARNING - Retrying (Retry(total=4, connect=4, read=5, redirect=5, status=5)) after connection broken by 'NewConnectionError('<urllib3.connection.HTTPConnection object at 0x000001AE2D043E50>: Failed to establish a new connection: [WinError 10061] Aucune connexion n’a pu être établie car l’ordinateur cible l’a expressément refusée')': /api/2.0/mlflow/experiments/get-by-name?experiment_name=Profile+Finder+Chat+Metrics
2024-11-08 16:16:36,410 - WARNING - Retrying (Retry(total=3, connect=3, read=5, redirect=5, status=5)) after connection broken by 'NewConnectionError('<urllib3.connection.HTTPConnection object at 0x000001AE2BF6D390>: Failed to establish a new connection: [WinError 10061] Aucune connexion n’a pu être établie car l’ordinateur cible l’a expressément refusée')': /api/2.0/mlflow/experiments/get-by-name?experiment_name=Profile+Finder+Chat+Metrics
2024-11-08 16:16:49,261 - WARNING - Retrying (Retry(total=2, connect=2, read=5, redirect=5, status=5)) after connection broken by 'NewConnectionError('<urllib3.connection.HTTPConnection object at 0x000001AE2BF6F610>: Failed to establish a new connection: [WinError 10061] Aucune connexion n’a pu être établie car l’ordinateur cible l’a expressément refusée')': /api/2.0/mlflow/experiments/get-by-name?experiment_name=Profile+Finder+Chat+Metrics
2024-11-08 16:17:09,998 - WARNING - Retrying (Retry(total=1, connect=1, read=5, redirect=5, status=5)) after connection broken by 'NewConnectionError('<urllib3.connection.HTTPConnection object at 0x000001AE2BF6DFD0>: Failed to establish a new connection: [WinError 10061] Aucune connexion n’a pu être établie car l’ordinateur cible l’a expressément refusée')': /api/2.0/mlflow/experiments/get-by-name?experiment_name=Profile+Finder+Chat+Metrics
2024-11-08 16:17:47,017 - WARNING - Retrying (Retry(total=0, connect=0, read=5, redirect=5, status=5)) after connection broken by 'NewConnectionError('<urllib3.connection.HTTPConnection object at 0x000001AE78B698D0>: Failed to establish a new connection: [WinError 10061] Aucune connexion n’a pu être établie car l’ordinateur cible l’a expressément refusée')': /api/2.0/mlflow/experiments/get-by-name?experiment_name=Profile+Finder+Chat+Metrics
2024-11-09 19:16:09,911 - INFO - HTTP Request: POST http://127.0.0.1:11434/api/embeddings "HTTP/1.1 200 OK"
2024-11-09 19:16:09,925 - INFO - Anonymized telemetry enabled. See https://docs.trychroma.com/telemetry for more information.
2024-11-09 19:16:10,037 - WARNING - Number of requested results 20 is greater than number of elements in index 19, updating n_results = 19
2024-11-09 19:16:10,039 - INFO - RAG performed in 15.32561445236206 seconds.

2024-11-09 19:16:16,159 - INFO - 
2024-11-09 19:16:16,159 - INFO - Question asked: Qui est disponible en janvier 2025 ?
2024-11-09 19:16:16,159 - INFO - 
2024-11-09 19:16:16,159 - INFO - Generated response: b"## Disponibilit\xc3\xa9 en Janvier 2025\n\n| Nom               | Code    | Localisation | Disponibilit\xc3\xa9         | Comp\xc3\xa9tences Principales                           |\n|-------------------|---------|--------------|-----------------------|--------------------------------------------------|\n| Anthony Martin     | 458848  | Tours        | 50% (jusqu'au 2025-05-23) | Archi. Orient\xc3\xa9e Services (SOA)                  |\n| Jamie Crane        | 441595  | Paris        | 50% (occupation \xc3\xa0 2025-07-17) | MS SSIS, Cybersecurity                             |\n| Terry Salazar      | 237375  | Paris        | 20% (occupation \xc3\xa0 2027-03-15) | Communication vid\xc3\xa9o, D\xc3\xa9veloppement applications Web |\n| Mark Baker         | 499137  | Paris        | 80% (occupation \xc3\xa0 2025-05-18) | UX, D\xc3\xa9ploiement continu                            |\n| Jason Black        | 454100  | Paris        | 50% (occupation \xc3\xa0 2025-04-07) | Bootstrap, Salesforce                              |\n\n### Remarques\n- Les pourcentages d'occupation indiquent la disponibilit\xc3\xa9 effective au cours de la p\xc3\xa9riode.\n- V\xc3\xa9rifiez les d\xc3\xa9tails suppl\xc3\xa9mentaires des projets si n\xc3\xa9cessaire."
2024-11-09 19:16:16,159 - INFO - 
2024-11-09 19:16:16,159 - INFO - Response generated in 6.1191816329956055 seconds.


2024-11-09 19:16:20,266 - WARNING - Retrying (Retry(total=4, connect=4, read=5, redirect=5, status=5)) after connection broken by 'NewConnectionError('<urllib3.connection.HTTPConnection object at 0x0000018683AE8AD0>: Failed to establish a new connection: [WinError 10061] Aucune connexion n’a pu être établie car l’ordinateur cible l’a expressément refusée')': /api/2.0/mlflow/experiments/get-by-name?experiment_name=Profile+Finder+Chat+Metrics
2024-11-09 19:16:28,676 - WARNING - Retrying (Retry(total=3, connect=3, read=5, redirect=5, status=5)) after connection broken by 'NewConnectionError('<urllib3.connection.HTTPConnection object at 0x0000018683AEBE90>: Failed to establish a new connection: [WinError 10061] Aucune connexion n’a pu être établie car l’ordinateur cible l’a expressément refusée')': /api/2.0/mlflow/experiments/get-by-name?experiment_name=Profile+Finder+Chat+Metrics
2024-11-09 19:16:40,960 - WARNING - Retrying (Retry(total=2, connect=2, read=5, redirect=5, status=5)) after connection broken by 'NewConnectionError('<urllib3.connection.HTTPConnection object at 0x0000018683ADDF90>: Failed to establish a new connection: [WinError 10061] Aucune connexion n’a pu être établie car l’ordinateur cible l’a expressément refusée')': /api/2.0/mlflow/experiments/get-by-name?experiment_name=Profile+Finder+Chat+Metrics
2024-11-09 19:17:01,597 - WARNING - Retrying (Retry(total=1, connect=1, read=5, redirect=5, status=5)) after connection broken by 'NewConnectionError('<urllib3.connection.HTTPConnection object at 0x0000018683ADF190>: Failed to establish a new connection: [WinError 10061] Aucune connexion n’a pu être établie car l’ordinateur cible l’a expressément refusée')': /api/2.0/mlflow/experiments/get-by-name?experiment_name=Profile+Finder+Chat+Metrics
2024-11-09 19:17:37,799 - WARNING - Retrying (Retry(total=0, connect=0, read=5, redirect=5, status=5)) after connection broken by 'NewConnectionError('<urllib3.connection.HTTPConnection object at 0x0000018683ADFF90>: Failed to establish a new connection: [WinError 10061] Aucune connexion n’a pu être établie car l’ordinateur cible l’a expressément refusée')': /api/2.0/mlflow/experiments/get-by-name?experiment_name=Profile+Finder+Chat+Metrics
2024-11-09 21:00:21,911 - INFO - Anonymized telemetry enabled. See https://docs.trychroma.com/telemetry for more information.
2024-11-09 21:00:24,032 - INFO - Found 19 documents.
2024-11-09 21:00:26,048 - INFO - HTTP Request: POST http://127.0.0.1:11434/api/embeddings "HTTP/1.1 200 OK"
2024-11-09 21:00:26,062 - INFO - HTTP Request: POST http://127.0.0.1:11434/api/embeddings "HTTP/1.1 200 OK"
2024-11-09 21:00:26,080 - INFO - HTTP Request: POST http://127.0.0.1:11434/api/embeddings "HTTP/1.1 200 OK"
2024-11-09 21:00:26,097 - INFO - HTTP Request: POST http://127.0.0.1:11434/api/embeddings "HTTP/1.1 200 OK"
2024-11-09 21:00:26,110 - INFO - HTTP Request: POST http://127.0.0.1:11434/api/embeddings "HTTP/1.1 200 OK"
2024-11-09 21:00:26,123 - INFO - HTTP Request: POST http://127.0.0.1:11434/api/embeddings "HTTP/1.1 200 OK"
2024-11-09 21:00:26,138 - INFO - HTTP Request: POST http://127.0.0.1:11434/api/embeddings "HTTP/1.1 200 OK"
2024-11-09 21:00:26,151 - INFO - HTTP Request: POST http://127.0.0.1:11434/api/embeddings "HTTP/1.1 200 OK"
2024-11-09 21:00:26,167 - INFO - HTTP Request: POST http://127.0.0.1:11434/api/embeddings "HTTP/1.1 200 OK"
2024-11-09 21:00:26,180 - INFO - HTTP Request: POST http://127.0.0.1:11434/api/embeddings "HTTP/1.1 200 OK"
2024-11-09 21:00:26,206 - WARNING - Insert of existing embedding ID: 0
2024-11-09 21:00:26,207 - WARNING - Insert of existing embedding ID: 1
2024-11-09 21:00:26,207 - WARNING - Insert of existing embedding ID: 2
2024-11-09 21:00:26,207 - WARNING - Insert of existing embedding ID: 3
2024-11-09 21:00:26,207 - WARNING - Insert of existing embedding ID: 4
2024-11-09 21:00:26,207 - WARNING - Insert of existing embedding ID: 5
2024-11-09 21:00:26,207 - WARNING - Insert of existing embedding ID: 6
2024-11-09 21:00:26,207 - WARNING - Insert of existing embedding ID: 7
2024-11-09 21:00:26,207 - WARNING - Insert of existing embedding ID: 8
2024-11-09 21:00:26,208 - WARNING - Insert of existing embedding ID: 9
2024-11-09 21:00:26,208 - WARNING - Add of existing embedding ID: 0
2024-11-09 21:00:26,208 - WARNING - Add of existing embedding ID: 1
2024-11-09 21:00:26,208 - WARNING - Add of existing embedding ID: 2
2024-11-09 21:00:26,208 - WARNING - Add of existing embedding ID: 3
2024-11-09 21:00:26,208 - WARNING - Add of existing embedding ID: 4
2024-11-09 21:00:26,208 - WARNING - Add of existing embedding ID: 5
2024-11-09 21:00:26,208 - WARNING - Add of existing embedding ID: 6
2024-11-09 21:00:26,208 - WARNING - Add of existing embedding ID: 7
2024-11-09 21:00:26,208 - WARNING - Add of existing embedding ID: 8
2024-11-09 21:00:26,208 - WARNING - Add of existing embedding ID: 9
2024-11-09 21:00:26,211 - INFO - Batch 0 added to the collection.
2024-11-09 21:00:26,227 - INFO - HTTP Request: POST http://127.0.0.1:11434/api/embeddings "HTTP/1.1 200 OK"
2024-11-09 21:00:26,241 - INFO - HTTP Request: POST http://127.0.0.1:11434/api/embeddings "HTTP/1.1 200 OK"
2024-11-09 21:00:26,253 - INFO - HTTP Request: POST http://127.0.0.1:11434/api/embeddings "HTTP/1.1 200 OK"
2024-11-09 21:00:26,268 - INFO - HTTP Request: POST http://127.0.0.1:11434/api/embeddings "HTTP/1.1 200 OK"
2024-11-09 21:00:26,284 - INFO - HTTP Request: POST http://127.0.0.1:11434/api/embeddings "HTTP/1.1 200 OK"
2024-11-09 21:00:26,299 - INFO - HTTP Request: POST http://127.0.0.1:11434/api/embeddings "HTTP/1.1 200 OK"
2024-11-09 21:00:26,311 - INFO - HTTP Request: POST http://127.0.0.1:11434/api/embeddings "HTTP/1.1 200 OK"
2024-11-09 21:00:26,323 - INFO - HTTP Request: POST http://127.0.0.1:11434/api/embeddings "HTTP/1.1 200 OK"
2024-11-09 21:00:26,338 - INFO - HTTP Request: POST http://127.0.0.1:11434/api/embeddings "HTTP/1.1 200 OK"
2024-11-09 21:00:26,339 - WARNING - Insert of existing embedding ID: 10
2024-11-09 21:00:26,339 - WARNING - Insert of existing embedding ID: 11
2024-11-09 21:00:26,340 - WARNING - Insert of existing embedding ID: 12
2024-11-09 21:00:26,340 - WARNING - Insert of existing embedding ID: 13
2024-11-09 21:00:26,340 - WARNING - Insert of existing embedding ID: 14
2024-11-09 21:00:26,340 - WARNING - Insert of existing embedding ID: 15
2024-11-09 21:00:26,340 - WARNING - Insert of existing embedding ID: 16
2024-11-09 21:00:26,340 - WARNING - Insert of existing embedding ID: 17
2024-11-09 21:00:26,341 - WARNING - Insert of existing embedding ID: 18
2024-11-09 21:00:26,341 - WARNING - Add of existing embedding ID: 10
2024-11-09 21:00:26,341 - WARNING - Add of existing embedding ID: 11
2024-11-09 21:00:26,341 - WARNING - Add of existing embedding ID: 12
2024-11-09 21:00:26,341 - WARNING - Add of existing embedding ID: 13
2024-11-09 21:00:26,341 - WARNING - Add of existing embedding ID: 14
2024-11-09 21:00:26,341 - WARNING - Add of existing embedding ID: 15
2024-11-09 21:00:26,341 - WARNING - Add of existing embedding ID: 16
2024-11-09 21:00:26,341 - WARNING - Add of existing embedding ID: 17
2024-11-09 21:00:26,341 - WARNING - Add of existing embedding ID: 18
2024-11-09 21:00:26,343 - INFO - Batch 1 added to the collection.
2024-11-09 21:00:26,343 - INFO - Documents embedded in 4.440408706665039 seconds.

2024-11-09 21:02:56,998 - INFO - Anonymized telemetry enabled. See https://docs.trychroma.com/telemetry for more information.
2024-11-09 21:02:59,034 - INFO - Found 19 documents.
2024-11-09 21:02:59,059 - INFO - HTTP Request: POST http://127.0.0.1:11434/api/embeddings "HTTP/1.1 200 OK"
2024-11-09 21:02:59,073 - INFO - HTTP Request: POST http://127.0.0.1:11434/api/embeddings "HTTP/1.1 200 OK"
2024-11-09 21:02:59,090 - INFO - HTTP Request: POST http://127.0.0.1:11434/api/embeddings "HTTP/1.1 200 OK"
2024-11-09 21:02:59,107 - INFO - HTTP Request: POST http://127.0.0.1:11434/api/embeddings "HTTP/1.1 200 OK"
2024-11-09 21:02:59,119 - INFO - HTTP Request: POST http://127.0.0.1:11434/api/embeddings "HTTP/1.1 200 OK"
2024-11-09 21:02:59,131 - INFO - HTTP Request: POST http://127.0.0.1:11434/api/embeddings "HTTP/1.1 200 OK"
2024-11-09 21:02:59,144 - INFO - HTTP Request: POST http://127.0.0.1:11434/api/embeddings "HTTP/1.1 200 OK"
2024-11-09 21:02:59,157 - INFO - HTTP Request: POST http://127.0.0.1:11434/api/embeddings "HTTP/1.1 200 OK"
2024-11-09 21:02:59,173 - INFO - HTTP Request: POST http://127.0.0.1:11434/api/embeddings "HTTP/1.1 200 OK"
2024-11-09 21:02:59,187 - INFO - HTTP Request: POST http://127.0.0.1:11434/api/embeddings "HTTP/1.1 200 OK"
2024-11-09 21:02:59,207 - WARNING - Add of existing embedding ID: 0
2024-11-09 21:02:59,207 - WARNING - Add of existing embedding ID: 1
2024-11-09 21:02:59,207 - WARNING - Add of existing embedding ID: 2
2024-11-09 21:02:59,207 - WARNING - Add of existing embedding ID: 3
2024-11-09 21:02:59,207 - WARNING - Add of existing embedding ID: 4
2024-11-09 21:02:59,207 - WARNING - Add of existing embedding ID: 5
2024-11-09 21:02:59,207 - WARNING - Add of existing embedding ID: 6
2024-11-09 21:02:59,207 - WARNING - Add of existing embedding ID: 7
2024-11-09 21:02:59,207 - WARNING - Add of existing embedding ID: 8
2024-11-09 21:02:59,207 - WARNING - Add of existing embedding ID: 9
2024-11-09 21:02:59,207 - WARNING - Add of existing embedding ID: 10
2024-11-09 21:02:59,207 - WARNING - Add of existing embedding ID: 11
2024-11-09 21:02:59,207 - WARNING - Add of existing embedding ID: 12
2024-11-09 21:02:59,207 - WARNING - Add of existing embedding ID: 13
2024-11-09 21:02:59,207 - WARNING - Add of existing embedding ID: 14
2024-11-09 21:02:59,207 - WARNING - Add of existing embedding ID: 15
2024-11-09 21:02:59,207 - WARNING - Add of existing embedding ID: 16
2024-11-09 21:02:59,207 - WARNING - Add of existing embedding ID: 17
2024-11-09 21:02:59,207 - WARNING - Add of existing embedding ID: 18
2024-11-09 21:02:59,208 - WARNING - Insert of existing embedding ID: 0
2024-11-09 21:02:59,209 - WARNING - Insert of existing embedding ID: 1
2024-11-09 21:02:59,209 - WARNING - Insert of existing embedding ID: 2
2024-11-09 21:02:59,209 - WARNING - Insert of existing embedding ID: 3
2024-11-09 21:02:59,209 - WARNING - Insert of existing embedding ID: 4
2024-11-09 21:02:59,209 - WARNING - Insert of existing embedding ID: 5
2024-11-09 21:02:59,209 - WARNING - Insert of existing embedding ID: 6
2024-11-09 21:02:59,209 - WARNING - Insert of existing embedding ID: 7
2024-11-09 21:02:59,209 - WARNING - Insert of existing embedding ID: 8
2024-11-09 21:02:59,210 - WARNING - Insert of existing embedding ID: 9
2024-11-09 21:02:59,210 - WARNING - Add of existing embedding ID: 0
2024-11-09 21:02:59,210 - WARNING - Add of existing embedding ID: 1
2024-11-09 21:02:59,210 - WARNING - Add of existing embedding ID: 2
2024-11-09 21:02:59,210 - WARNING - Add of existing embedding ID: 3
2024-11-09 21:02:59,210 - WARNING - Add of existing embedding ID: 4
2024-11-09 21:02:59,210 - WARNING - Add of existing embedding ID: 5
2024-11-09 21:02:59,210 - WARNING - Add of existing embedding ID: 6
2024-11-09 21:02:59,210 - WARNING - Add of existing embedding ID: 7
2024-11-09 21:02:59,210 - WARNING - Add of existing embedding ID: 8
2024-11-09 21:02:59,210 - WARNING - Add of existing embedding ID: 9
2024-11-09 21:02:59,212 - INFO - Batch 0 added to the collection.
2024-11-09 21:02:59,229 - INFO - HTTP Request: POST http://127.0.0.1:11434/api/embeddings "HTTP/1.1 200 OK"
2024-11-09 21:02:59,242 - INFO - HTTP Request: POST http://127.0.0.1:11434/api/embeddings "HTTP/1.1 200 OK"
2024-11-09 21:02:59,253 - INFO - HTTP Request: POST http://127.0.0.1:11434/api/embeddings "HTTP/1.1 200 OK"
2024-11-09 21:02:59,269 - INFO - HTTP Request: POST http://127.0.0.1:11434/api/embeddings "HTTP/1.1 200 OK"
2024-11-09 21:02:59,284 - INFO - HTTP Request: POST http://127.0.0.1:11434/api/embeddings "HTTP/1.1 200 OK"
2024-11-09 21:02:59,300 - INFO - HTTP Request: POST http://127.0.0.1:11434/api/embeddings "HTTP/1.1 200 OK"
2024-11-09 21:02:59,311 - INFO - HTTP Request: POST http://127.0.0.1:11434/api/embeddings "HTTP/1.1 200 OK"
2024-11-09 21:02:59,323 - INFO - HTTP Request: POST http://127.0.0.1:11434/api/embeddings "HTTP/1.1 200 OK"
2024-11-09 21:02:59,338 - INFO - HTTP Request: POST http://127.0.0.1:11434/api/embeddings "HTTP/1.1 200 OK"
2024-11-09 21:02:59,340 - WARNING - Insert of existing embedding ID: 10
2024-11-09 21:02:59,340 - WARNING - Insert of existing embedding ID: 11
2024-11-09 21:02:59,340 - WARNING - Insert of existing embedding ID: 12
2024-11-09 21:02:59,340 - WARNING - Insert of existing embedding ID: 13
2024-11-09 21:02:59,340 - WARNING - Insert of existing embedding ID: 14
2024-11-09 21:02:59,340 - WARNING - Insert of existing embedding ID: 15
2024-11-09 21:02:59,340 - WARNING - Insert of existing embedding ID: 16
2024-11-09 21:02:59,341 - WARNING - Insert of existing embedding ID: 17
2024-11-09 21:02:59,341 - WARNING - Insert of existing embedding ID: 18
2024-11-09 21:02:59,341 - WARNING - Add of existing embedding ID: 10
2024-11-09 21:02:59,341 - WARNING - Add of existing embedding ID: 11
2024-11-09 21:02:59,341 - WARNING - Add of existing embedding ID: 12
2024-11-09 21:02:59,341 - WARNING - Add of existing embedding ID: 13
2024-11-09 21:02:59,341 - WARNING - Add of existing embedding ID: 14
2024-11-09 21:02:59,341 - WARNING - Add of existing embedding ID: 15
2024-11-09 21:02:59,341 - WARNING - Add of existing embedding ID: 16
2024-11-09 21:02:59,341 - WARNING - Add of existing embedding ID: 17
2024-11-09 21:02:59,341 - WARNING - Add of existing embedding ID: 18
2024-11-09 21:02:59,342 - INFO - Batch 1 added to the collection.
2024-11-09 21:02:59,343 - INFO - Documents embedded in 2.3459672927856445 seconds.

2024-11-09 21:03:32,015 - INFO - Anonymized telemetry enabled. See https://docs.trychroma.com/telemetry for more information.
2024-11-09 21:03:34,043 - INFO - Found 19 documents.
2024-11-09 21:03:34,071 - INFO - HTTP Request: POST http://127.0.0.1:11434/api/embeddings "HTTP/1.1 200 OK"
2024-11-09 21:03:34,085 - INFO - HTTP Request: POST http://127.0.0.1:11434/api/embeddings "HTTP/1.1 200 OK"
2024-11-09 21:03:34,103 - INFO - HTTP Request: POST http://127.0.0.1:11434/api/embeddings "HTTP/1.1 200 OK"
2024-11-09 21:03:34,119 - INFO - HTTP Request: POST http://127.0.0.1:11434/api/embeddings "HTTP/1.1 200 OK"
2024-11-09 21:03:34,131 - INFO - HTTP Request: POST http://127.0.0.1:11434/api/embeddings "HTTP/1.1 200 OK"
2024-11-09 21:03:34,143 - INFO - HTTP Request: POST http://127.0.0.1:11434/api/embeddings "HTTP/1.1 200 OK"
2024-11-09 21:03:34,156 - INFO - HTTP Request: POST http://127.0.0.1:11434/api/embeddings "HTTP/1.1 200 OK"
2024-11-09 21:03:34,173 - INFO - HTTP Request: POST http://127.0.0.1:11434/api/embeddings "HTTP/1.1 200 OK"
2024-11-09 21:03:34,189 - INFO - HTTP Request: POST http://127.0.0.1:11434/api/embeddings "HTTP/1.1 200 OK"
2024-11-09 21:03:34,206 - INFO - HTTP Request: POST http://127.0.0.1:11434/api/embeddings "HTTP/1.1 200 OK"
2024-11-09 21:03:34,221 - WARNING - Add of existing embedding ID: 0
2024-11-09 21:03:34,221 - WARNING - Add of existing embedding ID: 1
2024-11-09 21:03:34,221 - WARNING - Add of existing embedding ID: 2
2024-11-09 21:03:34,221 - WARNING - Add of existing embedding ID: 3
2024-11-09 21:03:34,221 - WARNING - Add of existing embedding ID: 4
2024-11-09 21:03:34,221 - WARNING - Add of existing embedding ID: 5
2024-11-09 21:03:34,221 - WARNING - Add of existing embedding ID: 6
2024-11-09 21:03:34,221 - WARNING - Add of existing embedding ID: 7
2024-11-09 21:03:34,221 - WARNING - Add of existing embedding ID: 8
2024-11-09 21:03:34,221 - WARNING - Add of existing embedding ID: 9
2024-11-09 21:03:34,221 - WARNING - Add of existing embedding ID: 10
2024-11-09 21:03:34,221 - WARNING - Add of existing embedding ID: 11
2024-11-09 21:03:34,221 - WARNING - Add of existing embedding ID: 12
2024-11-09 21:03:34,221 - WARNING - Add of existing embedding ID: 13
2024-11-09 21:03:34,221 - WARNING - Add of existing embedding ID: 14
2024-11-09 21:03:34,221 - WARNING - Add of existing embedding ID: 15
2024-11-09 21:03:34,221 - WARNING - Add of existing embedding ID: 16
2024-11-09 21:03:34,221 - WARNING - Add of existing embedding ID: 17
2024-11-09 21:03:34,221 - WARNING - Add of existing embedding ID: 18
2024-11-09 21:03:34,221 - WARNING - Add of existing embedding ID: 0
2024-11-09 21:03:34,221 - WARNING - Add of existing embedding ID: 1
2024-11-09 21:03:34,221 - WARNING - Add of existing embedding ID: 2
2024-11-09 21:03:34,221 - WARNING - Add of existing embedding ID: 3
2024-11-09 21:03:34,222 - WARNING - Add of existing embedding ID: 4
2024-11-09 21:03:34,222 - WARNING - Add of existing embedding ID: 5
2024-11-09 21:03:34,222 - WARNING - Add of existing embedding ID: 6
2024-11-09 21:03:34,222 - WARNING - Add of existing embedding ID: 7
2024-11-09 21:03:34,222 - WARNING - Add of existing embedding ID: 8
2024-11-09 21:03:34,222 - WARNING - Add of existing embedding ID: 9
2024-11-09 21:03:34,222 - WARNING - Add of existing embedding ID: 10
2024-11-09 21:03:34,222 - WARNING - Add of existing embedding ID: 11
2024-11-09 21:03:34,222 - WARNING - Add of existing embedding ID: 12
2024-11-09 21:03:34,222 - WARNING - Add of existing embedding ID: 13
2024-11-09 21:03:34,222 - WARNING - Add of existing embedding ID: 14
2024-11-09 21:03:34,222 - WARNING - Add of existing embedding ID: 15
2024-11-09 21:03:34,222 - WARNING - Add of existing embedding ID: 16
2024-11-09 21:03:34,222 - WARNING - Add of existing embedding ID: 17
2024-11-09 21:03:34,222 - WARNING - Add of existing embedding ID: 18
2024-11-09 21:03:34,223 - WARNING - Add of existing embedding ID: 0
2024-11-09 21:03:34,223 - WARNING - Add of existing embedding ID: 1
2024-11-09 21:03:34,223 - WARNING - Add of existing embedding ID: 2
2024-11-09 21:03:34,223 - WARNING - Add of existing embedding ID: 3
2024-11-09 21:03:34,223 - WARNING - Add of existing embedding ID: 4
2024-11-09 21:03:34,223 - WARNING - Add of existing embedding ID: 5
2024-11-09 21:03:34,223 - WARNING - Add of existing embedding ID: 6
2024-11-09 21:03:34,223 - WARNING - Add of existing embedding ID: 7
2024-11-09 21:03:34,223 - WARNING - Add of existing embedding ID: 8
2024-11-09 21:03:34,223 - WARNING - Add of existing embedding ID: 9
2024-11-09 21:03:34,224 - WARNING - Insert of existing embedding ID: 0
2024-11-09 21:03:34,224 - WARNING - Insert of existing embedding ID: 1
2024-11-09 21:03:34,224 - WARNING - Insert of existing embedding ID: 2
2024-11-09 21:03:34,224 - WARNING - Insert of existing embedding ID: 3
2024-11-09 21:03:34,224 - WARNING - Insert of existing embedding ID: 4
2024-11-09 21:03:34,224 - WARNING - Insert of existing embedding ID: 5
2024-11-09 21:03:34,224 - WARNING - Insert of existing embedding ID: 6
2024-11-09 21:03:34,225 - WARNING - Insert of existing embedding ID: 7
2024-11-09 21:03:34,225 - WARNING - Insert of existing embedding ID: 8
2024-11-09 21:03:34,225 - WARNING - Insert of existing embedding ID: 9
2024-11-09 21:03:34,226 - INFO - Batch 0 added to the collection.
2024-11-09 21:03:34,243 - INFO - HTTP Request: POST http://127.0.0.1:11434/api/embeddings "HTTP/1.1 200 OK"
2024-11-09 21:03:34,257 - INFO - HTTP Request: POST http://127.0.0.1:11434/api/embeddings "HTTP/1.1 200 OK"
2024-11-09 21:03:34,268 - INFO - HTTP Request: POST http://127.0.0.1:11434/api/embeddings "HTTP/1.1 200 OK"
2024-11-09 21:03:34,283 - INFO - HTTP Request: POST http://127.0.0.1:11434/api/embeddings "HTTP/1.1 200 OK"
2024-11-09 21:03:34,299 - INFO - HTTP Request: POST http://127.0.0.1:11434/api/embeddings "HTTP/1.1 200 OK"
2024-11-09 21:03:34,315 - INFO - HTTP Request: POST http://127.0.0.1:11434/api/embeddings "HTTP/1.1 200 OK"
2024-11-09 21:03:34,327 - INFO - HTTP Request: POST http://127.0.0.1:11434/api/embeddings "HTTP/1.1 200 OK"
2024-11-09 21:03:34,338 - INFO - HTTP Request: POST http://127.0.0.1:11434/api/embeddings "HTTP/1.1 200 OK"
2024-11-09 21:03:34,353 - INFO - HTTP Request: POST http://127.0.0.1:11434/api/embeddings "HTTP/1.1 200 OK"
2024-11-09 21:03:34,355 - WARNING - Add of existing embedding ID: 10
2024-11-09 21:03:34,355 - WARNING - Add of existing embedding ID: 11
2024-11-09 21:03:34,355 - WARNING - Add of existing embedding ID: 12
2024-11-09 21:03:34,355 - WARNING - Add of existing embedding ID: 13
2024-11-09 21:03:34,355 - WARNING - Add of existing embedding ID: 14
2024-11-09 21:03:34,355 - WARNING - Add of existing embedding ID: 15
2024-11-09 21:03:34,355 - WARNING - Add of existing embedding ID: 16
2024-11-09 21:03:34,355 - WARNING - Add of existing embedding ID: 17
2024-11-09 21:03:34,355 - WARNING - Add of existing embedding ID: 18
2024-11-09 21:03:34,356 - WARNING - Insert of existing embedding ID: 10
2024-11-09 21:03:34,356 - WARNING - Insert of existing embedding ID: 11
2024-11-09 21:03:34,356 - WARNING - Insert of existing embedding ID: 12
2024-11-09 21:03:34,356 - WARNING - Insert of existing embedding ID: 13
2024-11-09 21:03:34,356 - WARNING - Insert of existing embedding ID: 14
2024-11-09 21:03:34,356 - WARNING - Insert of existing embedding ID: 15
2024-11-09 21:03:34,356 - WARNING - Insert of existing embedding ID: 16
2024-11-09 21:03:34,357 - WARNING - Insert of existing embedding ID: 17
2024-11-09 21:03:34,357 - WARNING - Insert of existing embedding ID: 18
2024-11-09 21:03:34,358 - INFO - Batch 1 added to the collection.
2024-11-09 21:03:34,358 - INFO - Documents embedded in 2.3434360027313232 seconds.

2024-11-09 21:06:55,815 - INFO - Anonymized telemetry enabled. See https://docs.trychroma.com/telemetry for more information.
2024-11-09 21:06:57,851 - INFO - Found 19 documents.
2024-11-09 21:06:57,879 - INFO - HTTP Request: POST http://127.0.0.1:11434/api/embeddings "HTTP/1.1 200 OK"
2024-11-09 21:06:57,894 - INFO - HTTP Request: POST http://127.0.0.1:11434/api/embeddings "HTTP/1.1 200 OK"
2024-11-09 21:06:57,911 - INFO - HTTP Request: POST http://127.0.0.1:11434/api/embeddings "HTTP/1.1 200 OK"
2024-11-09 21:06:57,928 - INFO - HTTP Request: POST http://127.0.0.1:11434/api/embeddings "HTTP/1.1 200 OK"
2024-11-09 21:06:57,942 - INFO - HTTP Request: POST http://127.0.0.1:11434/api/embeddings "HTTP/1.1 200 OK"
2024-11-09 21:06:57,953 - INFO - HTTP Request: POST http://127.0.0.1:11434/api/embeddings "HTTP/1.1 200 OK"
2024-11-09 21:06:57,966 - INFO - HTTP Request: POST http://127.0.0.1:11434/api/embeddings "HTTP/1.1 200 OK"
2024-11-09 21:06:57,979 - INFO - HTTP Request: POST http://127.0.0.1:11434/api/embeddings "HTTP/1.1 200 OK"
2024-11-09 21:06:57,998 - INFO - HTTP Request: POST http://127.0.0.1:11434/api/embeddings "HTTP/1.1 200 OK"
2024-11-09 21:06:58,013 - INFO - HTTP Request: POST http://127.0.0.1:11434/api/embeddings "HTTP/1.1 200 OK"
2024-11-09 21:06:58,027 - WARNING - Add of existing embedding ID: 0
2024-11-09 21:06:58,027 - WARNING - Add of existing embedding ID: 1
2024-11-09 21:06:58,027 - WARNING - Add of existing embedding ID: 2
2024-11-09 21:06:58,028 - WARNING - Add of existing embedding ID: 3
2024-11-09 21:06:58,028 - WARNING - Add of existing embedding ID: 4
2024-11-09 21:06:58,028 - WARNING - Add of existing embedding ID: 5
2024-11-09 21:06:58,028 - WARNING - Add of existing embedding ID: 6
2024-11-09 21:06:58,028 - WARNING - Add of existing embedding ID: 7
2024-11-09 21:06:58,028 - WARNING - Add of existing embedding ID: 8
2024-11-09 21:06:58,028 - WARNING - Add of existing embedding ID: 9
2024-11-09 21:06:58,028 - WARNING - Add of existing embedding ID: 10
2024-11-09 21:06:58,028 - WARNING - Add of existing embedding ID: 11
2024-11-09 21:06:58,028 - WARNING - Add of existing embedding ID: 12
2024-11-09 21:06:58,028 - WARNING - Add of existing embedding ID: 13
2024-11-09 21:06:58,028 - WARNING - Add of existing embedding ID: 14
2024-11-09 21:06:58,028 - WARNING - Add of existing embedding ID: 15
2024-11-09 21:06:58,028 - WARNING - Add of existing embedding ID: 16
2024-11-09 21:06:58,028 - WARNING - Add of existing embedding ID: 17
2024-11-09 21:06:58,028 - WARNING - Add of existing embedding ID: 18
2024-11-09 21:06:58,028 - WARNING - Add of existing embedding ID: 0
2024-11-09 21:06:58,028 - WARNING - Add of existing embedding ID: 1
2024-11-09 21:06:58,028 - WARNING - Add of existing embedding ID: 2
2024-11-09 21:06:58,028 - WARNING - Add of existing embedding ID: 3
2024-11-09 21:06:58,028 - WARNING - Add of existing embedding ID: 4
2024-11-09 21:06:58,028 - WARNING - Add of existing embedding ID: 5
2024-11-09 21:06:58,028 - WARNING - Add of existing embedding ID: 6
2024-11-09 21:06:58,028 - WARNING - Add of existing embedding ID: 7
2024-11-09 21:06:58,028 - WARNING - Add of existing embedding ID: 8
2024-11-09 21:06:58,028 - WARNING - Add of existing embedding ID: 9
2024-11-09 21:06:58,028 - WARNING - Add of existing embedding ID: 10
2024-11-09 21:06:58,028 - WARNING - Add of existing embedding ID: 11
2024-11-09 21:06:58,029 - WARNING - Add of existing embedding ID: 12
2024-11-09 21:06:58,029 - WARNING - Add of existing embedding ID: 13
2024-11-09 21:06:58,029 - WARNING - Add of existing embedding ID: 14
2024-11-09 21:06:58,029 - WARNING - Add of existing embedding ID: 15
2024-11-09 21:06:58,029 - WARNING - Add of existing embedding ID: 16
2024-11-09 21:06:58,029 - WARNING - Add of existing embedding ID: 17
2024-11-09 21:06:58,029 - WARNING - Add of existing embedding ID: 18
2024-11-09 21:06:58,029 - WARNING - Add of existing embedding ID: 0
2024-11-09 21:06:58,029 - WARNING - Add of existing embedding ID: 1
2024-11-09 21:06:58,029 - WARNING - Add of existing embedding ID: 2
2024-11-09 21:06:58,029 - WARNING - Add of existing embedding ID: 3
2024-11-09 21:06:58,029 - WARNING - Add of existing embedding ID: 4
2024-11-09 21:06:58,029 - WARNING - Add of existing embedding ID: 5
2024-11-09 21:06:58,029 - WARNING - Add of existing embedding ID: 6
2024-11-09 21:06:58,029 - WARNING - Add of existing embedding ID: 7
2024-11-09 21:06:58,029 - WARNING - Add of existing embedding ID: 8
2024-11-09 21:06:58,029 - WARNING - Add of existing embedding ID: 9
2024-11-09 21:06:58,029 - WARNING - Add of existing embedding ID: 10
2024-11-09 21:06:58,029 - WARNING - Add of existing embedding ID: 11
2024-11-09 21:06:58,029 - WARNING - Add of existing embedding ID: 12
2024-11-09 21:06:58,029 - WARNING - Add of existing embedding ID: 13
2024-11-09 21:06:58,029 - WARNING - Add of existing embedding ID: 14
2024-11-09 21:06:58,029 - WARNING - Add of existing embedding ID: 15
2024-11-09 21:06:58,030 - WARNING - Add of existing embedding ID: 16
2024-11-09 21:06:58,030 - WARNING - Add of existing embedding ID: 17
2024-11-09 21:06:58,030 - WARNING - Add of existing embedding ID: 18
2024-11-09 21:06:58,031 - WARNING - Add of existing embedding ID: 0
2024-11-09 21:06:58,031 - WARNING - Add of existing embedding ID: 1
2024-11-09 21:06:58,031 - WARNING - Add of existing embedding ID: 2
2024-11-09 21:06:58,031 - WARNING - Add of existing embedding ID: 3
2024-11-09 21:06:58,031 - WARNING - Add of existing embedding ID: 4
2024-11-09 21:06:58,031 - WARNING - Add of existing embedding ID: 5
2024-11-09 21:06:58,031 - WARNING - Add of existing embedding ID: 6
2024-11-09 21:06:58,031 - WARNING - Add of existing embedding ID: 7
2024-11-09 21:06:58,031 - WARNING - Add of existing embedding ID: 8
2024-11-09 21:06:58,031 - WARNING - Add of existing embedding ID: 9
2024-11-09 21:06:58,031 - WARNING - Insert of existing embedding ID: 0
2024-11-09 21:06:58,031 - WARNING - Insert of existing embedding ID: 1
2024-11-09 21:06:58,031 - WARNING - Insert of existing embedding ID: 2
2024-11-09 21:06:58,031 - WARNING - Insert of existing embedding ID: 3
2024-11-09 21:06:58,032 - WARNING - Insert of existing embedding ID: 4
2024-11-09 21:06:58,032 - WARNING - Insert of existing embedding ID: 5
2024-11-09 21:06:58,032 - WARNING - Insert of existing embedding ID: 6
2024-11-09 21:06:58,032 - WARNING - Insert of existing embedding ID: 7
2024-11-09 21:06:58,032 - WARNING - Insert of existing embedding ID: 8
2024-11-09 21:06:58,032 - WARNING - Insert of existing embedding ID: 9
2024-11-09 21:06:58,034 - INFO - Batch 0 added to the collection.
2024-11-09 21:06:58,051 - INFO - HTTP Request: POST http://127.0.0.1:11434/api/embeddings "HTTP/1.1 200 OK"
2024-11-09 21:06:58,065 - INFO - HTTP Request: POST http://127.0.0.1:11434/api/embeddings "HTTP/1.1 200 OK"
2024-11-09 21:06:58,076 - INFO - HTTP Request: POST http://127.0.0.1:11434/api/embeddings "HTTP/1.1 200 OK"
2024-11-09 21:06:58,091 - INFO - HTTP Request: POST http://127.0.0.1:11434/api/embeddings "HTTP/1.1 200 OK"
2024-11-09 21:06:58,107 - INFO - HTTP Request: POST http://127.0.0.1:11434/api/embeddings "HTTP/1.1 200 OK"
2024-11-09 21:06:58,122 - INFO - HTTP Request: POST http://127.0.0.1:11434/api/embeddings "HTTP/1.1 200 OK"
2024-11-09 21:06:58,134 - INFO - HTTP Request: POST http://127.0.0.1:11434/api/embeddings "HTTP/1.1 200 OK"
2024-11-09 21:06:58,146 - INFO - HTTP Request: POST http://127.0.0.1:11434/api/embeddings "HTTP/1.1 200 OK"
2024-11-09 21:06:58,161 - INFO - HTTP Request: POST http://127.0.0.1:11434/api/embeddings "HTTP/1.1 200 OK"
2024-11-09 21:06:58,162 - WARNING - Add of existing embedding ID: 10
2024-11-09 21:06:58,162 - WARNING - Add of existing embedding ID: 11
2024-11-09 21:06:58,162 - WARNING - Add of existing embedding ID: 12
2024-11-09 21:06:58,162 - WARNING - Add of existing embedding ID: 13
2024-11-09 21:06:58,162 - WARNING - Add of existing embedding ID: 14
2024-11-09 21:06:58,162 - WARNING - Add of existing embedding ID: 15
2024-11-09 21:06:58,163 - WARNING - Add of existing embedding ID: 16
2024-11-09 21:06:58,163 - WARNING - Add of existing embedding ID: 17
2024-11-09 21:06:58,163 - WARNING - Add of existing embedding ID: 18
2024-11-09 21:06:58,163 - WARNING - Insert of existing embedding ID: 10
2024-11-09 21:06:58,163 - WARNING - Insert of existing embedding ID: 11
2024-11-09 21:06:58,163 - WARNING - Insert of existing embedding ID: 12
2024-11-09 21:06:58,163 - WARNING - Insert of existing embedding ID: 13
2024-11-09 21:06:58,163 - WARNING - Insert of existing embedding ID: 14
2024-11-09 21:06:58,163 - WARNING - Insert of existing embedding ID: 15
2024-11-09 21:06:58,163 - WARNING - Insert of existing embedding ID: 16
2024-11-09 21:06:58,164 - WARNING - Insert of existing embedding ID: 17
2024-11-09 21:06:58,164 - WARNING - Insert of existing embedding ID: 18
2024-11-09 21:06:58,166 - INFO - Batch 1 added to the collection.
2024-11-09 21:06:58,166 - INFO - Documents embedded in 2.3504347801208496 seconds.

2024-11-09 21:09:26,692 - INFO - Anonymized telemetry enabled. See https://docs.trychroma.com/telemetry for more information.
2024-11-09 21:09:28,717 - INFO - Found 19 documents.
2024-11-09 21:09:28,742 - INFO - HTTP Request: POST http://127.0.0.1:11434/api/embeddings "HTTP/1.1 200 OK"
2024-11-09 21:09:28,757 - INFO - HTTP Request: POST http://127.0.0.1:11434/api/embeddings "HTTP/1.1 200 OK"
2024-11-09 21:09:28,774 - INFO - HTTP Request: POST http://127.0.0.1:11434/api/embeddings "HTTP/1.1 200 OK"
2024-11-09 21:09:28,790 - INFO - HTTP Request: POST http://127.0.0.1:11434/api/embeddings "HTTP/1.1 200 OK"
2024-11-09 21:09:28,803 - INFO - HTTP Request: POST http://127.0.0.1:11434/api/embeddings "HTTP/1.1 200 OK"
2024-11-09 21:09:28,815 - INFO - HTTP Request: POST http://127.0.0.1:11434/api/embeddings "HTTP/1.1 200 OK"
2024-11-09 21:09:28,827 - INFO - HTTP Request: POST http://127.0.0.1:11434/api/embeddings "HTTP/1.1 200 OK"
2024-11-09 21:09:28,841 - INFO - HTTP Request: POST http://127.0.0.1:11434/api/embeddings "HTTP/1.1 200 OK"
2024-11-09 21:09:28,857 - INFO - HTTP Request: POST http://127.0.0.1:11434/api/embeddings "HTTP/1.1 200 OK"
2024-11-09 21:09:28,870 - INFO - HTTP Request: POST http://127.0.0.1:11434/api/embeddings "HTTP/1.1 200 OK"
2024-11-09 21:09:28,884 - WARNING - Add of existing embedding ID: 0
2024-11-09 21:09:28,884 - WARNING - Add of existing embedding ID: 1
2024-11-09 21:09:28,884 - WARNING - Add of existing embedding ID: 2
2024-11-09 21:09:28,884 - WARNING - Add of existing embedding ID: 3
2024-11-09 21:09:28,884 - WARNING - Add of existing embedding ID: 4
2024-11-09 21:09:28,884 - WARNING - Add of existing embedding ID: 5
2024-11-09 21:09:28,884 - WARNING - Add of existing embedding ID: 6
2024-11-09 21:09:28,884 - WARNING - Add of existing embedding ID: 7
2024-11-09 21:09:28,884 - WARNING - Add of existing embedding ID: 8
2024-11-09 21:09:28,884 - WARNING - Add of existing embedding ID: 9
2024-11-09 21:09:28,884 - WARNING - Add of existing embedding ID: 10
2024-11-09 21:09:28,884 - WARNING - Add of existing embedding ID: 11
2024-11-09 21:09:28,885 - WARNING - Add of existing embedding ID: 12
2024-11-09 21:09:28,885 - WARNING - Add of existing embedding ID: 13
2024-11-09 21:09:28,885 - WARNING - Add of existing embedding ID: 14
2024-11-09 21:09:28,885 - WARNING - Add of existing embedding ID: 15
2024-11-09 21:09:28,885 - WARNING - Add of existing embedding ID: 16
2024-11-09 21:09:28,885 - WARNING - Add of existing embedding ID: 17
2024-11-09 21:09:28,885 - WARNING - Add of existing embedding ID: 18
2024-11-09 21:09:28,885 - WARNING - Add of existing embedding ID: 0
2024-11-09 21:09:28,885 - WARNING - Add of existing embedding ID: 1
2024-11-09 21:09:28,885 - WARNING - Add of existing embedding ID: 2
2024-11-09 21:09:28,885 - WARNING - Add of existing embedding ID: 3
2024-11-09 21:09:28,885 - WARNING - Add of existing embedding ID: 4
2024-11-09 21:09:28,885 - WARNING - Add of existing embedding ID: 5
2024-11-09 21:09:28,885 - WARNING - Add of existing embedding ID: 6
2024-11-09 21:09:28,885 - WARNING - Add of existing embedding ID: 7
2024-11-09 21:09:28,885 - WARNING - Add of existing embedding ID: 8
2024-11-09 21:09:28,885 - WARNING - Add of existing embedding ID: 9
2024-11-09 21:09:28,885 - WARNING - Add of existing embedding ID: 10
2024-11-09 21:09:28,885 - WARNING - Add of existing embedding ID: 11
2024-11-09 21:09:28,885 - WARNING - Add of existing embedding ID: 12
2024-11-09 21:09:28,885 - WARNING - Add of existing embedding ID: 13
2024-11-09 21:09:28,885 - WARNING - Add of existing embedding ID: 14
2024-11-09 21:09:28,885 - WARNING - Add of existing embedding ID: 15
2024-11-09 21:09:28,885 - WARNING - Add of existing embedding ID: 16
2024-11-09 21:09:28,885 - WARNING - Add of existing embedding ID: 17
2024-11-09 21:09:28,885 - WARNING - Add of existing embedding ID: 18
2024-11-09 21:09:28,885 - WARNING - Add of existing embedding ID: 0
2024-11-09 21:09:28,885 - WARNING - Add of existing embedding ID: 1
2024-11-09 21:09:28,885 - WARNING - Add of existing embedding ID: 2
2024-11-09 21:09:28,885 - WARNING - Add of existing embedding ID: 3
2024-11-09 21:09:28,885 - WARNING - Add of existing embedding ID: 4
2024-11-09 21:09:28,885 - WARNING - Add of existing embedding ID: 5
2024-11-09 21:09:28,886 - WARNING - Add of existing embedding ID: 6
2024-11-09 21:09:28,886 - WARNING - Add of existing embedding ID: 7
2024-11-09 21:09:28,886 - WARNING - Add of existing embedding ID: 8
2024-11-09 21:09:28,886 - WARNING - Add of existing embedding ID: 9
2024-11-09 21:09:28,886 - WARNING - Add of existing embedding ID: 10
2024-11-09 21:09:28,886 - WARNING - Add of existing embedding ID: 11
2024-11-09 21:09:28,886 - WARNING - Add of existing embedding ID: 12
2024-11-09 21:09:28,886 - WARNING - Add of existing embedding ID: 13
2024-11-09 21:09:28,886 - WARNING - Add of existing embedding ID: 14
2024-11-09 21:09:28,886 - WARNING - Add of existing embedding ID: 15
2024-11-09 21:09:28,886 - WARNING - Add of existing embedding ID: 16
2024-11-09 21:09:28,886 - WARNING - Add of existing embedding ID: 17
2024-11-09 21:09:28,886 - WARNING - Add of existing embedding ID: 18
2024-11-09 21:09:28,886 - WARNING - Add of existing embedding ID: 0
2024-11-09 21:09:28,886 - WARNING - Add of existing embedding ID: 1
2024-11-09 21:09:28,886 - WARNING - Add of existing embedding ID: 2
2024-11-09 21:09:28,886 - WARNING - Add of existing embedding ID: 3
2024-11-09 21:09:28,886 - WARNING - Add of existing embedding ID: 4
2024-11-09 21:09:28,886 - WARNING - Add of existing embedding ID: 5
2024-11-09 21:09:28,886 - WARNING - Add of existing embedding ID: 6
2024-11-09 21:09:28,886 - WARNING - Add of existing embedding ID: 7
2024-11-09 21:09:28,886 - WARNING - Add of existing embedding ID: 8
2024-11-09 21:09:28,886 - WARNING - Add of existing embedding ID: 9
2024-11-09 21:09:28,886 - WARNING - Add of existing embedding ID: 10
2024-11-09 21:09:28,886 - WARNING - Add of existing embedding ID: 11
2024-11-09 21:09:28,886 - WARNING - Add of existing embedding ID: 12
2024-11-09 21:09:28,886 - WARNING - Add of existing embedding ID: 13
2024-11-09 21:09:28,886 - WARNING - Add of existing embedding ID: 14
2024-11-09 21:09:28,886 - WARNING - Add of existing embedding ID: 15
2024-11-09 21:09:28,886 - WARNING - Add of existing embedding ID: 16
2024-11-09 21:09:28,886 - WARNING - Add of existing embedding ID: 17
2024-11-09 21:09:28,886 - WARNING - Add of existing embedding ID: 18
2024-11-09 21:09:28,887 - WARNING - Add of existing embedding ID: 0
2024-11-09 21:09:28,887 - WARNING - Add of existing embedding ID: 1
2024-11-09 21:09:28,887 - WARNING - Add of existing embedding ID: 2
2024-11-09 21:09:28,887 - WARNING - Add of existing embedding ID: 3
2024-11-09 21:09:28,887 - WARNING - Add of existing embedding ID: 4
2024-11-09 21:09:28,887 - WARNING - Add of existing embedding ID: 5
2024-11-09 21:09:28,887 - WARNING - Add of existing embedding ID: 6
2024-11-09 21:09:28,888 - WARNING - Add of existing embedding ID: 7
2024-11-09 21:09:28,888 - WARNING - Add of existing embedding ID: 8
2024-11-09 21:09:28,888 - WARNING - Add of existing embedding ID: 9
2024-11-09 21:09:28,888 - WARNING - Insert of existing embedding ID: 0
2024-11-09 21:09:28,888 - WARNING - Insert of existing embedding ID: 1
2024-11-09 21:09:28,888 - WARNING - Insert of existing embedding ID: 2
2024-11-09 21:09:28,888 - WARNING - Insert of existing embedding ID: 3
2024-11-09 21:09:28,888 - WARNING - Insert of existing embedding ID: 4
2024-11-09 21:09:28,888 - WARNING - Insert of existing embedding ID: 5
2024-11-09 21:09:28,888 - WARNING - Insert of existing embedding ID: 6
2024-11-09 21:09:28,889 - WARNING - Insert of existing embedding ID: 7
2024-11-09 21:09:28,889 - WARNING - Insert of existing embedding ID: 8
2024-11-09 21:09:28,889 - WARNING - Insert of existing embedding ID: 9
2024-11-09 21:09:28,891 - INFO - Batch 0 added to the collection.
2024-11-09 21:09:28,908 - INFO - HTTP Request: POST http://127.0.0.1:11434/api/embeddings "HTTP/1.1 200 OK"
2024-11-09 21:09:28,921 - INFO - HTTP Request: POST http://127.0.0.1:11434/api/embeddings "HTTP/1.1 200 OK"
2024-11-09 21:09:28,933 - INFO - HTTP Request: POST http://127.0.0.1:11434/api/embeddings "HTTP/1.1 200 OK"
2024-11-09 21:09:28,948 - INFO - HTTP Request: POST http://127.0.0.1:11434/api/embeddings "HTTP/1.1 200 OK"
2024-11-09 21:09:28,963 - INFO - HTTP Request: POST http://127.0.0.1:11434/api/embeddings "HTTP/1.1 200 OK"
2024-11-09 21:09:28,979 - INFO - HTTP Request: POST http://127.0.0.1:11434/api/embeddings "HTTP/1.1 200 OK"
2024-11-09 21:09:28,991 - INFO - HTTP Request: POST http://127.0.0.1:11434/api/embeddings "HTTP/1.1 200 OK"
2024-11-09 21:09:29,003 - INFO - HTTP Request: POST http://127.0.0.1:11434/api/embeddings "HTTP/1.1 200 OK"
2024-11-09 21:09:29,017 - INFO - HTTP Request: POST http://127.0.0.1:11434/api/embeddings "HTTP/1.1 200 OK"
2024-11-09 21:09:29,020 - WARNING - Add of existing embedding ID: 10
2024-11-09 21:09:29,020 - WARNING - Add of existing embedding ID: 11
2024-11-09 21:09:29,020 - WARNING - Add of existing embedding ID: 12
2024-11-09 21:09:29,020 - WARNING - Add of existing embedding ID: 13
2024-11-09 21:09:29,020 - WARNING - Add of existing embedding ID: 14
2024-11-09 21:09:29,020 - WARNING - Add of existing embedding ID: 15
2024-11-09 21:09:29,020 - WARNING - Add of existing embedding ID: 16
2024-11-09 21:09:29,020 - WARNING - Add of existing embedding ID: 17
2024-11-09 21:09:29,020 - WARNING - Add of existing embedding ID: 18
2024-11-09 21:09:29,020 - WARNING - Insert of existing embedding ID: 10
2024-11-09 21:09:29,020 - WARNING - Insert of existing embedding ID: 11
2024-11-09 21:09:29,020 - WARNING - Insert of existing embedding ID: 12
2024-11-09 21:09:29,020 - WARNING - Insert of existing embedding ID: 13
2024-11-09 21:09:29,021 - WARNING - Insert of existing embedding ID: 14
2024-11-09 21:09:29,021 - WARNING - Insert of existing embedding ID: 15
2024-11-09 21:09:29,021 - WARNING - Insert of existing embedding ID: 16
2024-11-09 21:09:29,021 - WARNING - Insert of existing embedding ID: 17
2024-11-09 21:09:29,021 - WARNING - Insert of existing embedding ID: 18
2024-11-09 21:09:29,023 - INFO - Batch 1 added to the collection.
2024-11-09 21:09:29,023 - INFO - Documents embedded in 2.3308279514312744 seconds.

2024-11-09 21:10:09,085 - INFO - Anonymized telemetry enabled. See https://docs.trychroma.com/telemetry for more information.
2024-11-09 21:10:11,136 - INFO - Found 19 documents.
2024-11-09 21:10:11,160 - INFO - HTTP Request: POST http://127.0.0.1:11434/api/embeddings "HTTP/1.1 200 OK"
2024-11-09 21:10:11,175 - INFO - HTTP Request: POST http://127.0.0.1:11434/api/embeddings "HTTP/1.1 200 OK"
2024-11-09 21:10:11,192 - INFO - HTTP Request: POST http://127.0.0.1:11434/api/embeddings "HTTP/1.1 200 OK"
2024-11-09 21:10:11,208 - INFO - HTTP Request: POST http://127.0.0.1:11434/api/embeddings "HTTP/1.1 200 OK"
2024-11-09 21:10:11,221 - INFO - HTTP Request: POST http://127.0.0.1:11434/api/embeddings "HTTP/1.1 200 OK"
2024-11-09 21:10:11,232 - INFO - HTTP Request: POST http://127.0.0.1:11434/api/embeddings "HTTP/1.1 200 OK"
2024-11-09 21:10:11,245 - INFO - HTTP Request: POST http://127.0.0.1:11434/api/embeddings "HTTP/1.1 200 OK"
2024-11-09 21:10:11,258 - INFO - HTTP Request: POST http://127.0.0.1:11434/api/embeddings "HTTP/1.1 200 OK"
2024-11-09 21:10:11,273 - INFO - HTTP Request: POST http://127.0.0.1:11434/api/embeddings "HTTP/1.1 200 OK"
2024-11-09 21:10:11,287 - INFO - HTTP Request: POST http://127.0.0.1:11434/api/embeddings "HTTP/1.1 200 OK"
2024-11-09 21:10:11,302 - WARNING - Add of existing embedding ID: 0
2024-11-09 21:10:11,302 - WARNING - Add of existing embedding ID: 1
2024-11-09 21:10:11,303 - WARNING - Add of existing embedding ID: 2
2024-11-09 21:10:11,303 - WARNING - Add of existing embedding ID: 3
2024-11-09 21:10:11,303 - WARNING - Add of existing embedding ID: 4
2024-11-09 21:10:11,303 - WARNING - Add of existing embedding ID: 5
2024-11-09 21:10:11,303 - WARNING - Add of existing embedding ID: 6
2024-11-09 21:10:11,303 - WARNING - Add of existing embedding ID: 7
2024-11-09 21:10:11,303 - WARNING - Add of existing embedding ID: 8
2024-11-09 21:10:11,303 - WARNING - Add of existing embedding ID: 9
2024-11-09 21:10:11,303 - WARNING - Add of existing embedding ID: 10
2024-11-09 21:10:11,303 - WARNING - Add of existing embedding ID: 11
2024-11-09 21:10:11,303 - WARNING - Add of existing embedding ID: 12
2024-11-09 21:10:11,303 - WARNING - Add of existing embedding ID: 13
2024-11-09 21:10:11,303 - WARNING - Add of existing embedding ID: 14
2024-11-09 21:10:11,303 - WARNING - Add of existing embedding ID: 15
2024-11-09 21:10:11,303 - WARNING - Add of existing embedding ID: 16
2024-11-09 21:10:11,303 - WARNING - Add of existing embedding ID: 17
2024-11-09 21:10:11,303 - WARNING - Add of existing embedding ID: 18
2024-11-09 21:10:11,303 - WARNING - Add of existing embedding ID: 0
2024-11-09 21:10:11,303 - WARNING - Add of existing embedding ID: 1
2024-11-09 21:10:11,303 - WARNING - Add of existing embedding ID: 2
2024-11-09 21:10:11,303 - WARNING - Add of existing embedding ID: 3
2024-11-09 21:10:11,303 - WARNING - Add of existing embedding ID: 4
2024-11-09 21:10:11,303 - WARNING - Add of existing embedding ID: 5
2024-11-09 21:10:11,303 - WARNING - Add of existing embedding ID: 6
2024-11-09 21:10:11,303 - WARNING - Add of existing embedding ID: 7
2024-11-09 21:10:11,303 - WARNING - Add of existing embedding ID: 8
2024-11-09 21:10:11,303 - WARNING - Add of existing embedding ID: 9
2024-11-09 21:10:11,303 - WARNING - Add of existing embedding ID: 10
2024-11-09 21:10:11,304 - WARNING - Add of existing embedding ID: 11
2024-11-09 21:10:11,304 - WARNING - Add of existing embedding ID: 12
2024-11-09 21:10:11,304 - WARNING - Add of existing embedding ID: 13
2024-11-09 21:10:11,304 - WARNING - Add of existing embedding ID: 14
2024-11-09 21:10:11,304 - WARNING - Add of existing embedding ID: 15
2024-11-09 21:10:11,304 - WARNING - Add of existing embedding ID: 16
2024-11-09 21:10:11,304 - WARNING - Add of existing embedding ID: 17
2024-11-09 21:10:11,304 - WARNING - Add of existing embedding ID: 18
2024-11-09 21:10:11,304 - WARNING - Add of existing embedding ID: 0
2024-11-09 21:10:11,304 - WARNING - Add of existing embedding ID: 1
2024-11-09 21:10:11,304 - WARNING - Add of existing embedding ID: 2
2024-11-09 21:10:11,304 - WARNING - Add of existing embedding ID: 3
2024-11-09 21:10:11,304 - WARNING - Add of existing embedding ID: 4
2024-11-09 21:10:11,304 - WARNING - Add of existing embedding ID: 5
2024-11-09 21:10:11,304 - WARNING - Add of existing embedding ID: 6
2024-11-09 21:10:11,304 - WARNING - Add of existing embedding ID: 7
2024-11-09 21:10:11,304 - WARNING - Add of existing embedding ID: 8
2024-11-09 21:10:11,304 - WARNING - Add of existing embedding ID: 9
2024-11-09 21:10:11,304 - WARNING - Add of existing embedding ID: 10
2024-11-09 21:10:11,304 - WARNING - Add of existing embedding ID: 11
2024-11-09 21:10:11,304 - WARNING - Add of existing embedding ID: 12
2024-11-09 21:10:11,304 - WARNING - Add of existing embedding ID: 13
2024-11-09 21:10:11,304 - WARNING - Add of existing embedding ID: 14
2024-11-09 21:10:11,304 - WARNING - Add of existing embedding ID: 15
2024-11-09 21:10:11,304 - WARNING - Add of existing embedding ID: 16
2024-11-09 21:10:11,304 - WARNING - Add of existing embedding ID: 17
2024-11-09 21:10:11,304 - WARNING - Add of existing embedding ID: 18
2024-11-09 21:10:11,304 - WARNING - Add of existing embedding ID: 0
2024-11-09 21:10:11,304 - WARNING - Add of existing embedding ID: 1
2024-11-09 21:10:11,304 - WARNING - Add of existing embedding ID: 2
2024-11-09 21:10:11,304 - WARNING - Add of existing embedding ID: 3
2024-11-09 21:10:11,304 - WARNING - Add of existing embedding ID: 4
2024-11-09 21:10:11,304 - WARNING - Add of existing embedding ID: 5
2024-11-09 21:10:11,305 - WARNING - Add of existing embedding ID: 6
2024-11-09 21:10:11,305 - WARNING - Add of existing embedding ID: 7
2024-11-09 21:10:11,305 - WARNING - Add of existing embedding ID: 8
2024-11-09 21:10:11,305 - WARNING - Add of existing embedding ID: 9
2024-11-09 21:10:11,305 - WARNING - Add of existing embedding ID: 10
2024-11-09 21:10:11,305 - WARNING - Add of existing embedding ID: 11
2024-11-09 21:10:11,305 - WARNING - Add of existing embedding ID: 12
2024-11-09 21:10:11,305 - WARNING - Add of existing embedding ID: 13
2024-11-09 21:10:11,305 - WARNING - Add of existing embedding ID: 14
2024-11-09 21:10:11,305 - WARNING - Add of existing embedding ID: 15
2024-11-09 21:10:11,305 - WARNING - Add of existing embedding ID: 16
2024-11-09 21:10:11,305 - WARNING - Add of existing embedding ID: 17
2024-11-09 21:10:11,305 - WARNING - Add of existing embedding ID: 18
2024-11-09 21:10:11,305 - WARNING - Add of existing embedding ID: 0
2024-11-09 21:10:11,305 - WARNING - Add of existing embedding ID: 1
2024-11-09 21:10:11,305 - WARNING - Add of existing embedding ID: 2
2024-11-09 21:10:11,305 - WARNING - Add of existing embedding ID: 3
2024-11-09 21:10:11,305 - WARNING - Add of existing embedding ID: 4
2024-11-09 21:10:11,305 - WARNING - Add of existing embedding ID: 5
2024-11-09 21:10:11,305 - WARNING - Add of existing embedding ID: 6
2024-11-09 21:10:11,305 - WARNING - Add of existing embedding ID: 7
2024-11-09 21:10:11,305 - WARNING - Add of existing embedding ID: 8
2024-11-09 21:10:11,305 - WARNING - Add of existing embedding ID: 9
2024-11-09 21:10:11,305 - WARNING - Add of existing embedding ID: 10
2024-11-09 21:10:11,305 - WARNING - Add of existing embedding ID: 11
2024-11-09 21:10:11,305 - WARNING - Add of existing embedding ID: 12
2024-11-09 21:10:11,305 - WARNING - Add of existing embedding ID: 13
2024-11-09 21:10:11,305 - WARNING - Add of existing embedding ID: 14
2024-11-09 21:10:11,305 - WARNING - Add of existing embedding ID: 15
2024-11-09 21:10:11,305 - WARNING - Add of existing embedding ID: 16
2024-11-09 21:10:11,305 - WARNING - Add of existing embedding ID: 17
2024-11-09 21:10:11,305 - WARNING - Add of existing embedding ID: 18
2024-11-09 21:10:11,306 - WARNING - Add of existing embedding ID: 0
2024-11-09 21:10:11,306 - WARNING - Add of existing embedding ID: 1
2024-11-09 21:10:11,306 - WARNING - Add of existing embedding ID: 2
2024-11-09 21:10:11,306 - WARNING - Add of existing embedding ID: 3
2024-11-09 21:10:11,306 - WARNING - Add of existing embedding ID: 4
2024-11-09 21:10:11,306 - WARNING - Add of existing embedding ID: 5
2024-11-09 21:10:11,306 - WARNING - Add of existing embedding ID: 6
2024-11-09 21:10:11,307 - WARNING - Add of existing embedding ID: 7
2024-11-09 21:10:11,307 - WARNING - Add of existing embedding ID: 8
2024-11-09 21:10:11,307 - WARNING - Add of existing embedding ID: 9
2024-11-09 21:10:11,307 - WARNING - Insert of existing embedding ID: 0
2024-11-09 21:10:11,307 - WARNING - Insert of existing embedding ID: 1
2024-11-09 21:10:11,307 - WARNING - Insert of existing embedding ID: 2
2024-11-09 21:10:11,307 - WARNING - Insert of existing embedding ID: 3
2024-11-09 21:10:11,307 - WARNING - Insert of existing embedding ID: 4
2024-11-09 21:10:11,307 - WARNING - Insert of existing embedding ID: 5
2024-11-09 21:10:11,308 - WARNING - Insert of existing embedding ID: 6
2024-11-09 21:10:11,308 - WARNING - Insert of existing embedding ID: 7
2024-11-09 21:10:11,308 - WARNING - Insert of existing embedding ID: 8
2024-11-09 21:10:11,308 - WARNING - Insert of existing embedding ID: 9
2024-11-09 21:10:11,310 - INFO - Batch 0 added to the collection.
2024-11-09 21:10:11,326 - INFO - HTTP Request: POST http://127.0.0.1:11434/api/embeddings "HTTP/1.1 200 OK"
2024-11-09 21:10:11,340 - INFO - HTTP Request: POST http://127.0.0.1:11434/api/embeddings "HTTP/1.1 200 OK"
2024-11-09 21:10:11,351 - INFO - HTTP Request: POST http://127.0.0.1:11434/api/embeddings "HTTP/1.1 200 OK"
2024-11-09 21:10:11,366 - INFO - HTTP Request: POST http://127.0.0.1:11434/api/embeddings "HTTP/1.1 200 OK"
2024-11-09 21:10:11,382 - INFO - HTTP Request: POST http://127.0.0.1:11434/api/embeddings "HTTP/1.1 200 OK"
2024-11-09 21:10:11,397 - INFO - HTTP Request: POST http://127.0.0.1:11434/api/embeddings "HTTP/1.1 200 OK"
2024-11-09 21:10:11,409 - INFO - HTTP Request: POST http://127.0.0.1:11434/api/embeddings "HTTP/1.1 200 OK"
2024-11-09 21:10:11,421 - INFO - HTTP Request: POST http://127.0.0.1:11434/api/embeddings "HTTP/1.1 200 OK"
2024-11-09 21:10:11,436 - INFO - HTTP Request: POST http://127.0.0.1:11434/api/embeddings "HTTP/1.1 200 OK"
2024-11-09 21:10:11,437 - WARNING - Add of existing embedding ID: 10
2024-11-09 21:10:11,437 - WARNING - Add of existing embedding ID: 11
2024-11-09 21:10:11,437 - WARNING - Add of existing embedding ID: 12
2024-11-09 21:10:11,437 - WARNING - Add of existing embedding ID: 13
2024-11-09 21:10:11,437 - WARNING - Add of existing embedding ID: 14
2024-11-09 21:10:11,437 - WARNING - Add of existing embedding ID: 15
2024-11-09 21:10:11,437 - WARNING - Add of existing embedding ID: 16
2024-11-09 21:10:11,437 - WARNING - Add of existing embedding ID: 17
2024-11-09 21:10:11,437 - WARNING - Add of existing embedding ID: 18
2024-11-09 21:10:11,437 - WARNING - Insert of existing embedding ID: 10
2024-11-09 21:10:11,438 - WARNING - Insert of existing embedding ID: 11
2024-11-09 21:10:11,438 - WARNING - Insert of existing embedding ID: 12
2024-11-09 21:10:11,438 - WARNING - Insert of existing embedding ID: 13
2024-11-09 21:10:11,438 - WARNING - Insert of existing embedding ID: 14
2024-11-09 21:10:11,438 - WARNING - Insert of existing embedding ID: 15
2024-11-09 21:10:11,438 - WARNING - Insert of existing embedding ID: 16
2024-11-09 21:10:11,438 - WARNING - Insert of existing embedding ID: 17
2024-11-09 21:10:11,438 - WARNING - Insert of existing embedding ID: 18
2024-11-09 21:10:11,441 - INFO - Batch 1 added to the collection.
2024-11-09 21:10:11,441 - INFO - Documents embedded in 2.356468677520752 seconds.

2024-11-09 21:12:43,341 - INFO - Anonymized telemetry enabled. See https://docs.trychroma.com/telemetry for more information.
2024-11-09 21:12:45,366 - INFO - Found 19 documents.
2024-11-09 21:12:45,394 - INFO - HTTP Request: POST http://127.0.0.1:11434/api/embeddings "HTTP/1.1 200 OK"
2024-11-09 21:12:45,408 - INFO - HTTP Request: POST http://127.0.0.1:11434/api/embeddings "HTTP/1.1 200 OK"
2024-11-09 21:12:45,426 - INFO - HTTP Request: POST http://127.0.0.1:11434/api/embeddings "HTTP/1.1 200 OK"
2024-11-09 21:12:45,442 - INFO - HTTP Request: POST http://127.0.0.1:11434/api/embeddings "HTTP/1.1 200 OK"
2024-11-09 21:12:45,455 - INFO - HTTP Request: POST http://127.0.0.1:11434/api/embeddings "HTTP/1.1 200 OK"
2024-11-09 21:12:45,466 - INFO - HTTP Request: POST http://127.0.0.1:11434/api/embeddings "HTTP/1.1 200 OK"
2024-11-09 21:12:45,479 - INFO - HTTP Request: POST http://127.0.0.1:11434/api/embeddings "HTTP/1.1 200 OK"
2024-11-09 21:12:45,492 - INFO - HTTP Request: POST http://127.0.0.1:11434/api/embeddings "HTTP/1.1 200 OK"
2024-11-09 21:12:45,508 - INFO - HTTP Request: POST http://127.0.0.1:11434/api/embeddings "HTTP/1.1 200 OK"
2024-11-09 21:12:45,521 - INFO - HTTP Request: POST http://127.0.0.1:11434/api/embeddings "HTTP/1.1 200 OK"
2024-11-09 21:12:45,536 - WARNING - Add of existing embedding ID: 0
2024-11-09 21:12:45,536 - WARNING - Add of existing embedding ID: 1
2024-11-09 21:12:45,536 - WARNING - Add of existing embedding ID: 2
2024-11-09 21:12:45,536 - WARNING - Add of existing embedding ID: 3
2024-11-09 21:12:45,536 - WARNING - Add of existing embedding ID: 4
2024-11-09 21:12:45,536 - WARNING - Add of existing embedding ID: 5
2024-11-09 21:12:45,536 - WARNING - Add of existing embedding ID: 6
2024-11-09 21:12:45,536 - WARNING - Add of existing embedding ID: 7
2024-11-09 21:12:45,536 - WARNING - Add of existing embedding ID: 8
2024-11-09 21:12:45,536 - WARNING - Add of existing embedding ID: 9
2024-11-09 21:12:45,536 - WARNING - Add of existing embedding ID: 10
2024-11-09 21:12:45,536 - WARNING - Add of existing embedding ID: 11
2024-11-09 21:12:45,536 - WARNING - Add of existing embedding ID: 12
2024-11-09 21:12:45,536 - WARNING - Add of existing embedding ID: 13
2024-11-09 21:12:45,536 - WARNING - Add of existing embedding ID: 14
2024-11-09 21:12:45,536 - WARNING - Add of existing embedding ID: 15
2024-11-09 21:12:45,537 - WARNING - Add of existing embedding ID: 16
2024-11-09 21:12:45,537 - WARNING - Add of existing embedding ID: 17
2024-11-09 21:12:45,537 - WARNING - Add of existing embedding ID: 18
2024-11-09 21:12:45,537 - WARNING - Add of existing embedding ID: 0
2024-11-09 21:12:45,537 - WARNING - Add of existing embedding ID: 1
2024-11-09 21:12:45,537 - WARNING - Add of existing embedding ID: 2
2024-11-09 21:12:45,537 - WARNING - Add of existing embedding ID: 3
2024-11-09 21:12:45,537 - WARNING - Add of existing embedding ID: 4
2024-11-09 21:12:45,537 - WARNING - Add of existing embedding ID: 5
2024-11-09 21:12:45,537 - WARNING - Add of existing embedding ID: 6
2024-11-09 21:12:45,537 - WARNING - Add of existing embedding ID: 7
2024-11-09 21:12:45,537 - WARNING - Add of existing embedding ID: 8
2024-11-09 21:12:45,537 - WARNING - Add of existing embedding ID: 9
2024-11-09 21:12:45,537 - WARNING - Add of existing embedding ID: 10
2024-11-09 21:12:45,537 - WARNING - Add of existing embedding ID: 11
2024-11-09 21:12:45,537 - WARNING - Add of existing embedding ID: 12
2024-11-09 21:12:45,537 - WARNING - Add of existing embedding ID: 13
2024-11-09 21:12:45,537 - WARNING - Add of existing embedding ID: 14
2024-11-09 21:12:45,537 - WARNING - Add of existing embedding ID: 15
2024-11-09 21:12:45,537 - WARNING - Add of existing embedding ID: 16
2024-11-09 21:12:45,537 - WARNING - Add of existing embedding ID: 17
2024-11-09 21:12:45,537 - WARNING - Add of existing embedding ID: 18
2024-11-09 21:12:45,537 - WARNING - Add of existing embedding ID: 0
2024-11-09 21:12:45,537 - WARNING - Add of existing embedding ID: 1
2024-11-09 21:12:45,537 - WARNING - Add of existing embedding ID: 2
2024-11-09 21:12:45,537 - WARNING - Add of existing embedding ID: 3
2024-11-09 21:12:45,537 - WARNING - Add of existing embedding ID: 4
2024-11-09 21:12:45,537 - WARNING - Add of existing embedding ID: 5
2024-11-09 21:12:45,537 - WARNING - Add of existing embedding ID: 6
2024-11-09 21:12:45,537 - WARNING - Add of existing embedding ID: 7
2024-11-09 21:12:45,537 - WARNING - Add of existing embedding ID: 8
2024-11-09 21:12:45,537 - WARNING - Add of existing embedding ID: 9
2024-11-09 21:12:45,538 - WARNING - Add of existing embedding ID: 10
2024-11-09 21:12:45,538 - WARNING - Add of existing embedding ID: 11
2024-11-09 21:12:45,538 - WARNING - Add of existing embedding ID: 12
2024-11-09 21:12:45,538 - WARNING - Add of existing embedding ID: 13
2024-11-09 21:12:45,538 - WARNING - Add of existing embedding ID: 14
2024-11-09 21:12:45,538 - WARNING - Add of existing embedding ID: 15
2024-11-09 21:12:45,538 - WARNING - Add of existing embedding ID: 16
2024-11-09 21:12:45,538 - WARNING - Add of existing embedding ID: 17
2024-11-09 21:12:45,538 - WARNING - Add of existing embedding ID: 18
2024-11-09 21:12:45,538 - WARNING - Add of existing embedding ID: 0
2024-11-09 21:12:45,538 - WARNING - Add of existing embedding ID: 1
2024-11-09 21:12:45,538 - WARNING - Add of existing embedding ID: 2
2024-11-09 21:12:45,538 - WARNING - Add of existing embedding ID: 3
2024-11-09 21:12:45,538 - WARNING - Add of existing embedding ID: 4
2024-11-09 21:12:45,538 - WARNING - Add of existing embedding ID: 5
2024-11-09 21:12:45,538 - WARNING - Add of existing embedding ID: 6
2024-11-09 21:12:45,538 - WARNING - Add of existing embedding ID: 7
2024-11-09 21:12:45,538 - WARNING - Add of existing embedding ID: 8
2024-11-09 21:12:45,538 - WARNING - Add of existing embedding ID: 9
2024-11-09 21:12:45,538 - WARNING - Add of existing embedding ID: 10
2024-11-09 21:12:45,538 - WARNING - Add of existing embedding ID: 11
2024-11-09 21:12:45,538 - WARNING - Add of existing embedding ID: 12
2024-11-09 21:12:45,538 - WARNING - Add of existing embedding ID: 13
2024-11-09 21:12:45,538 - WARNING - Add of existing embedding ID: 14
2024-11-09 21:12:45,538 - WARNING - Add of existing embedding ID: 15
2024-11-09 21:12:45,538 - WARNING - Add of existing embedding ID: 16
2024-11-09 21:12:45,538 - WARNING - Add of existing embedding ID: 17
2024-11-09 21:12:45,538 - WARNING - Add of existing embedding ID: 18
2024-11-09 21:12:45,538 - WARNING - Add of existing embedding ID: 0
2024-11-09 21:12:45,538 - WARNING - Add of existing embedding ID: 1
2024-11-09 21:12:45,538 - WARNING - Add of existing embedding ID: 2
2024-11-09 21:12:45,538 - WARNING - Add of existing embedding ID: 3
2024-11-09 21:12:45,538 - WARNING - Add of existing embedding ID: 4
2024-11-09 21:12:45,538 - WARNING - Add of existing embedding ID: 5
2024-11-09 21:12:45,538 - WARNING - Add of existing embedding ID: 6
2024-11-09 21:12:45,538 - WARNING - Add of existing embedding ID: 7
2024-11-09 21:12:45,539 - WARNING - Add of existing embedding ID: 8
2024-11-09 21:12:45,539 - WARNING - Add of existing embedding ID: 9
2024-11-09 21:12:45,539 - WARNING - Add of existing embedding ID: 10
2024-11-09 21:12:45,539 - WARNING - Add of existing embedding ID: 11
2024-11-09 21:12:45,539 - WARNING - Add of existing embedding ID: 12
2024-11-09 21:12:45,539 - WARNING - Add of existing embedding ID: 13
2024-11-09 21:12:45,539 - WARNING - Add of existing embedding ID: 14
2024-11-09 21:12:45,539 - WARNING - Add of existing embedding ID: 15
2024-11-09 21:12:45,539 - WARNING - Add of existing embedding ID: 16
2024-11-09 21:12:45,539 - WARNING - Add of existing embedding ID: 17
2024-11-09 21:12:45,539 - WARNING - Add of existing embedding ID: 18
2024-11-09 21:12:45,539 - WARNING - Add of existing embedding ID: 0
2024-11-09 21:12:45,539 - WARNING - Add of existing embedding ID: 1
2024-11-09 21:12:45,539 - WARNING - Add of existing embedding ID: 2
2024-11-09 21:12:45,539 - WARNING - Add of existing embedding ID: 3
2024-11-09 21:12:45,539 - WARNING - Add of existing embedding ID: 4
2024-11-09 21:12:45,539 - WARNING - Add of existing embedding ID: 5
2024-11-09 21:12:45,539 - WARNING - Add of existing embedding ID: 6
2024-11-09 21:12:45,539 - WARNING - Add of existing embedding ID: 7
2024-11-09 21:12:45,539 - WARNING - Add of existing embedding ID: 8
2024-11-09 21:12:45,539 - WARNING - Add of existing embedding ID: 9
2024-11-09 21:12:45,539 - WARNING - Add of existing embedding ID: 10
2024-11-09 21:12:45,539 - WARNING - Add of existing embedding ID: 11
2024-11-09 21:12:45,539 - WARNING - Add of existing embedding ID: 12
2024-11-09 21:12:45,539 - WARNING - Add of existing embedding ID: 13
2024-11-09 21:12:45,539 - WARNING - Add of existing embedding ID: 14
2024-11-09 21:12:45,539 - WARNING - Add of existing embedding ID: 15
2024-11-09 21:12:45,539 - WARNING - Add of existing embedding ID: 16
2024-11-09 21:12:45,539 - WARNING - Add of existing embedding ID: 17
2024-11-09 21:12:45,539 - WARNING - Add of existing embedding ID: 18
2024-11-09 21:12:45,541 - WARNING - Insert of existing embedding ID: 0
2024-11-09 21:12:45,541 - WARNING - Insert of existing embedding ID: 1
2024-11-09 21:12:45,541 - WARNING - Insert of existing embedding ID: 2
2024-11-09 21:12:45,541 - WARNING - Insert of existing embedding ID: 3
2024-11-09 21:12:45,541 - WARNING - Insert of existing embedding ID: 4
2024-11-09 21:12:45,541 - WARNING - Insert of existing embedding ID: 5
2024-11-09 21:12:45,542 - WARNING - Insert of existing embedding ID: 6
2024-11-09 21:12:45,542 - WARNING - Insert of existing embedding ID: 7
2024-11-09 21:12:45,542 - WARNING - Insert of existing embedding ID: 8
2024-11-09 21:12:45,542 - WARNING - Insert of existing embedding ID: 9
2024-11-09 21:12:45,542 - WARNING - Add of existing embedding ID: 0
2024-11-09 21:12:45,542 - WARNING - Add of existing embedding ID: 1
2024-11-09 21:12:45,542 - WARNING - Add of existing embedding ID: 2
2024-11-09 21:12:45,542 - WARNING - Add of existing embedding ID: 3
2024-11-09 21:12:45,542 - WARNING - Add of existing embedding ID: 4
2024-11-09 21:12:45,542 - WARNING - Add of existing embedding ID: 5
2024-11-09 21:12:45,542 - WARNING - Add of existing embedding ID: 6
2024-11-09 21:12:45,542 - WARNING - Add of existing embedding ID: 7
2024-11-09 21:12:45,542 - WARNING - Add of existing embedding ID: 8
2024-11-09 21:12:45,542 - WARNING - Add of existing embedding ID: 9
2024-11-09 21:12:45,544 - INFO - Batch 0 added to the collection.
2024-11-09 21:12:45,560 - INFO - HTTP Request: POST http://127.0.0.1:11434/api/embeddings "HTTP/1.1 200 OK"
2024-11-09 21:12:45,574 - INFO - HTTP Request: POST http://127.0.0.1:11434/api/embeddings "HTTP/1.1 200 OK"
2024-11-09 21:12:45,586 - INFO - HTTP Request: POST http://127.0.0.1:11434/api/embeddings "HTTP/1.1 200 OK"
2024-11-09 21:12:45,601 - INFO - HTTP Request: POST http://127.0.0.1:11434/api/embeddings "HTTP/1.1 200 OK"
2024-11-09 21:12:45,616 - INFO - HTTP Request: POST http://127.0.0.1:11434/api/embeddings "HTTP/1.1 200 OK"
2024-11-09 21:12:45,632 - INFO - HTTP Request: POST http://127.0.0.1:11434/api/embeddings "HTTP/1.1 200 OK"
2024-11-09 21:12:45,644 - INFO - HTTP Request: POST http://127.0.0.1:11434/api/embeddings "HTTP/1.1 200 OK"
2024-11-09 21:12:45,655 - INFO - HTTP Request: POST http://127.0.0.1:11434/api/embeddings "HTTP/1.1 200 OK"
2024-11-09 21:12:45,670 - INFO - HTTP Request: POST http://127.0.0.1:11434/api/embeddings "HTTP/1.1 200 OK"
2024-11-09 21:12:45,673 - WARNING - Insert of existing embedding ID: 10
2024-11-09 21:12:45,673 - WARNING - Insert of existing embedding ID: 11
2024-11-09 21:12:45,673 - WARNING - Insert of existing embedding ID: 12
2024-11-09 21:12:45,673 - WARNING - Insert of existing embedding ID: 13
2024-11-09 21:12:45,673 - WARNING - Insert of existing embedding ID: 14
2024-11-09 21:12:45,674 - WARNING - Insert of existing embedding ID: 15
2024-11-09 21:12:45,674 - WARNING - Insert of existing embedding ID: 16
2024-11-09 21:12:45,674 - WARNING - Insert of existing embedding ID: 17
2024-11-09 21:12:45,674 - WARNING - Insert of existing embedding ID: 18
2024-11-09 21:12:45,674 - WARNING - Add of existing embedding ID: 10
2024-11-09 21:12:45,674 - WARNING - Add of existing embedding ID: 11
2024-11-09 21:12:45,674 - WARNING - Add of existing embedding ID: 12
2024-11-09 21:12:45,674 - WARNING - Add of existing embedding ID: 13
2024-11-09 21:12:45,674 - WARNING - Add of existing embedding ID: 14
2024-11-09 21:12:45,674 - WARNING - Add of existing embedding ID: 15
2024-11-09 21:12:45,674 - WARNING - Add of existing embedding ID: 16
2024-11-09 21:12:45,674 - WARNING - Add of existing embedding ID: 17
2024-11-09 21:12:45,674 - WARNING - Add of existing embedding ID: 18
2024-11-09 21:12:45,676 - INFO - Batch 1 added to the collection.
2024-11-09 21:12:45,676 - INFO - Documents embedded in 2.3362481594085693 seconds.

2024-11-09 21:13:38,112 - INFO - Anonymized telemetry enabled. See https://docs.trychroma.com/telemetry for more information.
2024-11-09 21:13:40,157 - INFO - Found 19 documents.
2024-11-09 21:13:40,177 - INFO - HTTP Request: POST http://127.0.0.1:11434/api/embeddings "HTTP/1.1 200 OK"
2024-11-09 21:13:40,191 - INFO - HTTP Request: POST http://127.0.0.1:11434/api/embeddings "HTTP/1.1 200 OK"
2024-11-09 21:13:40,208 - INFO - HTTP Request: POST http://127.0.0.1:11434/api/embeddings "HTTP/1.1 200 OK"
2024-11-09 21:13:40,233 - INFO - HTTP Request: POST http://127.0.0.1:11434/api/embeddings "HTTP/1.1 200 OK"
2024-11-09 21:13:40,247 - INFO - HTTP Request: POST http://127.0.0.1:11434/api/embeddings "HTTP/1.1 200 OK"
2024-11-09 21:13:40,259 - INFO - HTTP Request: POST http://127.0.0.1:11434/api/embeddings "HTTP/1.1 200 OK"
2024-11-09 21:13:40,273 - INFO - HTTP Request: POST http://127.0.0.1:11434/api/embeddings "HTTP/1.1 200 OK"
2024-11-09 21:13:40,287 - INFO - HTTP Request: POST http://127.0.0.1:11434/api/embeddings "HTTP/1.1 200 OK"
2024-11-09 21:13:40,304 - INFO - HTTP Request: POST http://127.0.0.1:11434/api/embeddings "HTTP/1.1 200 OK"
2024-11-09 21:13:40,319 - INFO - HTTP Request: POST http://127.0.0.1:11434/api/embeddings "HTTP/1.1 200 OK"
2024-11-09 21:13:40,335 - WARNING - Add of existing embedding ID: 0
2024-11-09 21:13:40,335 - WARNING - Add of existing embedding ID: 1
2024-11-09 21:13:40,335 - WARNING - Add of existing embedding ID: 2
2024-11-09 21:13:40,336 - WARNING - Add of existing embedding ID: 3
2024-11-09 21:13:40,336 - WARNING - Add of existing embedding ID: 4
2024-11-09 21:13:40,336 - WARNING - Add of existing embedding ID: 5
2024-11-09 21:13:40,336 - WARNING - Add of existing embedding ID: 6
2024-11-09 21:13:40,336 - WARNING - Add of existing embedding ID: 7
2024-11-09 21:13:40,336 - WARNING - Add of existing embedding ID: 8
2024-11-09 21:13:40,336 - WARNING - Add of existing embedding ID: 9
2024-11-09 21:13:40,336 - WARNING - Add of existing embedding ID: 10
2024-11-09 21:13:40,336 - WARNING - Add of existing embedding ID: 11
2024-11-09 21:13:40,336 - WARNING - Add of existing embedding ID: 12
2024-11-09 21:13:40,336 - WARNING - Add of existing embedding ID: 13
2024-11-09 21:13:40,336 - WARNING - Add of existing embedding ID: 14
2024-11-09 21:13:40,336 - WARNING - Add of existing embedding ID: 15
2024-11-09 21:13:40,336 - WARNING - Add of existing embedding ID: 16
2024-11-09 21:13:40,336 - WARNING - Add of existing embedding ID: 17
2024-11-09 21:13:40,336 - WARNING - Add of existing embedding ID: 18
2024-11-09 21:13:40,336 - WARNING - Add of existing embedding ID: 0
2024-11-09 21:13:40,336 - WARNING - Add of existing embedding ID: 1
2024-11-09 21:13:40,336 - WARNING - Add of existing embedding ID: 2
2024-11-09 21:13:40,336 - WARNING - Add of existing embedding ID: 3
2024-11-09 21:13:40,336 - WARNING - Add of existing embedding ID: 4
2024-11-09 21:13:40,336 - WARNING - Add of existing embedding ID: 5
2024-11-09 21:13:40,336 - WARNING - Add of existing embedding ID: 6
2024-11-09 21:13:40,337 - WARNING - Add of existing embedding ID: 7
2024-11-09 21:13:40,337 - WARNING - Add of existing embedding ID: 8
2024-11-09 21:13:40,337 - WARNING - Add of existing embedding ID: 9
2024-11-09 21:13:40,337 - WARNING - Add of existing embedding ID: 10
2024-11-09 21:13:40,337 - WARNING - Add of existing embedding ID: 11
2024-11-09 21:13:40,337 - WARNING - Add of existing embedding ID: 12
2024-11-09 21:13:40,337 - WARNING - Add of existing embedding ID: 13
2024-11-09 21:13:40,337 - WARNING - Add of existing embedding ID: 14
2024-11-09 21:13:40,337 - WARNING - Add of existing embedding ID: 15
2024-11-09 21:13:40,337 - WARNING - Add of existing embedding ID: 16
2024-11-09 21:13:40,337 - WARNING - Add of existing embedding ID: 17
2024-11-09 21:13:40,337 - WARNING - Add of existing embedding ID: 18
2024-11-09 21:13:40,337 - WARNING - Add of existing embedding ID: 0
2024-11-09 21:13:40,337 - WARNING - Add of existing embedding ID: 1
2024-11-09 21:13:40,337 - WARNING - Add of existing embedding ID: 2
2024-11-09 21:13:40,337 - WARNING - Add of existing embedding ID: 3
2024-11-09 21:13:40,337 - WARNING - Add of existing embedding ID: 4
2024-11-09 21:13:40,337 - WARNING - Add of existing embedding ID: 5
2024-11-09 21:13:40,337 - WARNING - Add of existing embedding ID: 6
2024-11-09 21:13:40,337 - WARNING - Add of existing embedding ID: 7
2024-11-09 21:13:40,337 - WARNING - Add of existing embedding ID: 8
2024-11-09 21:13:40,337 - WARNING - Add of existing embedding ID: 9
2024-11-09 21:13:40,337 - WARNING - Add of existing embedding ID: 10
2024-11-09 21:13:40,337 - WARNING - Add of existing embedding ID: 11
2024-11-09 21:13:40,337 - WARNING - Add of existing embedding ID: 12
2024-11-09 21:13:40,337 - WARNING - Add of existing embedding ID: 13
2024-11-09 21:13:40,337 - WARNING - Add of existing embedding ID: 14
2024-11-09 21:13:40,337 - WARNING - Add of existing embedding ID: 15
2024-11-09 21:13:40,337 - WARNING - Add of existing embedding ID: 16
2024-11-09 21:13:40,337 - WARNING - Add of existing embedding ID: 17
2024-11-09 21:13:40,338 - WARNING - Add of existing embedding ID: 18
2024-11-09 21:13:40,338 - WARNING - Add of existing embedding ID: 0
2024-11-09 21:13:40,338 - WARNING - Add of existing embedding ID: 1
2024-11-09 21:13:40,338 - WARNING - Add of existing embedding ID: 2
2024-11-09 21:13:40,338 - WARNING - Add of existing embedding ID: 3
2024-11-09 21:13:40,338 - WARNING - Add of existing embedding ID: 4
2024-11-09 21:13:40,338 - WARNING - Add of existing embedding ID: 5
2024-11-09 21:13:40,338 - WARNING - Add of existing embedding ID: 6
2024-11-09 21:13:40,338 - WARNING - Add of existing embedding ID: 7
2024-11-09 21:13:40,338 - WARNING - Add of existing embedding ID: 8
2024-11-09 21:13:40,338 - WARNING - Add of existing embedding ID: 9
2024-11-09 21:13:40,338 - WARNING - Add of existing embedding ID: 10
2024-11-09 21:13:40,338 - WARNING - Add of existing embedding ID: 11
2024-11-09 21:13:40,338 - WARNING - Add of existing embedding ID: 12
2024-11-09 21:13:40,338 - WARNING - Add of existing embedding ID: 13
2024-11-09 21:13:40,338 - WARNING - Add of existing embedding ID: 14
2024-11-09 21:13:40,338 - WARNING - Add of existing embedding ID: 15
2024-11-09 21:13:40,338 - WARNING - Add of existing embedding ID: 16
2024-11-09 21:13:40,338 - WARNING - Add of existing embedding ID: 17
2024-11-09 21:13:40,338 - WARNING - Add of existing embedding ID: 18
2024-11-09 21:13:40,338 - WARNING - Add of existing embedding ID: 0
2024-11-09 21:13:40,338 - WARNING - Add of existing embedding ID: 1
2024-11-09 21:13:40,338 - WARNING - Add of existing embedding ID: 2
2024-11-09 21:13:40,338 - WARNING - Add of existing embedding ID: 3
2024-11-09 21:13:40,338 - WARNING - Add of existing embedding ID: 4
2024-11-09 21:13:40,338 - WARNING - Add of existing embedding ID: 5
2024-11-09 21:13:40,338 - WARNING - Add of existing embedding ID: 6
2024-11-09 21:13:40,338 - WARNING - Add of existing embedding ID: 7
2024-11-09 21:13:40,338 - WARNING - Add of existing embedding ID: 8
2024-11-09 21:13:40,338 - WARNING - Add of existing embedding ID: 9
2024-11-09 21:13:40,338 - WARNING - Add of existing embedding ID: 10
2024-11-09 21:13:40,338 - WARNING - Add of existing embedding ID: 11
2024-11-09 21:13:40,338 - WARNING - Add of existing embedding ID: 12
2024-11-09 21:13:40,338 - WARNING - Add of existing embedding ID: 13
2024-11-09 21:13:40,338 - WARNING - Add of existing embedding ID: 14
2024-11-09 21:13:40,339 - WARNING - Add of existing embedding ID: 15
2024-11-09 21:13:40,339 - WARNING - Add of existing embedding ID: 16
2024-11-09 21:13:40,339 - WARNING - Add of existing embedding ID: 17
2024-11-09 21:13:40,339 - WARNING - Add of existing embedding ID: 18
2024-11-09 21:13:40,339 - WARNING - Add of existing embedding ID: 0
2024-11-09 21:13:40,339 - WARNING - Add of existing embedding ID: 1
2024-11-09 21:13:40,339 - WARNING - Add of existing embedding ID: 2
2024-11-09 21:13:40,339 - WARNING - Add of existing embedding ID: 3
2024-11-09 21:13:40,339 - WARNING - Add of existing embedding ID: 4
2024-11-09 21:13:40,339 - WARNING - Add of existing embedding ID: 5
2024-11-09 21:13:40,339 - WARNING - Add of existing embedding ID: 6
2024-11-09 21:13:40,339 - WARNING - Add of existing embedding ID: 7
2024-11-09 21:13:40,339 - WARNING - Add of existing embedding ID: 8
2024-11-09 21:13:40,339 - WARNING - Add of existing embedding ID: 9
2024-11-09 21:13:40,339 - WARNING - Add of existing embedding ID: 10
2024-11-09 21:13:40,339 - WARNING - Add of existing embedding ID: 11
2024-11-09 21:13:40,339 - WARNING - Add of existing embedding ID: 12
2024-11-09 21:13:40,339 - WARNING - Add of existing embedding ID: 13
2024-11-09 21:13:40,339 - WARNING - Add of existing embedding ID: 14
2024-11-09 21:13:40,339 - WARNING - Add of existing embedding ID: 15
2024-11-09 21:13:40,339 - WARNING - Add of existing embedding ID: 16
2024-11-09 21:13:40,339 - WARNING - Add of existing embedding ID: 17
2024-11-09 21:13:40,339 - WARNING - Add of existing embedding ID: 18
2024-11-09 21:13:40,339 - WARNING - Add of existing embedding ID: 0
2024-11-09 21:13:40,339 - WARNING - Add of existing embedding ID: 1
2024-11-09 21:13:40,339 - WARNING - Add of existing embedding ID: 2
2024-11-09 21:13:40,340 - WARNING - Add of existing embedding ID: 3
2024-11-09 21:13:40,340 - WARNING - Add of existing embedding ID: 4
2024-11-09 21:13:40,340 - WARNING - Add of existing embedding ID: 5
2024-11-09 21:13:40,340 - WARNING - Add of existing embedding ID: 6
2024-11-09 21:13:40,340 - WARNING - Add of existing embedding ID: 7
2024-11-09 21:13:40,340 - WARNING - Add of existing embedding ID: 8
2024-11-09 21:13:40,340 - WARNING - Add of existing embedding ID: 9
2024-11-09 21:13:40,340 - WARNING - Add of existing embedding ID: 10
2024-11-09 21:13:40,340 - WARNING - Add of existing embedding ID: 11
2024-11-09 21:13:40,340 - WARNING - Add of existing embedding ID: 12
2024-11-09 21:13:40,340 - WARNING - Add of existing embedding ID: 13
2024-11-09 21:13:40,340 - WARNING - Add of existing embedding ID: 14
2024-11-09 21:13:40,340 - WARNING - Add of existing embedding ID: 15
2024-11-09 21:13:40,340 - WARNING - Add of existing embedding ID: 16
2024-11-09 21:13:40,340 - WARNING - Add of existing embedding ID: 17
2024-11-09 21:13:40,340 - WARNING - Add of existing embedding ID: 18
2024-11-09 21:13:40,342 - WARNING - Insert of existing embedding ID: 0
2024-11-09 21:13:40,342 - WARNING - Insert of existing embedding ID: 1
2024-11-09 21:13:40,343 - WARNING - Insert of existing embedding ID: 2
2024-11-09 21:13:40,343 - WARNING - Insert of existing embedding ID: 3
2024-11-09 21:13:40,343 - WARNING - Insert of existing embedding ID: 4
2024-11-09 21:13:40,343 - WARNING - Insert of existing embedding ID: 5
2024-11-09 21:13:40,343 - WARNING - Insert of existing embedding ID: 6
2024-11-09 21:13:40,343 - WARNING - Insert of existing embedding ID: 7
2024-11-09 21:13:40,344 - WARNING - Insert of existing embedding ID: 8
2024-11-09 21:13:40,344 - WARNING - Insert of existing embedding ID: 9
2024-11-09 21:13:40,344 - WARNING - Add of existing embedding ID: 0
2024-11-09 21:13:40,344 - WARNING - Add of existing embedding ID: 1
2024-11-09 21:13:40,344 - WARNING - Add of existing embedding ID: 2
2024-11-09 21:13:40,344 - WARNING - Add of existing embedding ID: 3
2024-11-09 21:13:40,344 - WARNING - Add of existing embedding ID: 4
2024-11-09 21:13:40,344 - WARNING - Add of existing embedding ID: 5
2024-11-09 21:13:40,344 - WARNING - Add of existing embedding ID: 6
2024-11-09 21:13:40,344 - WARNING - Add of existing embedding ID: 7
2024-11-09 21:13:40,344 - WARNING - Add of existing embedding ID: 8
2024-11-09 21:13:40,344 - WARNING - Add of existing embedding ID: 9
2024-11-09 21:13:40,346 - INFO - Batch 0 added to the collection.
2024-11-09 21:13:40,363 - INFO - HTTP Request: POST http://127.0.0.1:11434/api/embeddings "HTTP/1.1 200 OK"
2024-11-09 21:13:40,378 - INFO - HTTP Request: POST http://127.0.0.1:11434/api/embeddings "HTTP/1.1 200 OK"
2024-11-09 21:13:40,390 - INFO - HTTP Request: POST http://127.0.0.1:11434/api/embeddings "HTTP/1.1 200 OK"
2024-11-09 21:13:40,406 - INFO - HTTP Request: POST http://127.0.0.1:11434/api/embeddings "HTTP/1.1 200 OK"
2024-11-09 21:13:40,422 - INFO - HTTP Request: POST http://127.0.0.1:11434/api/embeddings "HTTP/1.1 200 OK"
2024-11-09 21:13:40,438 - INFO - HTTP Request: POST http://127.0.0.1:11434/api/embeddings "HTTP/1.1 200 OK"
2024-11-09 21:13:40,449 - INFO - HTTP Request: POST http://127.0.0.1:11434/api/embeddings "HTTP/1.1 200 OK"
2024-11-09 21:13:40,462 - INFO - HTTP Request: POST http://127.0.0.1:11434/api/embeddings "HTTP/1.1 200 OK"
2024-11-09 21:13:40,478 - INFO - HTTP Request: POST http://127.0.0.1:11434/api/embeddings "HTTP/1.1 200 OK"
2024-11-09 21:13:40,480 - WARNING - Insert of existing embedding ID: 10
2024-11-09 21:13:40,480 - WARNING - Insert of existing embedding ID: 11
2024-11-09 21:13:40,480 - WARNING - Insert of existing embedding ID: 12
2024-11-09 21:13:40,480 - WARNING - Insert of existing embedding ID: 13
2024-11-09 21:13:40,481 - WARNING - Insert of existing embedding ID: 14
2024-11-09 21:13:40,481 - WARNING - Insert of existing embedding ID: 15
2024-11-09 21:13:40,481 - WARNING - Insert of existing embedding ID: 16
2024-11-09 21:13:40,481 - WARNING - Insert of existing embedding ID: 17
2024-11-09 21:13:40,481 - WARNING - Insert of existing embedding ID: 18
2024-11-09 21:13:40,481 - WARNING - Add of existing embedding ID: 10
2024-11-09 21:13:40,481 - WARNING - Add of existing embedding ID: 11
2024-11-09 21:13:40,481 - WARNING - Add of existing embedding ID: 12
2024-11-09 21:13:40,481 - WARNING - Add of existing embedding ID: 13
2024-11-09 21:13:40,481 - WARNING - Add of existing embedding ID: 14
2024-11-09 21:13:40,481 - WARNING - Add of existing embedding ID: 15
2024-11-09 21:13:40,481 - WARNING - Add of existing embedding ID: 16
2024-11-09 21:13:40,481 - WARNING - Add of existing embedding ID: 17
2024-11-09 21:13:40,482 - WARNING - Add of existing embedding ID: 18
2024-11-09 21:13:40,483 - INFO - Batch 1 added to the collection.
2024-11-09 21:13:40,483 - INFO - Documents embedded in 2.3719780445098877 seconds.

2024-11-09 21:28:51,625 - INFO - Anonymized telemetry enabled. See https://docs.trychroma.com/telemetry for more information.
2024-11-09 21:28:53,691 - INFO - Found 19 documents.
2024-11-09 21:28:55,728 - INFO - HTTP Request: POST http://127.0.0.1:11434/api/embeddings "HTTP/1.1 200 OK"
2024-11-09 21:28:55,743 - INFO - HTTP Request: POST http://127.0.0.1:11434/api/embeddings "HTTP/1.1 200 OK"
2024-11-09 21:28:55,759 - INFO - HTTP Request: POST http://127.0.0.1:11434/api/embeddings "HTTP/1.1 200 OK"
2024-11-09 21:28:55,778 - INFO - HTTP Request: POST http://127.0.0.1:11434/api/embeddings "HTTP/1.1 200 OK"
2024-11-09 21:28:55,791 - INFO - HTTP Request: POST http://127.0.0.1:11434/api/embeddings "HTTP/1.1 200 OK"
2024-11-09 21:28:55,803 - INFO - HTTP Request: POST http://127.0.0.1:11434/api/embeddings "HTTP/1.1 200 OK"
2024-11-09 21:28:55,817 - INFO - HTTP Request: POST http://127.0.0.1:11434/api/embeddings "HTTP/1.1 200 OK"
2024-11-09 21:28:55,832 - INFO - HTTP Request: POST http://127.0.0.1:11434/api/embeddings "HTTP/1.1 200 OK"
2024-11-09 21:28:55,848 - INFO - HTTP Request: POST http://127.0.0.1:11434/api/embeddings "HTTP/1.1 200 OK"
2024-11-09 21:28:55,862 - INFO - HTTP Request: POST http://127.0.0.1:11434/api/embeddings "HTTP/1.1 200 OK"
2024-11-09 21:28:55,875 - WARNING - Add of existing embedding ID: 0
2024-11-09 21:28:55,875 - WARNING - Add of existing embedding ID: 1
2024-11-09 21:28:55,875 - WARNING - Add of existing embedding ID: 2
2024-11-09 21:28:55,875 - WARNING - Add of existing embedding ID: 3
2024-11-09 21:28:55,875 - WARNING - Add of existing embedding ID: 4
2024-11-09 21:28:55,876 - WARNING - Add of existing embedding ID: 5
2024-11-09 21:28:55,876 - WARNING - Add of existing embedding ID: 6
2024-11-09 21:28:55,876 - WARNING - Add of existing embedding ID: 7
2024-11-09 21:28:55,876 - WARNING - Add of existing embedding ID: 8
2024-11-09 21:28:55,876 - WARNING - Add of existing embedding ID: 9
2024-11-09 21:28:55,876 - WARNING - Add of existing embedding ID: 10
2024-11-09 21:28:55,876 - WARNING - Add of existing embedding ID: 11
2024-11-09 21:28:55,876 - WARNING - Add of existing embedding ID: 12
2024-11-09 21:28:55,876 - WARNING - Add of existing embedding ID: 13
2024-11-09 21:28:55,876 - WARNING - Add of existing embedding ID: 14
2024-11-09 21:28:55,876 - WARNING - Add of existing embedding ID: 15
2024-11-09 21:28:55,876 - WARNING - Add of existing embedding ID: 16
2024-11-09 21:28:55,876 - WARNING - Add of existing embedding ID: 17
2024-11-09 21:28:55,876 - WARNING - Add of existing embedding ID: 18
2024-11-09 21:28:55,876 - WARNING - Add of existing embedding ID: 0
2024-11-09 21:28:55,876 - WARNING - Add of existing embedding ID: 1
2024-11-09 21:28:55,876 - WARNING - Add of existing embedding ID: 2
2024-11-09 21:28:55,876 - WARNING - Add of existing embedding ID: 3
2024-11-09 21:28:55,876 - WARNING - Add of existing embedding ID: 4
2024-11-09 21:28:55,876 - WARNING - Add of existing embedding ID: 5
2024-11-09 21:28:55,876 - WARNING - Add of existing embedding ID: 6
2024-11-09 21:28:55,876 - WARNING - Add of existing embedding ID: 7
2024-11-09 21:28:55,876 - WARNING - Add of existing embedding ID: 8
2024-11-09 21:28:55,876 - WARNING - Add of existing embedding ID: 9
2024-11-09 21:28:55,876 - WARNING - Add of existing embedding ID: 10
2024-11-09 21:28:55,876 - WARNING - Add of existing embedding ID: 11
2024-11-09 21:28:55,876 - WARNING - Add of existing embedding ID: 12
2024-11-09 21:28:55,876 - WARNING - Add of existing embedding ID: 13
2024-11-09 21:28:55,876 - WARNING - Add of existing embedding ID: 14
2024-11-09 21:28:55,877 - WARNING - Add of existing embedding ID: 15
2024-11-09 21:28:55,877 - WARNING - Add of existing embedding ID: 16
2024-11-09 21:28:55,877 - WARNING - Add of existing embedding ID: 17
2024-11-09 21:28:55,877 - WARNING - Add of existing embedding ID: 18
2024-11-09 21:28:55,877 - WARNING - Add of existing embedding ID: 0
2024-11-09 21:28:55,877 - WARNING - Add of existing embedding ID: 1
2024-11-09 21:28:55,877 - WARNING - Add of existing embedding ID: 2
2024-11-09 21:28:55,877 - WARNING - Add of existing embedding ID: 3
2024-11-09 21:28:55,877 - WARNING - Add of existing embedding ID: 4
2024-11-09 21:28:55,877 - WARNING - Add of existing embedding ID: 5
2024-11-09 21:28:55,877 - WARNING - Add of existing embedding ID: 6
2024-11-09 21:28:55,877 - WARNING - Add of existing embedding ID: 7
2024-11-09 21:28:55,877 - WARNING - Add of existing embedding ID: 8
2024-11-09 21:28:55,877 - WARNING - Add of existing embedding ID: 9
2024-11-09 21:28:55,877 - WARNING - Add of existing embedding ID: 10
2024-11-09 21:28:55,877 - WARNING - Add of existing embedding ID: 11
2024-11-09 21:28:55,877 - WARNING - Add of existing embedding ID: 12
2024-11-09 21:28:55,877 - WARNING - Add of existing embedding ID: 13
2024-11-09 21:28:55,877 - WARNING - Add of existing embedding ID: 14
2024-11-09 21:28:55,877 - WARNING - Add of existing embedding ID: 15
2024-11-09 21:28:55,877 - WARNING - Add of existing embedding ID: 16
2024-11-09 21:28:55,877 - WARNING - Add of existing embedding ID: 17
2024-11-09 21:28:55,877 - WARNING - Add of existing embedding ID: 18
2024-11-09 21:28:55,877 - WARNING - Add of existing embedding ID: 0
2024-11-09 21:28:55,877 - WARNING - Add of existing embedding ID: 1
2024-11-09 21:28:55,877 - WARNING - Add of existing embedding ID: 2
2024-11-09 21:28:55,877 - WARNING - Add of existing embedding ID: 3
2024-11-09 21:28:55,877 - WARNING - Add of existing embedding ID: 4
2024-11-09 21:28:55,877 - WARNING - Add of existing embedding ID: 5
2024-11-09 21:28:55,877 - WARNING - Add of existing embedding ID: 6
2024-11-09 21:28:55,877 - WARNING - Add of existing embedding ID: 7
2024-11-09 21:28:55,877 - WARNING - Add of existing embedding ID: 8
2024-11-09 21:28:55,877 - WARNING - Add of existing embedding ID: 9
2024-11-09 21:28:55,877 - WARNING - Add of existing embedding ID: 10
2024-11-09 21:28:55,877 - WARNING - Add of existing embedding ID: 11
2024-11-09 21:28:55,877 - WARNING - Add of existing embedding ID: 12
2024-11-09 21:28:55,878 - WARNING - Add of existing embedding ID: 13
2024-11-09 21:28:55,878 - WARNING - Add of existing embedding ID: 14
2024-11-09 21:28:55,878 - WARNING - Add of existing embedding ID: 15
2024-11-09 21:28:55,878 - WARNING - Add of existing embedding ID: 16
2024-11-09 21:28:55,878 - WARNING - Add of existing embedding ID: 17
2024-11-09 21:28:55,878 - WARNING - Add of existing embedding ID: 18
2024-11-09 21:28:55,878 - WARNING - Add of existing embedding ID: 0
2024-11-09 21:28:55,878 - WARNING - Add of existing embedding ID: 1
2024-11-09 21:28:55,878 - WARNING - Add of existing embedding ID: 2
2024-11-09 21:28:55,878 - WARNING - Add of existing embedding ID: 3
2024-11-09 21:28:55,878 - WARNING - Add of existing embedding ID: 4
2024-11-09 21:28:55,878 - WARNING - Add of existing embedding ID: 5
2024-11-09 21:28:55,878 - WARNING - Add of existing embedding ID: 6
2024-11-09 21:28:55,878 - WARNING - Add of existing embedding ID: 7
2024-11-09 21:28:55,878 - WARNING - Add of existing embedding ID: 8
2024-11-09 21:28:55,878 - WARNING - Add of existing embedding ID: 9
2024-11-09 21:28:55,878 - WARNING - Add of existing embedding ID: 10
2024-11-09 21:28:55,878 - WARNING - Add of existing embedding ID: 11
2024-11-09 21:28:55,878 - WARNING - Add of existing embedding ID: 12
2024-11-09 21:28:55,878 - WARNING - Add of existing embedding ID: 13
2024-11-09 21:28:55,878 - WARNING - Add of existing embedding ID: 14
2024-11-09 21:28:55,878 - WARNING - Add of existing embedding ID: 15
2024-11-09 21:28:55,878 - WARNING - Add of existing embedding ID: 16
2024-11-09 21:28:55,878 - WARNING - Add of existing embedding ID: 17
2024-11-09 21:28:55,878 - WARNING - Add of existing embedding ID: 18
2024-11-09 21:28:55,878 - WARNING - Add of existing embedding ID: 0
2024-11-09 21:28:55,878 - WARNING - Add of existing embedding ID: 1
2024-11-09 21:28:55,878 - WARNING - Add of existing embedding ID: 2
2024-11-09 21:28:55,878 - WARNING - Add of existing embedding ID: 3
2024-11-09 21:28:55,878 - WARNING - Add of existing embedding ID: 4
2024-11-09 21:28:55,878 - WARNING - Add of existing embedding ID: 5
2024-11-09 21:28:55,878 - WARNING - Add of existing embedding ID: 6
2024-11-09 21:28:55,878 - WARNING - Add of existing embedding ID: 7
2024-11-09 21:28:55,878 - WARNING - Add of existing embedding ID: 8
2024-11-09 21:28:55,878 - WARNING - Add of existing embedding ID: 9
2024-11-09 21:28:55,878 - WARNING - Add of existing embedding ID: 10
2024-11-09 21:28:55,879 - WARNING - Add of existing embedding ID: 11
2024-11-09 21:28:55,879 - WARNING - Add of existing embedding ID: 12
2024-11-09 21:28:55,879 - WARNING - Add of existing embedding ID: 13
2024-11-09 21:28:55,879 - WARNING - Add of existing embedding ID: 14
2024-11-09 21:28:55,879 - WARNING - Add of existing embedding ID: 15
2024-11-09 21:28:55,879 - WARNING - Add of existing embedding ID: 16
2024-11-09 21:28:55,879 - WARNING - Add of existing embedding ID: 17
2024-11-09 21:28:55,879 - WARNING - Add of existing embedding ID: 18
2024-11-09 21:28:55,879 - WARNING - Add of existing embedding ID: 0
2024-11-09 21:28:55,879 - WARNING - Add of existing embedding ID: 1
2024-11-09 21:28:55,879 - WARNING - Add of existing embedding ID: 2
2024-11-09 21:28:55,879 - WARNING - Add of existing embedding ID: 3
2024-11-09 21:28:55,879 - WARNING - Add of existing embedding ID: 4
2024-11-09 21:28:55,879 - WARNING - Add of existing embedding ID: 5
2024-11-09 21:28:55,879 - WARNING - Add of existing embedding ID: 6
2024-11-09 21:28:55,879 - WARNING - Add of existing embedding ID: 7
2024-11-09 21:28:55,879 - WARNING - Add of existing embedding ID: 8
2024-11-09 21:28:55,879 - WARNING - Add of existing embedding ID: 9
2024-11-09 21:28:55,879 - WARNING - Add of existing embedding ID: 10
2024-11-09 21:28:55,879 - WARNING - Add of existing embedding ID: 11
2024-11-09 21:28:55,879 - WARNING - Add of existing embedding ID: 12
2024-11-09 21:28:55,879 - WARNING - Add of existing embedding ID: 13
2024-11-09 21:28:55,879 - WARNING - Add of existing embedding ID: 14
2024-11-09 21:28:55,879 - WARNING - Add of existing embedding ID: 15
2024-11-09 21:28:55,879 - WARNING - Add of existing embedding ID: 16
2024-11-09 21:28:55,879 - WARNING - Add of existing embedding ID: 17
2024-11-09 21:28:55,879 - WARNING - Add of existing embedding ID: 18
2024-11-09 21:28:55,879 - WARNING - Add of existing embedding ID: 0
2024-11-09 21:28:55,879 - WARNING - Add of existing embedding ID: 1
2024-11-09 21:28:55,879 - WARNING - Add of existing embedding ID: 2
2024-11-09 21:28:55,879 - WARNING - Add of existing embedding ID: 3
2024-11-09 21:28:55,879 - WARNING - Add of existing embedding ID: 4
2024-11-09 21:28:55,879 - WARNING - Add of existing embedding ID: 5
2024-11-09 21:28:55,880 - WARNING - Add of existing embedding ID: 6
2024-11-09 21:28:55,880 - WARNING - Add of existing embedding ID: 7
2024-11-09 21:28:55,880 - WARNING - Add of existing embedding ID: 8
2024-11-09 21:28:55,880 - WARNING - Add of existing embedding ID: 9
2024-11-09 21:28:55,880 - WARNING - Add of existing embedding ID: 10
2024-11-09 21:28:55,880 - WARNING - Add of existing embedding ID: 11
2024-11-09 21:28:55,880 - WARNING - Add of existing embedding ID: 12
2024-11-09 21:28:55,880 - WARNING - Add of existing embedding ID: 13
2024-11-09 21:28:55,880 - WARNING - Add of existing embedding ID: 14
2024-11-09 21:28:55,880 - WARNING - Add of existing embedding ID: 15
2024-11-09 21:28:55,880 - WARNING - Add of existing embedding ID: 16
2024-11-09 21:28:55,880 - WARNING - Add of existing embedding ID: 17
2024-11-09 21:28:55,880 - WARNING - Add of existing embedding ID: 18
2024-11-09 21:28:55,881 - WARNING - Insert of existing embedding ID: 0
2024-11-09 21:28:55,881 - WARNING - Insert of existing embedding ID: 1
2024-11-09 21:28:55,881 - WARNING - Insert of existing embedding ID: 2
2024-11-09 21:28:55,881 - WARNING - Insert of existing embedding ID: 3
2024-11-09 21:28:55,881 - WARNING - Insert of existing embedding ID: 4
2024-11-09 21:28:55,882 - WARNING - Insert of existing embedding ID: 5
2024-11-09 21:28:55,882 - WARNING - Insert of existing embedding ID: 6
2024-11-09 21:28:55,882 - WARNING - Insert of existing embedding ID: 7
2024-11-09 21:28:55,882 - WARNING - Insert of existing embedding ID: 8
2024-11-09 21:28:55,882 - WARNING - Insert of existing embedding ID: 9
2024-11-09 21:28:55,882 - WARNING - Add of existing embedding ID: 0
2024-11-09 21:28:55,882 - WARNING - Add of existing embedding ID: 1
2024-11-09 21:28:55,882 - WARNING - Add of existing embedding ID: 2
2024-11-09 21:28:55,882 - WARNING - Add of existing embedding ID: 3
2024-11-09 21:28:55,882 - WARNING - Add of existing embedding ID: 4
2024-11-09 21:28:55,882 - WARNING - Add of existing embedding ID: 5
2024-11-09 21:28:55,882 - WARNING - Add of existing embedding ID: 6
2024-11-09 21:28:55,882 - WARNING - Add of existing embedding ID: 7
2024-11-09 21:28:55,882 - WARNING - Add of existing embedding ID: 8
2024-11-09 21:28:55,882 - WARNING - Add of existing embedding ID: 9
2024-11-09 21:28:55,884 - INFO - Batch 0 added to the collection.
2024-11-09 21:28:55,901 - INFO - HTTP Request: POST http://127.0.0.1:11434/api/embeddings "HTTP/1.1 200 OK"
2024-11-09 21:28:55,919 - INFO - HTTP Request: POST http://127.0.0.1:11434/api/embeddings "HTTP/1.1 200 OK"
2024-11-09 21:28:55,930 - INFO - HTTP Request: POST http://127.0.0.1:11434/api/embeddings "HTTP/1.1 200 OK"
2024-11-09 21:28:55,945 - INFO - HTTP Request: POST http://127.0.0.1:11434/api/embeddings "HTTP/1.1 200 OK"
2024-11-09 21:28:55,961 - INFO - HTTP Request: POST http://127.0.0.1:11434/api/embeddings "HTTP/1.1 200 OK"
2024-11-09 21:28:55,976 - INFO - HTTP Request: POST http://127.0.0.1:11434/api/embeddings "HTTP/1.1 200 OK"
2024-11-09 21:28:55,989 - INFO - HTTP Request: POST http://127.0.0.1:11434/api/embeddings "HTTP/1.1 200 OK"
2024-11-09 21:28:56,001 - INFO - HTTP Request: POST http://127.0.0.1:11434/api/embeddings "HTTP/1.1 200 OK"
2024-11-09 21:28:56,017 - INFO - HTTP Request: POST http://127.0.0.1:11434/api/embeddings "HTTP/1.1 200 OK"
2024-11-09 21:28:56,019 - WARNING - Insert of existing embedding ID: 10
2024-11-09 21:28:56,019 - WARNING - Insert of existing embedding ID: 11
2024-11-09 21:28:56,019 - WARNING - Insert of existing embedding ID: 12
2024-11-09 21:28:56,019 - WARNING - Insert of existing embedding ID: 13
2024-11-09 21:28:56,020 - WARNING - Insert of existing embedding ID: 14
2024-11-09 21:28:56,020 - WARNING - Insert of existing embedding ID: 15
2024-11-09 21:28:56,020 - WARNING - Insert of existing embedding ID: 16
2024-11-09 21:28:56,020 - WARNING - Insert of existing embedding ID: 17
2024-11-09 21:28:56,020 - WARNING - Insert of existing embedding ID: 18
2024-11-09 21:28:56,020 - WARNING - Add of existing embedding ID: 10
2024-11-09 21:28:56,020 - WARNING - Add of existing embedding ID: 11
2024-11-09 21:28:56,020 - WARNING - Add of existing embedding ID: 12
2024-11-09 21:28:56,020 - WARNING - Add of existing embedding ID: 13
2024-11-09 21:28:56,020 - WARNING - Add of existing embedding ID: 14
2024-11-09 21:28:56,020 - WARNING - Add of existing embedding ID: 15
2024-11-09 21:28:56,020 - WARNING - Add of existing embedding ID: 16
2024-11-09 21:28:56,020 - WARNING - Add of existing embedding ID: 17
2024-11-09 21:28:56,020 - WARNING - Add of existing embedding ID: 18
2024-11-09 21:28:56,022 - INFO - Batch 1 added to the collection.
2024-11-09 21:28:56,022 - INFO - Documents embedded in 4.397989988327026 seconds.

2024-11-09 21:29:18,204 - INFO - Anonymized telemetry enabled. See https://docs.trychroma.com/telemetry for more information.
2024-11-09 21:29:20,244 - INFO - Found 19 documents.
2024-11-09 21:29:20,270 - INFO - HTTP Request: POST http://127.0.0.1:11434/api/embeddings "HTTP/1.1 200 OK"
2024-11-09 21:29:20,285 - INFO - HTTP Request: POST http://127.0.0.1:11434/api/embeddings "HTTP/1.1 200 OK"
2024-11-09 21:29:20,302 - INFO - HTTP Request: POST http://127.0.0.1:11434/api/embeddings "HTTP/1.1 200 OK"
2024-11-09 21:29:20,319 - INFO - HTTP Request: POST http://127.0.0.1:11434/api/embeddings "HTTP/1.1 200 OK"
2024-11-09 21:29:20,333 - INFO - HTTP Request: POST http://127.0.0.1:11434/api/embeddings "HTTP/1.1 200 OK"
2024-11-09 21:29:20,346 - INFO - HTTP Request: POST http://127.0.0.1:11434/api/embeddings "HTTP/1.1 200 OK"
2024-11-09 21:29:20,359 - INFO - HTTP Request: POST http://127.0.0.1:11434/api/embeddings "HTTP/1.1 200 OK"
2024-11-09 21:29:20,373 - INFO - HTTP Request: POST http://127.0.0.1:11434/api/embeddings "HTTP/1.1 200 OK"
2024-11-09 21:29:20,389 - INFO - HTTP Request: POST http://127.0.0.1:11434/api/embeddings "HTTP/1.1 200 OK"
2024-11-09 21:29:20,403 - INFO - HTTP Request: POST http://127.0.0.1:11434/api/embeddings "HTTP/1.1 200 OK"
2024-11-09 21:29:20,419 - WARNING - Add of existing embedding ID: 0
2024-11-09 21:29:20,419 - WARNING - Add of existing embedding ID: 1
2024-11-09 21:29:20,419 - WARNING - Add of existing embedding ID: 2
2024-11-09 21:29:20,419 - WARNING - Add of existing embedding ID: 3
2024-11-09 21:29:20,419 - WARNING - Add of existing embedding ID: 4
2024-11-09 21:29:20,419 - WARNING - Add of existing embedding ID: 5
2024-11-09 21:29:20,419 - WARNING - Add of existing embedding ID: 6
2024-11-09 21:29:20,419 - WARNING - Add of existing embedding ID: 7
2024-11-09 21:29:20,419 - WARNING - Add of existing embedding ID: 8
2024-11-09 21:29:20,419 - WARNING - Add of existing embedding ID: 9
2024-11-09 21:29:20,419 - WARNING - Add of existing embedding ID: 10
2024-11-09 21:29:20,419 - WARNING - Add of existing embedding ID: 11
2024-11-09 21:29:20,419 - WARNING - Add of existing embedding ID: 12
2024-11-09 21:29:20,419 - WARNING - Add of existing embedding ID: 13
2024-11-09 21:29:20,419 - WARNING - Add of existing embedding ID: 14
2024-11-09 21:29:20,420 - WARNING - Add of existing embedding ID: 15
2024-11-09 21:29:20,420 - WARNING - Add of existing embedding ID: 16
2024-11-09 21:29:20,420 - WARNING - Add of existing embedding ID: 17
2024-11-09 21:29:20,420 - WARNING - Add of existing embedding ID: 18
2024-11-09 21:29:20,420 - WARNING - Add of existing embedding ID: 0
2024-11-09 21:29:20,420 - WARNING - Add of existing embedding ID: 1
2024-11-09 21:29:20,420 - WARNING - Add of existing embedding ID: 2
2024-11-09 21:29:20,420 - WARNING - Add of existing embedding ID: 3
2024-11-09 21:29:20,420 - WARNING - Add of existing embedding ID: 4
2024-11-09 21:29:20,420 - WARNING - Add of existing embedding ID: 5
2024-11-09 21:29:20,420 - WARNING - Add of existing embedding ID: 6
2024-11-09 21:29:20,420 - WARNING - Add of existing embedding ID: 7
2024-11-09 21:29:20,420 - WARNING - Add of existing embedding ID: 8
2024-11-09 21:29:20,420 - WARNING - Add of existing embedding ID: 9
2024-11-09 21:29:20,420 - WARNING - Add of existing embedding ID: 10
2024-11-09 21:29:20,420 - WARNING - Add of existing embedding ID: 11
2024-11-09 21:29:20,420 - WARNING - Add of existing embedding ID: 12
2024-11-09 21:29:20,420 - WARNING - Add of existing embedding ID: 13
2024-11-09 21:29:20,420 - WARNING - Add of existing embedding ID: 14
2024-11-09 21:29:20,420 - WARNING - Add of existing embedding ID: 15
2024-11-09 21:29:20,420 - WARNING - Add of existing embedding ID: 16
2024-11-09 21:29:20,420 - WARNING - Add of existing embedding ID: 17
2024-11-09 21:29:20,420 - WARNING - Add of existing embedding ID: 18
2024-11-09 21:29:20,420 - WARNING - Add of existing embedding ID: 0
2024-11-09 21:29:20,420 - WARNING - Add of existing embedding ID: 1
2024-11-09 21:29:20,420 - WARNING - Add of existing embedding ID: 2
2024-11-09 21:29:20,420 - WARNING - Add of existing embedding ID: 3
2024-11-09 21:29:20,420 - WARNING - Add of existing embedding ID: 4
2024-11-09 21:29:20,420 - WARNING - Add of existing embedding ID: 5
2024-11-09 21:29:20,420 - WARNING - Add of existing embedding ID: 6
2024-11-09 21:29:20,421 - WARNING - Add of existing embedding ID: 7
2024-11-09 21:29:20,421 - WARNING - Add of existing embedding ID: 8
2024-11-09 21:29:20,421 - WARNING - Add of existing embedding ID: 9
2024-11-09 21:29:20,421 - WARNING - Add of existing embedding ID: 10
2024-11-09 21:29:20,421 - WARNING - Add of existing embedding ID: 11
2024-11-09 21:29:20,421 - WARNING - Add of existing embedding ID: 12
2024-11-09 21:29:20,421 - WARNING - Add of existing embedding ID: 13
2024-11-09 21:29:20,421 - WARNING - Add of existing embedding ID: 14
2024-11-09 21:29:20,421 - WARNING - Add of existing embedding ID: 15
2024-11-09 21:29:20,421 - WARNING - Add of existing embedding ID: 16
2024-11-09 21:29:20,421 - WARNING - Add of existing embedding ID: 17
2024-11-09 21:29:20,421 - WARNING - Add of existing embedding ID: 18
2024-11-09 21:29:20,421 - WARNING - Add of existing embedding ID: 0
2024-11-09 21:29:20,421 - WARNING - Add of existing embedding ID: 1
2024-11-09 21:29:20,421 - WARNING - Add of existing embedding ID: 2
2024-11-09 21:29:20,421 - WARNING - Add of existing embedding ID: 3
2024-11-09 21:29:20,421 - WARNING - Add of existing embedding ID: 4
2024-11-09 21:29:20,421 - WARNING - Add of existing embedding ID: 5
2024-11-09 21:29:20,421 - WARNING - Add of existing embedding ID: 6
2024-11-09 21:29:20,421 - WARNING - Add of existing embedding ID: 7
2024-11-09 21:29:20,421 - WARNING - Add of existing embedding ID: 8
2024-11-09 21:29:20,421 - WARNING - Add of existing embedding ID: 9
2024-11-09 21:29:20,421 - WARNING - Add of existing embedding ID: 10
2024-11-09 21:29:20,421 - WARNING - Add of existing embedding ID: 11
2024-11-09 21:29:20,421 - WARNING - Add of existing embedding ID: 12
2024-11-09 21:29:20,421 - WARNING - Add of existing embedding ID: 13
2024-11-09 21:29:20,421 - WARNING - Add of existing embedding ID: 14
2024-11-09 21:29:20,421 - WARNING - Add of existing embedding ID: 15
2024-11-09 21:29:20,421 - WARNING - Add of existing embedding ID: 16
2024-11-09 21:29:20,421 - WARNING - Add of existing embedding ID: 17
2024-11-09 21:29:20,421 - WARNING - Add of existing embedding ID: 18
2024-11-09 21:29:20,421 - WARNING - Add of existing embedding ID: 0
2024-11-09 21:29:20,421 - WARNING - Add of existing embedding ID: 1
2024-11-09 21:29:20,421 - WARNING - Add of existing embedding ID: 2
2024-11-09 21:29:20,421 - WARNING - Add of existing embedding ID: 3
2024-11-09 21:29:20,422 - WARNING - Add of existing embedding ID: 4
2024-11-09 21:29:20,422 - WARNING - Add of existing embedding ID: 5
2024-11-09 21:29:20,422 - WARNING - Add of existing embedding ID: 6
2024-11-09 21:29:20,422 - WARNING - Add of existing embedding ID: 7
2024-11-09 21:29:20,422 - WARNING - Add of existing embedding ID: 8
2024-11-09 21:29:20,422 - WARNING - Add of existing embedding ID: 9
2024-11-09 21:29:20,422 - WARNING - Add of existing embedding ID: 10
2024-11-09 21:29:20,422 - WARNING - Add of existing embedding ID: 11
2024-11-09 21:29:20,422 - WARNING - Add of existing embedding ID: 12
2024-11-09 21:29:20,422 - WARNING - Add of existing embedding ID: 13
2024-11-09 21:29:20,422 - WARNING - Add of existing embedding ID: 14
2024-11-09 21:29:20,422 - WARNING - Add of existing embedding ID: 15
2024-11-09 21:29:20,422 - WARNING - Add of existing embedding ID: 16
2024-11-09 21:29:20,422 - WARNING - Add of existing embedding ID: 17
2024-11-09 21:29:20,422 - WARNING - Add of existing embedding ID: 18
2024-11-09 21:29:20,422 - WARNING - Add of existing embedding ID: 0
2024-11-09 21:29:20,422 - WARNING - Add of existing embedding ID: 1
2024-11-09 21:29:20,422 - WARNING - Add of existing embedding ID: 2
2024-11-09 21:29:20,422 - WARNING - Add of existing embedding ID: 3
2024-11-09 21:29:20,422 - WARNING - Add of existing embedding ID: 4
2024-11-09 21:29:20,422 - WARNING - Add of existing embedding ID: 5
2024-11-09 21:29:20,422 - WARNING - Add of existing embedding ID: 6
2024-11-09 21:29:20,422 - WARNING - Add of existing embedding ID: 7
2024-11-09 21:29:20,422 - WARNING - Add of existing embedding ID: 8
2024-11-09 21:29:20,422 - WARNING - Add of existing embedding ID: 9
2024-11-09 21:29:20,422 - WARNING - Add of existing embedding ID: 10
2024-11-09 21:29:20,422 - WARNING - Add of existing embedding ID: 11
2024-11-09 21:29:20,422 - WARNING - Add of existing embedding ID: 12
2024-11-09 21:29:20,422 - WARNING - Add of existing embedding ID: 13
2024-11-09 21:29:20,422 - WARNING - Add of existing embedding ID: 14
2024-11-09 21:29:20,422 - WARNING - Add of existing embedding ID: 15
2024-11-09 21:29:20,422 - WARNING - Add of existing embedding ID: 16
2024-11-09 21:29:20,422 - WARNING - Add of existing embedding ID: 17
2024-11-09 21:29:20,422 - WARNING - Add of existing embedding ID: 18
2024-11-09 21:29:20,422 - WARNING - Add of existing embedding ID: 0
2024-11-09 21:29:20,422 - WARNING - Add of existing embedding ID: 1
2024-11-09 21:29:20,423 - WARNING - Add of existing embedding ID: 2
2024-11-09 21:29:20,423 - WARNING - Add of existing embedding ID: 3
2024-11-09 21:29:20,423 - WARNING - Add of existing embedding ID: 4
2024-11-09 21:29:20,423 - WARNING - Add of existing embedding ID: 5
2024-11-09 21:29:20,423 - WARNING - Add of existing embedding ID: 6
2024-11-09 21:29:20,423 - WARNING - Add of existing embedding ID: 7
2024-11-09 21:29:20,423 - WARNING - Add of existing embedding ID: 8
2024-11-09 21:29:20,423 - WARNING - Add of existing embedding ID: 9
2024-11-09 21:29:20,423 - WARNING - Add of existing embedding ID: 10
2024-11-09 21:29:20,423 - WARNING - Add of existing embedding ID: 11
2024-11-09 21:29:20,423 - WARNING - Add of existing embedding ID: 12
2024-11-09 21:29:20,423 - WARNING - Add of existing embedding ID: 13
2024-11-09 21:29:20,423 - WARNING - Add of existing embedding ID: 14
2024-11-09 21:29:20,423 - WARNING - Add of existing embedding ID: 15
2024-11-09 21:29:20,423 - WARNING - Add of existing embedding ID: 16
2024-11-09 21:29:20,423 - WARNING - Add of existing embedding ID: 17
2024-11-09 21:29:20,423 - WARNING - Add of existing embedding ID: 18
2024-11-09 21:29:20,423 - WARNING - Add of existing embedding ID: 0
2024-11-09 21:29:20,423 - WARNING - Add of existing embedding ID: 1
2024-11-09 21:29:20,423 - WARNING - Add of existing embedding ID: 2
2024-11-09 21:29:20,423 - WARNING - Add of existing embedding ID: 3
2024-11-09 21:29:20,423 - WARNING - Add of existing embedding ID: 4
2024-11-09 21:29:20,423 - WARNING - Add of existing embedding ID: 5
2024-11-09 21:29:20,423 - WARNING - Add of existing embedding ID: 6
2024-11-09 21:29:20,423 - WARNING - Add of existing embedding ID: 7
2024-11-09 21:29:20,423 - WARNING - Add of existing embedding ID: 8
2024-11-09 21:29:20,423 - WARNING - Add of existing embedding ID: 9
2024-11-09 21:29:20,423 - WARNING - Add of existing embedding ID: 10
2024-11-09 21:29:20,423 - WARNING - Add of existing embedding ID: 11
2024-11-09 21:29:20,423 - WARNING - Add of existing embedding ID: 12
2024-11-09 21:29:20,423 - WARNING - Add of existing embedding ID: 13
2024-11-09 21:29:20,423 - WARNING - Add of existing embedding ID: 14
2024-11-09 21:29:20,423 - WARNING - Add of existing embedding ID: 15
2024-11-09 21:29:20,423 - WARNING - Add of existing embedding ID: 16
2024-11-09 21:29:20,423 - WARNING - Add of existing embedding ID: 17
2024-11-09 21:29:20,423 - WARNING - Add of existing embedding ID: 18
2024-11-09 21:29:20,424 - WARNING - Add of existing embedding ID: 0
2024-11-09 21:29:20,424 - WARNING - Add of existing embedding ID: 1
2024-11-09 21:29:20,424 - WARNING - Add of existing embedding ID: 2
2024-11-09 21:29:20,424 - WARNING - Add of existing embedding ID: 3
2024-11-09 21:29:20,424 - WARNING - Add of existing embedding ID: 4
2024-11-09 21:29:20,424 - WARNING - Add of existing embedding ID: 5
2024-11-09 21:29:20,424 - WARNING - Add of existing embedding ID: 6
2024-11-09 21:29:20,424 - WARNING - Add of existing embedding ID: 7
2024-11-09 21:29:20,424 - WARNING - Add of existing embedding ID: 8
2024-11-09 21:29:20,424 - WARNING - Add of existing embedding ID: 9
2024-11-09 21:29:20,424 - WARNING - Add of existing embedding ID: 10
2024-11-09 21:29:20,424 - WARNING - Add of existing embedding ID: 11
2024-11-09 21:29:20,424 - WARNING - Add of existing embedding ID: 12
2024-11-09 21:29:20,424 - WARNING - Add of existing embedding ID: 13
2024-11-09 21:29:20,424 - WARNING - Add of existing embedding ID: 14
2024-11-09 21:29:20,424 - WARNING - Add of existing embedding ID: 15
2024-11-09 21:29:20,424 - WARNING - Add of existing embedding ID: 16
2024-11-09 21:29:20,424 - WARNING - Add of existing embedding ID: 17
2024-11-09 21:29:20,424 - WARNING - Add of existing embedding ID: 18
2024-11-09 21:29:20,425 - WARNING - Insert of existing embedding ID: 0
2024-11-09 21:29:20,425 - WARNING - Insert of existing embedding ID: 1
2024-11-09 21:29:20,425 - WARNING - Insert of existing embedding ID: 2
2024-11-09 21:29:20,426 - WARNING - Insert of existing embedding ID: 3
2024-11-09 21:29:20,426 - WARNING - Insert of existing embedding ID: 4
2024-11-09 21:29:20,426 - WARNING - Insert of existing embedding ID: 5
2024-11-09 21:29:20,426 - WARNING - Insert of existing embedding ID: 6
2024-11-09 21:29:20,426 - WARNING - Insert of existing embedding ID: 7
2024-11-09 21:29:20,426 - WARNING - Insert of existing embedding ID: 8
2024-11-09 21:29:20,426 - WARNING - Insert of existing embedding ID: 9
2024-11-09 21:29:20,426 - WARNING - Add of existing embedding ID: 0
2024-11-09 21:29:20,426 - WARNING - Add of existing embedding ID: 1
2024-11-09 21:29:20,427 - WARNING - Add of existing embedding ID: 2
2024-11-09 21:29:20,427 - WARNING - Add of existing embedding ID: 3
2024-11-09 21:29:20,427 - WARNING - Add of existing embedding ID: 4
2024-11-09 21:29:20,427 - WARNING - Add of existing embedding ID: 5
2024-11-09 21:29:20,427 - WARNING - Add of existing embedding ID: 6
2024-11-09 21:29:20,427 - WARNING - Add of existing embedding ID: 7
2024-11-09 21:29:20,427 - WARNING - Add of existing embedding ID: 8
2024-11-09 21:29:20,427 - WARNING - Add of existing embedding ID: 9
2024-11-09 21:29:20,428 - INFO - Batch 0 added to the collection.
2024-11-09 21:29:20,446 - INFO - HTTP Request: POST http://127.0.0.1:11434/api/embeddings "HTTP/1.1 200 OK"
2024-11-09 21:29:20,460 - INFO - HTTP Request: POST http://127.0.0.1:11434/api/embeddings "HTTP/1.1 200 OK"
2024-11-09 21:29:20,473 - INFO - HTTP Request: POST http://127.0.0.1:11434/api/embeddings "HTTP/1.1 200 OK"
2024-11-09 21:29:20,490 - INFO - HTTP Request: POST http://127.0.0.1:11434/api/embeddings "HTTP/1.1 200 OK"
2024-11-09 21:29:20,506 - INFO - HTTP Request: POST http://127.0.0.1:11434/api/embeddings "HTTP/1.1 200 OK"
2024-11-09 21:29:20,522 - INFO - HTTP Request: POST http://127.0.0.1:11434/api/embeddings "HTTP/1.1 200 OK"
2024-11-09 21:29:20,535 - INFO - HTTP Request: POST http://127.0.0.1:11434/api/embeddings "HTTP/1.1 200 OK"
2024-11-09 21:29:20,548 - INFO - HTTP Request: POST http://127.0.0.1:11434/api/embeddings "HTTP/1.1 200 OK"
2024-11-09 21:29:20,564 - INFO - HTTP Request: POST http://127.0.0.1:11434/api/embeddings "HTTP/1.1 200 OK"
2024-11-09 21:29:20,566 - WARNING - Insert of existing embedding ID: 10
2024-11-09 21:29:20,566 - WARNING - Insert of existing embedding ID: 11
2024-11-09 21:29:20,567 - WARNING - Insert of existing embedding ID: 12
2024-11-09 21:29:20,567 - WARNING - Insert of existing embedding ID: 13
2024-11-09 21:29:20,567 - WARNING - Insert of existing embedding ID: 14
2024-11-09 21:29:20,567 - WARNING - Insert of existing embedding ID: 15
2024-11-09 21:29:20,567 - WARNING - Insert of existing embedding ID: 16
2024-11-09 21:29:20,567 - WARNING - Insert of existing embedding ID: 17
2024-11-09 21:29:20,567 - WARNING - Insert of existing embedding ID: 18
2024-11-09 21:29:20,567 - WARNING - Add of existing embedding ID: 10
2024-11-09 21:29:20,567 - WARNING - Add of existing embedding ID: 11
2024-11-09 21:29:20,567 - WARNING - Add of existing embedding ID: 12
2024-11-09 21:29:20,567 - WARNING - Add of existing embedding ID: 13
2024-11-09 21:29:20,567 - WARNING - Add of existing embedding ID: 14
2024-11-09 21:29:20,567 - WARNING - Add of existing embedding ID: 15
2024-11-09 21:29:20,567 - WARNING - Add of existing embedding ID: 16
2024-11-09 21:29:20,567 - WARNING - Add of existing embedding ID: 17
2024-11-09 21:29:20,567 - WARNING - Add of existing embedding ID: 18
2024-11-09 21:29:20,569 - INFO - Batch 1 added to the collection.
2024-11-09 21:29:20,570 - INFO - Documents embedded in 2.3664557933807373 seconds.

2024-11-10 00:31:14,014 - INFO - Starting openLIT initialization...
2024-11-10 00:31:14,434 - INFO - Instrumented openai
2024-11-10 00:31:14,434 - INFO - Library for anthropic (anthropic) not found. Skipping instrumentation
2024-11-10 00:31:14,434 - INFO - Library for cohere (cohere) not found. Skipping instrumentation
2024-11-10 00:31:14,434 - INFO - Library for mistral (mistralai) not found. Skipping instrumentation
2024-11-10 00:31:14,471 - INFO - Instrumented bedrock
2024-11-10 00:31:14,472 - INFO - Library for vertexai (vertexai) not found. Skipping instrumentation
2024-11-10 00:31:14,472 - INFO - Library for groq (groq) not found. Skipping instrumentation
2024-11-10 00:31:14,473 - INFO - Instrumented ollama
2024-11-10 00:31:14,473 - INFO - Library for gpt4all (gpt4all) not found. Skipping instrumentation
2024-11-10 00:31:14,473 - INFO - Library for elevenlabs (elevenlabs) not found. Skipping instrumentation
2024-11-10 00:31:14,473 - INFO - Library for vllm (vllm) not found. Skipping instrumentation
2024-11-10 00:31:14,473 - INFO - Library for google-ai-studio (google.generativeai) not found. Skipping instrumentation
2024-11-10 00:31:14,474 - INFO - Library for azure-ai-inference (azure.ai.inference) not found. Skipping instrumentation
2024-11-10 00:31:14,474 - INFO - Library for langchain (langchain) not found. Skipping instrumentation
2024-11-10 00:31:14,475 - INFO - Library for llama_index (llama_index) not found. Skipping instrumentation
2024-11-10 00:31:14,475 - INFO - Library for haystack (haystack) not found. Skipping instrumentation
2024-11-10 00:31:14,475 - INFO - Library for embedchain (embedchain) not found. Skipping instrumentation
2024-11-10 00:31:14,476 - INFO - Instrumented chroma
2024-11-10 00:31:14,477 - INFO - Library for pinecone (pinecone) not found. Skipping instrumentation
2024-11-10 00:31:14,477 - INFO - Library for qdrant (qdrant_client) not found. Skipping instrumentation
2024-11-10 00:31:14,477 - INFO - Library for milvus (pymilvus) not found. Skipping instrumentation
2024-11-10 00:31:14,477 - INFO - Library for transformers (transformers) not found. Skipping instrumentation
2024-11-10 00:32:56,513 - INFO - HTTP Request: POST http://127.0.0.1:11434/api/embeddings "HTTP/1.1 200 OK"
2024-11-10 00:32:58,977 - INFO - Anonymized telemetry enabled. See https://docs.trychroma.com/telemetry for more information.
2024-11-10 00:32:59,065 - WARNING - Add of existing embedding ID: 0
2024-11-10 00:32:59,065 - WARNING - Add of existing embedding ID: 1
2024-11-10 00:32:59,066 - WARNING - Add of existing embedding ID: 2
2024-11-10 00:32:59,066 - WARNING - Add of existing embedding ID: 3
2024-11-10 00:32:59,066 - WARNING - Add of existing embedding ID: 4
2024-11-10 00:32:59,066 - WARNING - Add of existing embedding ID: 5
2024-11-10 00:32:59,066 - WARNING - Add of existing embedding ID: 6
2024-11-10 00:32:59,066 - WARNING - Add of existing embedding ID: 7
2024-11-10 00:32:59,066 - WARNING - Add of existing embedding ID: 8
2024-11-10 00:32:59,066 - WARNING - Add of existing embedding ID: 9
2024-11-10 00:32:59,066 - WARNING - Add of existing embedding ID: 10
2024-11-10 00:32:59,066 - WARNING - Add of existing embedding ID: 11
2024-11-10 00:32:59,066 - WARNING - Add of existing embedding ID: 12
2024-11-10 00:32:59,066 - WARNING - Add of existing embedding ID: 13
2024-11-10 00:32:59,066 - WARNING - Add of existing embedding ID: 14
2024-11-10 00:32:59,066 - WARNING - Add of existing embedding ID: 15
2024-11-10 00:32:59,066 - WARNING - Add of existing embedding ID: 16
2024-11-10 00:32:59,066 - WARNING - Add of existing embedding ID: 17
2024-11-10 00:32:59,066 - WARNING - Add of existing embedding ID: 18
2024-11-10 00:32:59,066 - WARNING - Add of existing embedding ID: 0
2024-11-10 00:32:59,066 - WARNING - Add of existing embedding ID: 1
2024-11-10 00:32:59,066 - WARNING - Add of existing embedding ID: 2
2024-11-10 00:32:59,066 - WARNING - Add of existing embedding ID: 3
2024-11-10 00:32:59,066 - WARNING - Add of existing embedding ID: 4
2024-11-10 00:32:59,066 - WARNING - Add of existing embedding ID: 5
2024-11-10 00:32:59,066 - WARNING - Add of existing embedding ID: 6
2024-11-10 00:32:59,066 - WARNING - Add of existing embedding ID: 7
2024-11-10 00:32:59,066 - WARNING - Add of existing embedding ID: 8
2024-11-10 00:32:59,066 - WARNING - Add of existing embedding ID: 9
2024-11-10 00:32:59,066 - WARNING - Add of existing embedding ID: 10
2024-11-10 00:32:59,067 - WARNING - Add of existing embedding ID: 11
2024-11-10 00:32:59,067 - WARNING - Add of existing embedding ID: 12
2024-11-10 00:32:59,067 - WARNING - Add of existing embedding ID: 13
2024-11-10 00:32:59,067 - WARNING - Add of existing embedding ID: 14
2024-11-10 00:32:59,067 - WARNING - Add of existing embedding ID: 15
2024-11-10 00:32:59,067 - WARNING - Add of existing embedding ID: 16
2024-11-10 00:32:59,067 - WARNING - Add of existing embedding ID: 17
2024-11-10 00:32:59,067 - WARNING - Add of existing embedding ID: 18
2024-11-10 00:32:59,067 - WARNING - Add of existing embedding ID: 0
2024-11-10 00:32:59,067 - WARNING - Add of existing embedding ID: 1
2024-11-10 00:32:59,067 - WARNING - Add of existing embedding ID: 2
2024-11-10 00:32:59,067 - WARNING - Add of existing embedding ID: 3
2024-11-10 00:32:59,067 - WARNING - Add of existing embedding ID: 4
2024-11-10 00:32:59,067 - WARNING - Add of existing embedding ID: 5
2024-11-10 00:32:59,067 - WARNING - Add of existing embedding ID: 6
2024-11-10 00:32:59,067 - WARNING - Add of existing embedding ID: 7
2024-11-10 00:32:59,067 - WARNING - Add of existing embedding ID: 8
2024-11-10 00:32:59,067 - WARNING - Add of existing embedding ID: 9
2024-11-10 00:32:59,067 - WARNING - Add of existing embedding ID: 10
2024-11-10 00:32:59,067 - WARNING - Add of existing embedding ID: 11
2024-11-10 00:32:59,067 - WARNING - Add of existing embedding ID: 12
2024-11-10 00:32:59,067 - WARNING - Add of existing embedding ID: 13
2024-11-10 00:32:59,067 - WARNING - Add of existing embedding ID: 14
2024-11-10 00:32:59,067 - WARNING - Add of existing embedding ID: 15
2024-11-10 00:32:59,067 - WARNING - Add of existing embedding ID: 16
2024-11-10 00:32:59,067 - WARNING - Add of existing embedding ID: 17
2024-11-10 00:32:59,067 - WARNING - Add of existing embedding ID: 18
2024-11-10 00:32:59,067 - WARNING - Add of existing embedding ID: 0
2024-11-10 00:32:59,067 - WARNING - Add of existing embedding ID: 1
2024-11-10 00:32:59,067 - WARNING - Add of existing embedding ID: 2
2024-11-10 00:32:59,067 - WARNING - Add of existing embedding ID: 3
2024-11-10 00:32:59,067 - WARNING - Add of existing embedding ID: 4
2024-11-10 00:32:59,068 - WARNING - Add of existing embedding ID: 5
2024-11-10 00:32:59,068 - WARNING - Add of existing embedding ID: 6
2024-11-10 00:32:59,068 - WARNING - Add of existing embedding ID: 7
2024-11-10 00:32:59,068 - WARNING - Add of existing embedding ID: 8
2024-11-10 00:32:59,068 - WARNING - Add of existing embedding ID: 9
2024-11-10 00:32:59,068 - WARNING - Add of existing embedding ID: 10
2024-11-10 00:32:59,068 - WARNING - Add of existing embedding ID: 11
2024-11-10 00:32:59,068 - WARNING - Add of existing embedding ID: 12
2024-11-10 00:32:59,068 - WARNING - Add of existing embedding ID: 13
2024-11-10 00:32:59,068 - WARNING - Add of existing embedding ID: 14
2024-11-10 00:32:59,068 - WARNING - Add of existing embedding ID: 15
2024-11-10 00:32:59,068 - WARNING - Add of existing embedding ID: 16
2024-11-10 00:32:59,068 - WARNING - Add of existing embedding ID: 17
2024-11-10 00:32:59,068 - WARNING - Add of existing embedding ID: 18
2024-11-10 00:32:59,068 - WARNING - Add of existing embedding ID: 0
2024-11-10 00:32:59,068 - WARNING - Add of existing embedding ID: 1
2024-11-10 00:32:59,068 - WARNING - Add of existing embedding ID: 2
2024-11-10 00:32:59,068 - WARNING - Add of existing embedding ID: 3
2024-11-10 00:32:59,068 - WARNING - Add of existing embedding ID: 4
2024-11-10 00:32:59,068 - WARNING - Add of existing embedding ID: 5
2024-11-10 00:32:59,068 - WARNING - Add of existing embedding ID: 6
2024-11-10 00:32:59,068 - WARNING - Add of existing embedding ID: 7
2024-11-10 00:32:59,068 - WARNING - Add of existing embedding ID: 8
2024-11-10 00:32:59,068 - WARNING - Add of existing embedding ID: 9
2024-11-10 00:32:59,068 - WARNING - Add of existing embedding ID: 10
2024-11-10 00:32:59,068 - WARNING - Add of existing embedding ID: 11
2024-11-10 00:32:59,068 - WARNING - Add of existing embedding ID: 12
2024-11-10 00:32:59,068 - WARNING - Add of existing embedding ID: 13
2024-11-10 00:32:59,068 - WARNING - Add of existing embedding ID: 14
2024-11-10 00:32:59,068 - WARNING - Add of existing embedding ID: 15
2024-11-10 00:32:59,068 - WARNING - Add of existing embedding ID: 16
2024-11-10 00:32:59,068 - WARNING - Add of existing embedding ID: 17
2024-11-10 00:32:59,068 - WARNING - Add of existing embedding ID: 18
2024-11-10 00:32:59,068 - WARNING - Add of existing embedding ID: 0
2024-11-10 00:32:59,069 - WARNING - Add of existing embedding ID: 1
2024-11-10 00:32:59,069 - WARNING - Add of existing embedding ID: 2
2024-11-10 00:32:59,069 - WARNING - Add of existing embedding ID: 3
2024-11-10 00:32:59,069 - WARNING - Add of existing embedding ID: 4
2024-11-10 00:32:59,069 - WARNING - Add of existing embedding ID: 5
2024-11-10 00:32:59,069 - WARNING - Add of existing embedding ID: 6
2024-11-10 00:32:59,069 - WARNING - Add of existing embedding ID: 7
2024-11-10 00:32:59,069 - WARNING - Add of existing embedding ID: 8
2024-11-10 00:32:59,069 - WARNING - Add of existing embedding ID: 9
2024-11-10 00:32:59,069 - WARNING - Add of existing embedding ID: 10
2024-11-10 00:32:59,069 - WARNING - Add of existing embedding ID: 11
2024-11-10 00:32:59,069 - WARNING - Add of existing embedding ID: 12
2024-11-10 00:32:59,069 - WARNING - Add of existing embedding ID: 13
2024-11-10 00:32:59,069 - WARNING - Add of existing embedding ID: 14
2024-11-10 00:32:59,069 - WARNING - Add of existing embedding ID: 15
2024-11-10 00:32:59,069 - WARNING - Add of existing embedding ID: 16
2024-11-10 00:32:59,069 - WARNING - Add of existing embedding ID: 17
2024-11-10 00:32:59,069 - WARNING - Add of existing embedding ID: 18
2024-11-10 00:32:59,069 - WARNING - Add of existing embedding ID: 0
2024-11-10 00:32:59,069 - WARNING - Add of existing embedding ID: 1
2024-11-10 00:32:59,069 - WARNING - Add of existing embedding ID: 2
2024-11-10 00:32:59,069 - WARNING - Add of existing embedding ID: 3
2024-11-10 00:32:59,069 - WARNING - Add of existing embedding ID: 4
2024-11-10 00:32:59,069 - WARNING - Add of existing embedding ID: 5
2024-11-10 00:32:59,069 - WARNING - Add of existing embedding ID: 6
2024-11-10 00:32:59,069 - WARNING - Add of existing embedding ID: 7
2024-11-10 00:32:59,069 - WARNING - Add of existing embedding ID: 8
2024-11-10 00:32:59,069 - WARNING - Add of existing embedding ID: 9
2024-11-10 00:32:59,069 - WARNING - Add of existing embedding ID: 10
2024-11-10 00:32:59,069 - WARNING - Add of existing embedding ID: 11
2024-11-10 00:32:59,069 - WARNING - Add of existing embedding ID: 12
2024-11-10 00:32:59,069 - WARNING - Add of existing embedding ID: 13
2024-11-10 00:32:59,069 - WARNING - Add of existing embedding ID: 14
2024-11-10 00:32:59,069 - WARNING - Add of existing embedding ID: 15
2024-11-10 00:32:59,069 - WARNING - Add of existing embedding ID: 16
2024-11-10 00:32:59,070 - WARNING - Add of existing embedding ID: 17
2024-11-10 00:32:59,070 - WARNING - Add of existing embedding ID: 18
2024-11-10 00:32:59,070 - WARNING - Add of existing embedding ID: 0
2024-11-10 00:32:59,070 - WARNING - Add of existing embedding ID: 1
2024-11-10 00:32:59,070 - WARNING - Add of existing embedding ID: 2
2024-11-10 00:32:59,070 - WARNING - Add of existing embedding ID: 3
2024-11-10 00:32:59,070 - WARNING - Add of existing embedding ID: 4
2024-11-10 00:32:59,070 - WARNING - Add of existing embedding ID: 5
2024-11-10 00:32:59,070 - WARNING - Add of existing embedding ID: 6
2024-11-10 00:32:59,070 - WARNING - Add of existing embedding ID: 7
2024-11-10 00:32:59,070 - WARNING - Add of existing embedding ID: 8
2024-11-10 00:32:59,070 - WARNING - Add of existing embedding ID: 9
2024-11-10 00:32:59,070 - WARNING - Add of existing embedding ID: 10
2024-11-10 00:32:59,070 - WARNING - Add of existing embedding ID: 11
2024-11-10 00:32:59,070 - WARNING - Add of existing embedding ID: 12
2024-11-10 00:32:59,070 - WARNING - Add of existing embedding ID: 13
2024-11-10 00:32:59,070 - WARNING - Add of existing embedding ID: 14
2024-11-10 00:32:59,070 - WARNING - Add of existing embedding ID: 15
2024-11-10 00:32:59,070 - WARNING - Add of existing embedding ID: 16
2024-11-10 00:32:59,070 - WARNING - Add of existing embedding ID: 17
2024-11-10 00:32:59,070 - WARNING - Add of existing embedding ID: 18
2024-11-10 00:32:59,070 - WARNING - Add of existing embedding ID: 0
2024-11-10 00:32:59,070 - WARNING - Add of existing embedding ID: 1
2024-11-10 00:32:59,070 - WARNING - Add of existing embedding ID: 2
2024-11-10 00:32:59,070 - WARNING - Add of existing embedding ID: 3
2024-11-10 00:32:59,070 - WARNING - Add of existing embedding ID: 4
2024-11-10 00:32:59,070 - WARNING - Add of existing embedding ID: 5
2024-11-10 00:32:59,070 - WARNING - Add of existing embedding ID: 6
2024-11-10 00:32:59,070 - WARNING - Add of existing embedding ID: 7
2024-11-10 00:32:59,070 - WARNING - Add of existing embedding ID: 8
2024-11-10 00:32:59,070 - WARNING - Add of existing embedding ID: 9
2024-11-10 00:32:59,070 - WARNING - Add of existing embedding ID: 10
2024-11-10 00:32:59,070 - WARNING - Add of existing embedding ID: 11
2024-11-10 00:32:59,070 - WARNING - Add of existing embedding ID: 12
2024-11-10 00:32:59,070 - WARNING - Add of existing embedding ID: 13
2024-11-10 00:32:59,070 - WARNING - Add of existing embedding ID: 14
2024-11-10 00:32:59,071 - WARNING - Add of existing embedding ID: 15
2024-11-10 00:32:59,071 - WARNING - Add of existing embedding ID: 16
2024-11-10 00:32:59,071 - WARNING - Add of existing embedding ID: 17
2024-11-10 00:32:59,071 - WARNING - Add of existing embedding ID: 18
2024-11-10 00:32:59,071 - WARNING - Add of existing embedding ID: 0
2024-11-10 00:32:59,071 - WARNING - Add of existing embedding ID: 1
2024-11-10 00:32:59,071 - WARNING - Add of existing embedding ID: 2
2024-11-10 00:32:59,071 - WARNING - Add of existing embedding ID: 3
2024-11-10 00:32:59,071 - WARNING - Add of existing embedding ID: 4
2024-11-10 00:32:59,071 - WARNING - Add of existing embedding ID: 5
2024-11-10 00:32:59,071 - WARNING - Add of existing embedding ID: 6
2024-11-10 00:32:59,071 - WARNING - Add of existing embedding ID: 7
2024-11-10 00:32:59,071 - WARNING - Add of existing embedding ID: 8
2024-11-10 00:32:59,071 - WARNING - Add of existing embedding ID: 9
2024-11-10 00:32:59,071 - WARNING - Add of existing embedding ID: 10
2024-11-10 00:32:59,071 - WARNING - Add of existing embedding ID: 11
2024-11-10 00:32:59,071 - WARNING - Add of existing embedding ID: 12
2024-11-10 00:32:59,071 - WARNING - Add of existing embedding ID: 13
2024-11-10 00:32:59,071 - WARNING - Add of existing embedding ID: 14
2024-11-10 00:32:59,071 - WARNING - Add of existing embedding ID: 15
2024-11-10 00:32:59,071 - WARNING - Add of existing embedding ID: 16
2024-11-10 00:32:59,071 - WARNING - Add of existing embedding ID: 17
2024-11-10 00:32:59,071 - WARNING - Add of existing embedding ID: 18
2024-11-10 00:32:59,071 - WARNING - Number of requested results 20 is greater than number of elements in index 19, updating n_results = 19
2024-11-10 00:32:59,073 - INFO - RAG performed in 4.925268888473511 seconds.

2024-11-10 00:32:59,091 - INFO - HTTP Request: GET http://127.0.0.1:11434/api/tags "HTTP/1.1 200 OK"
2024-11-10 00:33:03,291 - ERROR - Exception while exporting Span batch.
Traceback (most recent call last):
  File "C:\Users\musti\Miniconda3\envs\profile_finder\Lib\site-packages\urllib3\connection.py", line 199, in _new_conn
    sock = connection.create_connection(
           ^^^^^^^^^^^^^^^^^^^^^^^^^^^^^
  File "C:\Users\musti\Miniconda3\envs\profile_finder\Lib\site-packages\urllib3\util\connection.py", line 85, in create_connection
    raise err
  File "C:\Users\musti\Miniconda3\envs\profile_finder\Lib\site-packages\urllib3\util\connection.py", line 73, in create_connection
    sock.connect(sa)
ConnectionRefusedError: [WinError 10061] Aucune connexion n’a pu être établie car l’ordinateur cible l’a expressément refusée

The above exception was the direct cause of the following exception:

Traceback (most recent call last):
  File "C:\Users\musti\Miniconda3\envs\profile_finder\Lib\site-packages\urllib3\connectionpool.py", line 789, in urlopen
    response = self._make_request(
               ^^^^^^^^^^^^^^^^^^^
  File "C:\Users\musti\Miniconda3\envs\profile_finder\Lib\site-packages\urllib3\connectionpool.py", line 495, in _make_request
    conn.request(
  File "C:\Users\musti\Miniconda3\envs\profile_finder\Lib\site-packages\urllib3\connection.py", line 441, in request
    self.endheaders()
  File "C:\Users\musti\Miniconda3\envs\profile_finder\Lib\http\client.py", line 1298, in endheaders
    self._send_output(message_body, encode_chunked=encode_chunked)
  File "C:\Users\musti\Miniconda3\envs\profile_finder\Lib\http\client.py", line 1058, in _send_output
    self.send(msg)
  File "C:\Users\musti\Miniconda3\envs\profile_finder\Lib\http\client.py", line 996, in send
    self.connect()
  File "C:\Users\musti\Miniconda3\envs\profile_finder\Lib\site-packages\urllib3\connection.py", line 279, in connect
    self.sock = self._new_conn()
                ^^^^^^^^^^^^^^^^
  File "C:\Users\musti\Miniconda3\envs\profile_finder\Lib\site-packages\urllib3\connection.py", line 214, in _new_conn
    raise NewConnectionError(
urllib3.exceptions.NewConnectionError: <urllib3.connection.HTTPConnection object at 0x000001FE6E3B76D0>: Failed to establish a new connection: [WinError 10061] Aucune connexion n’a pu être établie car l’ordinateur cible l’a expressément refusée

The above exception was the direct cause of the following exception:

Traceback (most recent call last):
  File "C:\Users\musti\Miniconda3\envs\profile_finder\Lib\site-packages\requests\adapters.py", line 667, in send
    resp = conn.urlopen(
           ^^^^^^^^^^^^^
  File "C:\Users\musti\Miniconda3\envs\profile_finder\Lib\site-packages\urllib3\connectionpool.py", line 843, in urlopen
    retries = retries.increment(
              ^^^^^^^^^^^^^^^^^^
  File "C:\Users\musti\Miniconda3\envs\profile_finder\Lib\site-packages\urllib3\util\retry.py", line 519, in increment
    raise MaxRetryError(_pool, url, reason) from reason  # type: ignore[arg-type]
    ^^^^^^^^^^^^^^^^^^^^^^^^^^^^^^^^^^^^^^^^^^^^^^^^^^^
urllib3.exceptions.MaxRetryError: HTTPConnectionPool(host='localhost', port=4318): Max retries exceeded with url: /v1/traces (Caused by NewConnectionError('<urllib3.connection.HTTPConnection object at 0x000001FE6E3B76D0>: Failed to establish a new connection: [WinError 10061] Aucune connexion n’a pu être établie car l’ordinateur cible l’a expressément refusée'))

During handling of the above exception, another exception occurred:

Traceback (most recent call last):
  File "C:\Users\musti\Miniconda3\envs\profile_finder\Lib\site-packages\opentelemetry\sdk\trace\export\__init__.py", line 367, in _export_batch
    self.span_exporter.export(self.spans_list[:idx])  # type: ignore
    ^^^^^^^^^^^^^^^^^^^^^^^^^^^^^^^^^^^^^^^^^^^^^^^^
  File "C:\Users\musti\Miniconda3\envs\profile_finder\Lib\site-packages\opentelemetry\exporter\otlp\proto\http\trace_exporter\__init__.py", line 191, in export
    return self._export_serialized_spans(serialized_data)
           ^^^^^^^^^^^^^^^^^^^^^^^^^^^^^^^^^^^^^^^^^^^^^^
  File "C:\Users\musti\Miniconda3\envs\profile_finder\Lib\site-packages\opentelemetry\exporter\otlp\proto\http\trace_exporter\__init__.py", line 161, in _export_serialized_spans
    resp = self._export(serialized_data)
           ^^^^^^^^^^^^^^^^^^^^^^^^^^^^^
  File "C:\Users\musti\Miniconda3\envs\profile_finder\Lib\site-packages\opentelemetry\exporter\otlp\proto\http\trace_exporter\__init__.py", line 135, in _export
    return self._session.post(
           ^^^^^^^^^^^^^^^^^^^
  File "C:\Users\musti\Miniconda3\envs\profile_finder\Lib\site-packages\requests\sessions.py", line 637, in post
    return self.request("POST", url, data=data, json=json, **kwargs)
           ^^^^^^^^^^^^^^^^^^^^^^^^^^^^^^^^^^^^^^^^^^^^^^^^^^^^^^^^^
  File "C:\Users\musti\Miniconda3\envs\profile_finder\Lib\site-packages\requests\sessions.py", line 589, in request
    resp = self.send(prep, **send_kwargs)
           ^^^^^^^^^^^^^^^^^^^^^^^^^^^^^^
  File "C:\Users\musti\Miniconda3\envs\profile_finder\Lib\site-packages\requests\sessions.py", line 703, in send
    r = adapter.send(request, **kwargs)
        ^^^^^^^^^^^^^^^^^^^^^^^^^^^^^^^
  File "C:\Users\musti\Miniconda3\envs\profile_finder\Lib\site-packages\requests\adapters.py", line 700, in send
    raise ConnectionError(e, request=request)
requests.exceptions.ConnectionError: HTTPConnectionPool(host='localhost', port=4318): Max retries exceeded with url: /v1/traces (Caused by NewConnectionError('<urllib3.connection.HTTPConnection object at 0x000001FE6E3B76D0>: Failed to establish a new connection: [WinError 10061] Aucune connexion n’a pu être établie car l’ordinateur cible l’a expressément refusée'))
2024-11-10 00:33:08,788 - INFO - HTTP Request: POST http://127.0.0.1:11434/api/generate "HTTP/1.1 200 OK"
2024-11-10 00:33:08,789 - INFO - 
2024-11-10 00:33:08,789 - INFO - Question asked: Qui est sur PAris ?
2024-11-10 00:33:08,789 - INFO - 
2024-11-10 00:33:08,789 - INFO - Generated response: D'après l'information que vous avez fourni, il n'y a pas d'informations spécifiques qui indiquent quelqu'un est actuellement à Paris. Les informations fournies concernent les employés de votre entreprise avec leurs détails et affectation, mais il n'y a aucune mention du lieu géographique spécifique qu'ils occupent. Si vous souhaitez savoir qui est sur Paris en fonction des données fournies, il faudrait peut-être avoir accès à d'autres informations ou contextes non inclus dans les éléments fournis.
2024-11-10 00:33:08,789 - INFO - 
2024-11-10 00:33:08,789 - INFO - Response generated in 9.715787410736084 seconds.


2024-11-10 00:33:12,894 - WARNING - Retrying (Retry(total=4, connect=4, read=5, redirect=5, status=5)) after connection broken by 'NewConnectionError('<urllib3.connection.HTTPConnection object at 0x000001FE6BEF8ED0>: Failed to establish a new connection: [WinError 10061] Aucune connexion n’a pu être établie car l’ordinateur cible l’a expressément refusée')': /api/2.0/mlflow/experiments/get-by-name?experiment_name=Profile+Finder+Chat+Metrics
2024-11-10 00:33:13,318 - ERROR - Exception while exporting Span batch.
Traceback (most recent call last):
  File "C:\Users\musti\Miniconda3\envs\profile_finder\Lib\site-packages\urllib3\connection.py", line 199, in _new_conn
    sock = connection.create_connection(
           ^^^^^^^^^^^^^^^^^^^^^^^^^^^^^
  File "C:\Users\musti\Miniconda3\envs\profile_finder\Lib\site-packages\urllib3\util\connection.py", line 85, in create_connection
    raise err
  File "C:\Users\musti\Miniconda3\envs\profile_finder\Lib\site-packages\urllib3\util\connection.py", line 73, in create_connection
    sock.connect(sa)
ConnectionRefusedError: [WinError 10061] Aucune connexion n’a pu être établie car l’ordinateur cible l’a expressément refusée

The above exception was the direct cause of the following exception:

Traceback (most recent call last):
  File "C:\Users\musti\Miniconda3\envs\profile_finder\Lib\site-packages\urllib3\connectionpool.py", line 789, in urlopen
    response = self._make_request(
               ^^^^^^^^^^^^^^^^^^^
  File "C:\Users\musti\Miniconda3\envs\profile_finder\Lib\site-packages\urllib3\connectionpool.py", line 495, in _make_request
    conn.request(
  File "C:\Users\musti\Miniconda3\envs\profile_finder\Lib\site-packages\urllib3\connection.py", line 441, in request
    self.endheaders()
  File "C:\Users\musti\Miniconda3\envs\profile_finder\Lib\http\client.py", line 1298, in endheaders
    self._send_output(message_body, encode_chunked=encode_chunked)
  File "C:\Users\musti\Miniconda3\envs\profile_finder\Lib\http\client.py", line 1058, in _send_output
    self.send(msg)
  File "C:\Users\musti\Miniconda3\envs\profile_finder\Lib\http\client.py", line 996, in send
    self.connect()
  File "C:\Users\musti\Miniconda3\envs\profile_finder\Lib\site-packages\urllib3\connection.py", line 279, in connect
    self.sock = self._new_conn()
                ^^^^^^^^^^^^^^^^
  File "C:\Users\musti\Miniconda3\envs\profile_finder\Lib\site-packages\urllib3\connection.py", line 214, in _new_conn
    raise NewConnectionError(
urllib3.exceptions.NewConnectionError: <urllib3.connection.HTTPConnection object at 0x000001FE6BEFB410>: Failed to establish a new connection: [WinError 10061] Aucune connexion n’a pu être établie car l’ordinateur cible l’a expressément refusée

The above exception was the direct cause of the following exception:

Traceback (most recent call last):
  File "C:\Users\musti\Miniconda3\envs\profile_finder\Lib\site-packages\requests\adapters.py", line 667, in send
    resp = conn.urlopen(
           ^^^^^^^^^^^^^
  File "C:\Users\musti\Miniconda3\envs\profile_finder\Lib\site-packages\urllib3\connectionpool.py", line 843, in urlopen
    retries = retries.increment(
              ^^^^^^^^^^^^^^^^^^
  File "C:\Users\musti\Miniconda3\envs\profile_finder\Lib\site-packages\urllib3\util\retry.py", line 519, in increment
    raise MaxRetryError(_pool, url, reason) from reason  # type: ignore[arg-type]
    ^^^^^^^^^^^^^^^^^^^^^^^^^^^^^^^^^^^^^^^^^^^^^^^^^^^
urllib3.exceptions.MaxRetryError: HTTPConnectionPool(host='localhost', port=4318): Max retries exceeded with url: /v1/traces (Caused by NewConnectionError('<urllib3.connection.HTTPConnection object at 0x000001FE6BEFB410>: Failed to establish a new connection: [WinError 10061] Aucune connexion n’a pu être établie car l’ordinateur cible l’a expressément refusée'))

During handling of the above exception, another exception occurred:

Traceback (most recent call last):
  File "C:\Users\musti\Miniconda3\envs\profile_finder\Lib\site-packages\opentelemetry\sdk\trace\export\__init__.py", line 367, in _export_batch
    self.span_exporter.export(self.spans_list[:idx])  # type: ignore
    ^^^^^^^^^^^^^^^^^^^^^^^^^^^^^^^^^^^^^^^^^^^^^^^^
  File "C:\Users\musti\Miniconda3\envs\profile_finder\Lib\site-packages\opentelemetry\exporter\otlp\proto\http\trace_exporter\__init__.py", line 191, in export
    return self._export_serialized_spans(serialized_data)
           ^^^^^^^^^^^^^^^^^^^^^^^^^^^^^^^^^^^^^^^^^^^^^^
  File "C:\Users\musti\Miniconda3\envs\profile_finder\Lib\site-packages\opentelemetry\exporter\otlp\proto\http\trace_exporter\__init__.py", line 161, in _export_serialized_spans
    resp = self._export(serialized_data)
           ^^^^^^^^^^^^^^^^^^^^^^^^^^^^^
  File "C:\Users\musti\Miniconda3\envs\profile_finder\Lib\site-packages\opentelemetry\exporter\otlp\proto\http\trace_exporter\__init__.py", line 135, in _export
    return self._session.post(
           ^^^^^^^^^^^^^^^^^^^
  File "C:\Users\musti\Miniconda3\envs\profile_finder\Lib\site-packages\requests\sessions.py", line 637, in post
    return self.request("POST", url, data=data, json=json, **kwargs)
           ^^^^^^^^^^^^^^^^^^^^^^^^^^^^^^^^^^^^^^^^^^^^^^^^^^^^^^^^^
  File "C:\Users\musti\Miniconda3\envs\profile_finder\Lib\site-packages\requests\sessions.py", line 589, in request
    resp = self.send(prep, **send_kwargs)
           ^^^^^^^^^^^^^^^^^^^^^^^^^^^^^^
  File "C:\Users\musti\Miniconda3\envs\profile_finder\Lib\site-packages\requests\sessions.py", line 703, in send
    r = adapter.send(request, **kwargs)
        ^^^^^^^^^^^^^^^^^^^^^^^^^^^^^^^
  File "C:\Users\musti\Miniconda3\envs\profile_finder\Lib\site-packages\requests\adapters.py", line 700, in send
    raise ConnectionError(e, request=request)
requests.exceptions.ConnectionError: HTTPConnectionPool(host='localhost', port=4318): Max retries exceeded with url: /v1/traces (Caused by NewConnectionError('<urllib3.connection.HTTPConnection object at 0x000001FE6BEFB410>: Failed to establish a new connection: [WinError 10061] Aucune connexion n’a pu être établie car l’ordinateur cible l’a expressément refusée'))
2024-11-10 00:33:18,150 - ERROR - Exception while exporting metrics HTTPConnectionPool(host='localhost', port=4318): Max retries exceeded with url: /v1/metrics (Caused by NewConnectionError('<urllib3.connection.HTTPConnection object at 0x000001FE6BEFFDD0>: Failed to establish a new connection: [WinError 10061] Aucune connexion n’a pu être établie car l’ordinateur cible l’a expressément refusée'))
Traceback (most recent call last):
  File "C:\Users\musti\Miniconda3\envs\profile_finder\Lib\site-packages\urllib3\connection.py", line 199, in _new_conn
    sock = connection.create_connection(
           ^^^^^^^^^^^^^^^^^^^^^^^^^^^^^
  File "C:\Users\musti\Miniconda3\envs\profile_finder\Lib\site-packages\urllib3\util\connection.py", line 85, in create_connection
    raise err
  File "C:\Users\musti\Miniconda3\envs\profile_finder\Lib\site-packages\urllib3\util\connection.py", line 73, in create_connection
    sock.connect(sa)
ConnectionRefusedError: [WinError 10061] Aucune connexion n’a pu être établie car l’ordinateur cible l’a expressément refusée

The above exception was the direct cause of the following exception:

Traceback (most recent call last):
  File "C:\Users\musti\Miniconda3\envs\profile_finder\Lib\site-packages\urllib3\connectionpool.py", line 789, in urlopen
    response = self._make_request(
               ^^^^^^^^^^^^^^^^^^^
  File "C:\Users\musti\Miniconda3\envs\profile_finder\Lib\site-packages\urllib3\connectionpool.py", line 495, in _make_request
    conn.request(
  File "C:\Users\musti\Miniconda3\envs\profile_finder\Lib\site-packages\urllib3\connection.py", line 441, in request
    self.endheaders()
  File "C:\Users\musti\Miniconda3\envs\profile_finder\Lib\http\client.py", line 1298, in endheaders
    self._send_output(message_body, encode_chunked=encode_chunked)
  File "C:\Users\musti\Miniconda3\envs\profile_finder\Lib\http\client.py", line 1058, in _send_output
    self.send(msg)
  File "C:\Users\musti\Miniconda3\envs\profile_finder\Lib\http\client.py", line 996, in send
    self.connect()
  File "C:\Users\musti\Miniconda3\envs\profile_finder\Lib\site-packages\urllib3\connection.py", line 279, in connect
    self.sock = self._new_conn()
                ^^^^^^^^^^^^^^^^
  File "C:\Users\musti\Miniconda3\envs\profile_finder\Lib\site-packages\urllib3\connection.py", line 214, in _new_conn
    raise NewConnectionError(
urllib3.exceptions.NewConnectionError: <urllib3.connection.HTTPConnection object at 0x000001FE6BEFFDD0>: Failed to establish a new connection: [WinError 10061] Aucune connexion n’a pu être établie car l’ordinateur cible l’a expressément refusée

The above exception was the direct cause of the following exception:

Traceback (most recent call last):
  File "C:\Users\musti\Miniconda3\envs\profile_finder\Lib\site-packages\requests\adapters.py", line 667, in send
    resp = conn.urlopen(
           ^^^^^^^^^^^^^
  File "C:\Users\musti\Miniconda3\envs\profile_finder\Lib\site-packages\urllib3\connectionpool.py", line 843, in urlopen
    retries = retries.increment(
              ^^^^^^^^^^^^^^^^^^
  File "C:\Users\musti\Miniconda3\envs\profile_finder\Lib\site-packages\urllib3\util\retry.py", line 519, in increment
    raise MaxRetryError(_pool, url, reason) from reason  # type: ignore[arg-type]
    ^^^^^^^^^^^^^^^^^^^^^^^^^^^^^^^^^^^^^^^^^^^^^^^^^^^
urllib3.exceptions.MaxRetryError: HTTPConnectionPool(host='localhost', port=4318): Max retries exceeded with url: /v1/metrics (Caused by NewConnectionError('<urllib3.connection.HTTPConnection object at 0x000001FE6BEFFDD0>: Failed to establish a new connection: [WinError 10061] Aucune connexion n’a pu être établie car l’ordinateur cible l’a expressément refusée'))

During handling of the above exception, another exception occurred:

Traceback (most recent call last):
  File "C:\Users\musti\Miniconda3\envs\profile_finder\Lib\site-packages\opentelemetry\sdk\metrics\_internal\export\__init__.py", line 541, in _receive_metrics
    self._exporter.export(
  File "C:\Users\musti\Miniconda3\envs\profile_finder\Lib\site-packages\opentelemetry\exporter\otlp\proto\http\metric_exporter\__init__.py", line 203, in export
    resp = self._export(serialized_data.SerializeToString())
           ^^^^^^^^^^^^^^^^^^^^^^^^^^^^^^^^^^^^^^^^^^^^^^^^^
  File "C:\Users\musti\Miniconda3\envs\profile_finder\Lib\site-packages\opentelemetry\exporter\otlp\proto\http\metric_exporter\__init__.py", line 173, in _export
    return self._session.post(
           ^^^^^^^^^^^^^^^^^^^
  File "C:\Users\musti\Miniconda3\envs\profile_finder\Lib\site-packages\requests\sessions.py", line 637, in post
    return self.request("POST", url, data=data, json=json, **kwargs)
           ^^^^^^^^^^^^^^^^^^^^^^^^^^^^^^^^^^^^^^^^^^^^^^^^^^^^^^^^^
  File "C:\Users\musti\Miniconda3\envs\profile_finder\Lib\site-packages\requests\sessions.py", line 589, in request
    resp = self.send(prep, **send_kwargs)
           ^^^^^^^^^^^^^^^^^^^^^^^^^^^^^^
  File "C:\Users\musti\Miniconda3\envs\profile_finder\Lib\site-packages\requests\sessions.py", line 703, in send
    r = adapter.send(request, **kwargs)
        ^^^^^^^^^^^^^^^^^^^^^^^^^^^^^^^
  File "C:\Users\musti\Miniconda3\envs\profile_finder\Lib\site-packages\requests\adapters.py", line 700, in send
    raise ConnectionError(e, request=request)
requests.exceptions.ConnectionError: HTTPConnectionPool(host='localhost', port=4318): Max retries exceeded with url: /v1/metrics (Caused by NewConnectionError('<urllib3.connection.HTTPConnection object at 0x000001FE6BEFFDD0>: Failed to establish a new connection: [WinError 10061] Aucune connexion n’a pu être établie car l’ordinateur cible l’a expressément refusée'))
2024-11-10 00:33:21,260 - WARNING - Retrying (Retry(total=3, connect=3, read=5, redirect=5, status=5)) after connection broken by 'NewConnectionError('<urllib3.connection.HTTPConnection object at 0x000001FE6BEFA450>: Failed to establish a new connection: [WinError 10061] Aucune connexion n’a pu être établie car l’ordinateur cible l’a expressément refusée')': /api/2.0/mlflow/experiments/get-by-name?experiment_name=Profile+Finder+Chat+Metrics
2024-11-10 00:33:33,848 - WARNING - Retrying (Retry(total=2, connect=2, read=5, redirect=5, status=5)) after connection broken by 'NewConnectionError('<urllib3.connection.HTTPConnection object at 0x000001FE6E3B5550>: Failed to establish a new connection: [WinError 10061] Aucune connexion n’a pu être établie car l’ordinateur cible l’a expressément refusée')': /api/2.0/mlflow/experiments/get-by-name?experiment_name=Profile+Finder+Chat+Metrics
2024-11-10 00:33:54,386 - WARNING - Retrying (Retry(total=1, connect=1, read=5, redirect=5, status=5)) after connection broken by 'NewConnectionError('<urllib3.connection.HTTPConnection object at 0x000001FE6BEEC150>: Failed to establish a new connection: [WinError 10061] Aucune connexion n’a pu être établie car l’ordinateur cible l’a expressément refusée')': /api/2.0/mlflow/experiments/get-by-name?experiment_name=Profile+Finder+Chat+Metrics
2024-11-10 00:34:22,216 - ERROR - Exception while exporting metrics HTTPConnectionPool(host='localhost', port=4318): Max retries exceeded with url: /v1/metrics (Caused by NewConnectionError('<urllib3.connection.HTTPConnection object at 0x000001FE6BEEA490>: Failed to establish a new connection: [WinError 10061] Aucune connexion n’a pu être établie car l’ordinateur cible l’a expressément refusée'))
Traceback (most recent call last):
  File "C:\Users\musti\Miniconda3\envs\profile_finder\Lib\site-packages\urllib3\connection.py", line 199, in _new_conn
    sock = connection.create_connection(
           ^^^^^^^^^^^^^^^^^^^^^^^^^^^^^
  File "C:\Users\musti\Miniconda3\envs\profile_finder\Lib\site-packages\urllib3\util\connection.py", line 85, in create_connection
    raise err
  File "C:\Users\musti\Miniconda3\envs\profile_finder\Lib\site-packages\urllib3\util\connection.py", line 73, in create_connection
    sock.connect(sa)
ConnectionRefusedError: [WinError 10061] Aucune connexion n’a pu être établie car l’ordinateur cible l’a expressément refusée

The above exception was the direct cause of the following exception:

Traceback (most recent call last):
  File "C:\Users\musti\Miniconda3\envs\profile_finder\Lib\site-packages\urllib3\connectionpool.py", line 789, in urlopen
    response = self._make_request(
               ^^^^^^^^^^^^^^^^^^^
  File "C:\Users\musti\Miniconda3\envs\profile_finder\Lib\site-packages\urllib3\connectionpool.py", line 495, in _make_request
    conn.request(
  File "C:\Users\musti\Miniconda3\envs\profile_finder\Lib\site-packages\urllib3\connection.py", line 441, in request
    self.endheaders()
  File "C:\Users\musti\Miniconda3\envs\profile_finder\Lib\http\client.py", line 1298, in endheaders
    self._send_output(message_body, encode_chunked=encode_chunked)
  File "C:\Users\musti\Miniconda3\envs\profile_finder\Lib\http\client.py", line 1058, in _send_output
    self.send(msg)
  File "C:\Users\musti\Miniconda3\envs\profile_finder\Lib\http\client.py", line 996, in send
    self.connect()
  File "C:\Users\musti\Miniconda3\envs\profile_finder\Lib\site-packages\urllib3\connection.py", line 279, in connect
    self.sock = self._new_conn()
                ^^^^^^^^^^^^^^^^
  File "C:\Users\musti\Miniconda3\envs\profile_finder\Lib\site-packages\urllib3\connection.py", line 214, in _new_conn
    raise NewConnectionError(
urllib3.exceptions.NewConnectionError: <urllib3.connection.HTTPConnection object at 0x000001FE6BEEA490>: Failed to establish a new connection: [WinError 10061] Aucune connexion n’a pu être établie car l’ordinateur cible l’a expressément refusée

The above exception was the direct cause of the following exception:

Traceback (most recent call last):
  File "C:\Users\musti\Miniconda3\envs\profile_finder\Lib\site-packages\requests\adapters.py", line 667, in send
    resp = conn.urlopen(
           ^^^^^^^^^^^^^
  File "C:\Users\musti\Miniconda3\envs\profile_finder\Lib\site-packages\urllib3\connectionpool.py", line 843, in urlopen
    retries = retries.increment(
              ^^^^^^^^^^^^^^^^^^
  File "C:\Users\musti\Miniconda3\envs\profile_finder\Lib\site-packages\urllib3\util\retry.py", line 519, in increment
    raise MaxRetryError(_pool, url, reason) from reason  # type: ignore[arg-type]
    ^^^^^^^^^^^^^^^^^^^^^^^^^^^^^^^^^^^^^^^^^^^^^^^^^^^
urllib3.exceptions.MaxRetryError: HTTPConnectionPool(host='localhost', port=4318): Max retries exceeded with url: /v1/metrics (Caused by NewConnectionError('<urllib3.connection.HTTPConnection object at 0x000001FE6BEEA490>: Failed to establish a new connection: [WinError 10061] Aucune connexion n’a pu être établie car l’ordinateur cible l’a expressément refusée'))

During handling of the above exception, another exception occurred:

Traceback (most recent call last):
  File "C:\Users\musti\Miniconda3\envs\profile_finder\Lib\site-packages\opentelemetry\sdk\metrics\_internal\export\__init__.py", line 541, in _receive_metrics
    self._exporter.export(
  File "C:\Users\musti\Miniconda3\envs\profile_finder\Lib\site-packages\opentelemetry\exporter\otlp\proto\http\metric_exporter\__init__.py", line 203, in export
    resp = self._export(serialized_data.SerializeToString())
           ^^^^^^^^^^^^^^^^^^^^^^^^^^^^^^^^^^^^^^^^^^^^^^^^^
  File "C:\Users\musti\Miniconda3\envs\profile_finder\Lib\site-packages\opentelemetry\exporter\otlp\proto\http\metric_exporter\__init__.py", line 173, in _export
    return self._session.post(
           ^^^^^^^^^^^^^^^^^^^
  File "C:\Users\musti\Miniconda3\envs\profile_finder\Lib\site-packages\requests\sessions.py", line 637, in post
    return self.request("POST", url, data=data, json=json, **kwargs)
           ^^^^^^^^^^^^^^^^^^^^^^^^^^^^^^^^^^^^^^^^^^^^^^^^^^^^^^^^^
  File "C:\Users\musti\Miniconda3\envs\profile_finder\Lib\site-packages\requests\sessions.py", line 589, in request
    resp = self.send(prep, **send_kwargs)
           ^^^^^^^^^^^^^^^^^^^^^^^^^^^^^^
  File "C:\Users\musti\Miniconda3\envs\profile_finder\Lib\site-packages\requests\sessions.py", line 703, in send
    r = adapter.send(request, **kwargs)
        ^^^^^^^^^^^^^^^^^^^^^^^^^^^^^^^
  File "C:\Users\musti\Miniconda3\envs\profile_finder\Lib\site-packages\requests\adapters.py", line 700, in send
    raise ConnectionError(e, request=request)
requests.exceptions.ConnectionError: HTTPConnectionPool(host='localhost', port=4318): Max retries exceeded with url: /v1/metrics (Caused by NewConnectionError('<urllib3.connection.HTTPConnection object at 0x000001FE6BEEA490>: Failed to establish a new connection: [WinError 10061] Aucune connexion n’a pu être établie car l’ordinateur cible l’a expressément refusée'))
2024-11-10 00:34:30,752 - WARNING - Retrying (Retry(total=0, connect=0, read=5, redirect=5, status=5)) after connection broken by 'NewConnectionError('<urllib3.connection.HTTPConnection object at 0x000001FE6BEEC590>: Failed to establish a new connection: [WinError 10061] Aucune connexion n’a pu être établie car l’ordinateur cible l’a expressément refusée')': /api/2.0/mlflow/experiments/get-by-name?experiment_name=Profile+Finder+Chat+Metrics
2024-11-10 00:35:26,326 - ERROR - Exception while exporting metrics HTTPConnectionPool(host='localhost', port=4318): Max retries exceeded with url: /v1/metrics (Caused by NewConnectionError('<urllib3.connection.HTTPConnection object at 0x000001FE6E28E090>: Failed to establish a new connection: [WinError 10061] Aucune connexion n’a pu être établie car l’ordinateur cible l’a expressément refusée'))
Traceback (most recent call last):
  File "C:\Users\musti\Miniconda3\envs\profile_finder\Lib\site-packages\urllib3\connection.py", line 199, in _new_conn
    sock = connection.create_connection(
           ^^^^^^^^^^^^^^^^^^^^^^^^^^^^^
  File "C:\Users\musti\Miniconda3\envs\profile_finder\Lib\site-packages\urllib3\util\connection.py", line 85, in create_connection
    raise err
  File "C:\Users\musti\Miniconda3\envs\profile_finder\Lib\site-packages\urllib3\util\connection.py", line 73, in create_connection
    sock.connect(sa)
ConnectionRefusedError: [WinError 10061] Aucune connexion n’a pu être établie car l’ordinateur cible l’a expressément refusée

The above exception was the direct cause of the following exception:

Traceback (most recent call last):
  File "C:\Users\musti\Miniconda3\envs\profile_finder\Lib\site-packages\urllib3\connectionpool.py", line 789, in urlopen
    response = self._make_request(
               ^^^^^^^^^^^^^^^^^^^
  File "C:\Users\musti\Miniconda3\envs\profile_finder\Lib\site-packages\urllib3\connectionpool.py", line 495, in _make_request
    conn.request(
  File "C:\Users\musti\Miniconda3\envs\profile_finder\Lib\site-packages\urllib3\connection.py", line 441, in request
    self.endheaders()
  File "C:\Users\musti\Miniconda3\envs\profile_finder\Lib\http\client.py", line 1298, in endheaders
    self._send_output(message_body, encode_chunked=encode_chunked)
  File "C:\Users\musti\Miniconda3\envs\profile_finder\Lib\http\client.py", line 1058, in _send_output
    self.send(msg)
  File "C:\Users\musti\Miniconda3\envs\profile_finder\Lib\http\client.py", line 996, in send
    self.connect()
  File "C:\Users\musti\Miniconda3\envs\profile_finder\Lib\site-packages\urllib3\connection.py", line 279, in connect
    self.sock = self._new_conn()
                ^^^^^^^^^^^^^^^^
  File "C:\Users\musti\Miniconda3\envs\profile_finder\Lib\site-packages\urllib3\connection.py", line 214, in _new_conn
    raise NewConnectionError(
urllib3.exceptions.NewConnectionError: <urllib3.connection.HTTPConnection object at 0x000001FE6E28E090>: Failed to establish a new connection: [WinError 10061] Aucune connexion n’a pu être établie car l’ordinateur cible l’a expressément refusée

The above exception was the direct cause of the following exception:

Traceback (most recent call last):
  File "C:\Users\musti\Miniconda3\envs\profile_finder\Lib\site-packages\requests\adapters.py", line 667, in send
    resp = conn.urlopen(
           ^^^^^^^^^^^^^
  File "C:\Users\musti\Miniconda3\envs\profile_finder\Lib\site-packages\urllib3\connectionpool.py", line 843, in urlopen
    retries = retries.increment(
              ^^^^^^^^^^^^^^^^^^
  File "C:\Users\musti\Miniconda3\envs\profile_finder\Lib\site-packages\urllib3\util\retry.py", line 519, in increment
    raise MaxRetryError(_pool, url, reason) from reason  # type: ignore[arg-type]
    ^^^^^^^^^^^^^^^^^^^^^^^^^^^^^^^^^^^^^^^^^^^^^^^^^^^
urllib3.exceptions.MaxRetryError: HTTPConnectionPool(host='localhost', port=4318): Max retries exceeded with url: /v1/metrics (Caused by NewConnectionError('<urllib3.connection.HTTPConnection object at 0x000001FE6E28E090>: Failed to establish a new connection: [WinError 10061] Aucune connexion n’a pu être établie car l’ordinateur cible l’a expressément refusée'))

During handling of the above exception, another exception occurred:

Traceback (most recent call last):
  File "C:\Users\musti\Miniconda3\envs\profile_finder\Lib\site-packages\opentelemetry\sdk\metrics\_internal\export\__init__.py", line 541, in _receive_metrics
    self._exporter.export(
  File "C:\Users\musti\Miniconda3\envs\profile_finder\Lib\site-packages\opentelemetry\exporter\otlp\proto\http\metric_exporter\__init__.py", line 203, in export
    resp = self._export(serialized_data.SerializeToString())
           ^^^^^^^^^^^^^^^^^^^^^^^^^^^^^^^^^^^^^^^^^^^^^^^^^
  File "C:\Users\musti\Miniconda3\envs\profile_finder\Lib\site-packages\opentelemetry\exporter\otlp\proto\http\metric_exporter\__init__.py", line 173, in _export
    return self._session.post(
           ^^^^^^^^^^^^^^^^^^^
  File "C:\Users\musti\Miniconda3\envs\profile_finder\Lib\site-packages\requests\sessions.py", line 637, in post
    return self.request("POST", url, data=data, json=json, **kwargs)
           ^^^^^^^^^^^^^^^^^^^^^^^^^^^^^^^^^^^^^^^^^^^^^^^^^^^^^^^^^
  File "C:\Users\musti\Miniconda3\envs\profile_finder\Lib\site-packages\requests\sessions.py", line 589, in request
    resp = self.send(prep, **send_kwargs)
           ^^^^^^^^^^^^^^^^^^^^^^^^^^^^^^
  File "C:\Users\musti\Miniconda3\envs\profile_finder\Lib\site-packages\requests\sessions.py", line 703, in send
    r = adapter.send(request, **kwargs)
        ^^^^^^^^^^^^^^^^^^^^^^^^^^^^^^^
  File "C:\Users\musti\Miniconda3\envs\profile_finder\Lib\site-packages\requests\adapters.py", line 700, in send
    raise ConnectionError(e, request=request)
requests.exceptions.ConnectionError: HTTPConnectionPool(host='localhost', port=4318): Max retries exceeded with url: /v1/metrics (Caused by NewConnectionError('<urllib3.connection.HTTPConnection object at 0x000001FE6E28E090>: Failed to establish a new connection: [WinError 10061] Aucune connexion n’a pu être établie car l’ordinateur cible l’a expressément refusée'))
2024-11-10 00:36:30,434 - ERROR - Exception while exporting metrics HTTPConnectionPool(host='localhost', port=4318): Max retries exceeded with url: /v1/metrics (Caused by NewConnectionError('<urllib3.connection.HTTPConnection object at 0x000001FE6E299A10>: Failed to establish a new connection: [WinError 10061] Aucune connexion n’a pu être établie car l’ordinateur cible l’a expressément refusée'))
Traceback (most recent call last):
  File "C:\Users\musti\Miniconda3\envs\profile_finder\Lib\site-packages\urllib3\connection.py", line 199, in _new_conn
    sock = connection.create_connection(
           ^^^^^^^^^^^^^^^^^^^^^^^^^^^^^
  File "C:\Users\musti\Miniconda3\envs\profile_finder\Lib\site-packages\urllib3\util\connection.py", line 85, in create_connection
    raise err
  File "C:\Users\musti\Miniconda3\envs\profile_finder\Lib\site-packages\urllib3\util\connection.py", line 73, in create_connection
    sock.connect(sa)
ConnectionRefusedError: [WinError 10061] Aucune connexion n’a pu être établie car l’ordinateur cible l’a expressément refusée

The above exception was the direct cause of the following exception:

Traceback (most recent call last):
  File "C:\Users\musti\Miniconda3\envs\profile_finder\Lib\site-packages\urllib3\connectionpool.py", line 789, in urlopen
    response = self._make_request(
               ^^^^^^^^^^^^^^^^^^^
  File "C:\Users\musti\Miniconda3\envs\profile_finder\Lib\site-packages\urllib3\connectionpool.py", line 495, in _make_request
    conn.request(
  File "C:\Users\musti\Miniconda3\envs\profile_finder\Lib\site-packages\urllib3\connection.py", line 441, in request
    self.endheaders()
  File "C:\Users\musti\Miniconda3\envs\profile_finder\Lib\http\client.py", line 1298, in endheaders
    self._send_output(message_body, encode_chunked=encode_chunked)
  File "C:\Users\musti\Miniconda3\envs\profile_finder\Lib\http\client.py", line 1058, in _send_output
    self.send(msg)
  File "C:\Users\musti\Miniconda3\envs\profile_finder\Lib\http\client.py", line 996, in send
    self.connect()
  File "C:\Users\musti\Miniconda3\envs\profile_finder\Lib\site-packages\urllib3\connection.py", line 279, in connect
    self.sock = self._new_conn()
                ^^^^^^^^^^^^^^^^
  File "C:\Users\musti\Miniconda3\envs\profile_finder\Lib\site-packages\urllib3\connection.py", line 214, in _new_conn
    raise NewConnectionError(
urllib3.exceptions.NewConnectionError: <urllib3.connection.HTTPConnection object at 0x000001FE6E299A10>: Failed to establish a new connection: [WinError 10061] Aucune connexion n’a pu être établie car l’ordinateur cible l’a expressément refusée

The above exception was the direct cause of the following exception:

Traceback (most recent call last):
  File "C:\Users\musti\Miniconda3\envs\profile_finder\Lib\site-packages\requests\adapters.py", line 667, in send
    resp = conn.urlopen(
           ^^^^^^^^^^^^^
  File "C:\Users\musti\Miniconda3\envs\profile_finder\Lib\site-packages\urllib3\connectionpool.py", line 843, in urlopen
    retries = retries.increment(
              ^^^^^^^^^^^^^^^^^^
  File "C:\Users\musti\Miniconda3\envs\profile_finder\Lib\site-packages\urllib3\util\retry.py", line 519, in increment
    raise MaxRetryError(_pool, url, reason) from reason  # type: ignore[arg-type]
    ^^^^^^^^^^^^^^^^^^^^^^^^^^^^^^^^^^^^^^^^^^^^^^^^^^^
urllib3.exceptions.MaxRetryError: HTTPConnectionPool(host='localhost', port=4318): Max retries exceeded with url: /v1/metrics (Caused by NewConnectionError('<urllib3.connection.HTTPConnection object at 0x000001FE6E299A10>: Failed to establish a new connection: [WinError 10061] Aucune connexion n’a pu être établie car l’ordinateur cible l’a expressément refusée'))

During handling of the above exception, another exception occurred:

Traceback (most recent call last):
  File "C:\Users\musti\Miniconda3\envs\profile_finder\Lib\site-packages\opentelemetry\sdk\metrics\_internal\export\__init__.py", line 541, in _receive_metrics
    self._exporter.export(
  File "C:\Users\musti\Miniconda3\envs\profile_finder\Lib\site-packages\opentelemetry\exporter\otlp\proto\http\metric_exporter\__init__.py", line 203, in export
    resp = self._export(serialized_data.SerializeToString())
           ^^^^^^^^^^^^^^^^^^^^^^^^^^^^^^^^^^^^^^^^^^^^^^^^^
  File "C:\Users\musti\Miniconda3\envs\profile_finder\Lib\site-packages\opentelemetry\exporter\otlp\proto\http\metric_exporter\__init__.py", line 173, in _export
    return self._session.post(
           ^^^^^^^^^^^^^^^^^^^
  File "C:\Users\musti\Miniconda3\envs\profile_finder\Lib\site-packages\requests\sessions.py", line 637, in post
    return self.request("POST", url, data=data, json=json, **kwargs)
           ^^^^^^^^^^^^^^^^^^^^^^^^^^^^^^^^^^^^^^^^^^^^^^^^^^^^^^^^^
  File "C:\Users\musti\Miniconda3\envs\profile_finder\Lib\site-packages\requests\sessions.py", line 589, in request
    resp = self.send(prep, **send_kwargs)
           ^^^^^^^^^^^^^^^^^^^^^^^^^^^^^^
  File "C:\Users\musti\Miniconda3\envs\profile_finder\Lib\site-packages\requests\sessions.py", line 703, in send
    r = adapter.send(request, **kwargs)
        ^^^^^^^^^^^^^^^^^^^^^^^^^^^^^^^
  File "C:\Users\musti\Miniconda3\envs\profile_finder\Lib\site-packages\requests\adapters.py", line 700, in send
    raise ConnectionError(e, request=request)
requests.exceptions.ConnectionError: HTTPConnectionPool(host='localhost', port=4318): Max retries exceeded with url: /v1/metrics (Caused by NewConnectionError('<urllib3.connection.HTTPConnection object at 0x000001FE6E299A10>: Failed to establish a new connection: [WinError 10061] Aucune connexion n’a pu être établie car l’ordinateur cible l’a expressément refusée'))
2024-11-10 00:37:34,518 - ERROR - Exception while exporting metrics HTTPConnectionPool(host='localhost', port=4318): Max retries exceeded with url: /v1/metrics (Caused by NewConnectionError('<urllib3.connection.HTTPConnection object at 0x000001FE6E29B410>: Failed to establish a new connection: [WinError 10061] Aucune connexion n’a pu être établie car l’ordinateur cible l’a expressément refusée'))
Traceback (most recent call last):
  File "C:\Users\musti\Miniconda3\envs\profile_finder\Lib\site-packages\urllib3\connection.py", line 199, in _new_conn
    sock = connection.create_connection(
           ^^^^^^^^^^^^^^^^^^^^^^^^^^^^^
  File "C:\Users\musti\Miniconda3\envs\profile_finder\Lib\site-packages\urllib3\util\connection.py", line 85, in create_connection
    raise err
  File "C:\Users\musti\Miniconda3\envs\profile_finder\Lib\site-packages\urllib3\util\connection.py", line 73, in create_connection
    sock.connect(sa)
ConnectionRefusedError: [WinError 10061] Aucune connexion n’a pu être établie car l’ordinateur cible l’a expressément refusée

The above exception was the direct cause of the following exception:

Traceback (most recent call last):
  File "C:\Users\musti\Miniconda3\envs\profile_finder\Lib\site-packages\urllib3\connectionpool.py", line 789, in urlopen
    response = self._make_request(
               ^^^^^^^^^^^^^^^^^^^
  File "C:\Users\musti\Miniconda3\envs\profile_finder\Lib\site-packages\urllib3\connectionpool.py", line 495, in _make_request
    conn.request(
  File "C:\Users\musti\Miniconda3\envs\profile_finder\Lib\site-packages\urllib3\connection.py", line 441, in request
    self.endheaders()
  File "C:\Users\musti\Miniconda3\envs\profile_finder\Lib\http\client.py", line 1298, in endheaders
    self._send_output(message_body, encode_chunked=encode_chunked)
  File "C:\Users\musti\Miniconda3\envs\profile_finder\Lib\http\client.py", line 1058, in _send_output
    self.send(msg)
  File "C:\Users\musti\Miniconda3\envs\profile_finder\Lib\http\client.py", line 996, in send
    self.connect()
  File "C:\Users\musti\Miniconda3\envs\profile_finder\Lib\site-packages\urllib3\connection.py", line 279, in connect
    self.sock = self._new_conn()
                ^^^^^^^^^^^^^^^^
  File "C:\Users\musti\Miniconda3\envs\profile_finder\Lib\site-packages\urllib3\connection.py", line 214, in _new_conn
    raise NewConnectionError(
urllib3.exceptions.NewConnectionError: <urllib3.connection.HTTPConnection object at 0x000001FE6E29B410>: Failed to establish a new connection: [WinError 10061] Aucune connexion n’a pu être établie car l’ordinateur cible l’a expressément refusée

The above exception was the direct cause of the following exception:

Traceback (most recent call last):
  File "C:\Users\musti\Miniconda3\envs\profile_finder\Lib\site-packages\requests\adapters.py", line 667, in send
    resp = conn.urlopen(
           ^^^^^^^^^^^^^
  File "C:\Users\musti\Miniconda3\envs\profile_finder\Lib\site-packages\urllib3\connectionpool.py", line 843, in urlopen
    retries = retries.increment(
              ^^^^^^^^^^^^^^^^^^
  File "C:\Users\musti\Miniconda3\envs\profile_finder\Lib\site-packages\urllib3\util\retry.py", line 519, in increment
    raise MaxRetryError(_pool, url, reason) from reason  # type: ignore[arg-type]
    ^^^^^^^^^^^^^^^^^^^^^^^^^^^^^^^^^^^^^^^^^^^^^^^^^^^
urllib3.exceptions.MaxRetryError: HTTPConnectionPool(host='localhost', port=4318): Max retries exceeded with url: /v1/metrics (Caused by NewConnectionError('<urllib3.connection.HTTPConnection object at 0x000001FE6E29B410>: Failed to establish a new connection: [WinError 10061] Aucune connexion n’a pu être établie car l’ordinateur cible l’a expressément refusée'))

During handling of the above exception, another exception occurred:

Traceback (most recent call last):
  File "C:\Users\musti\Miniconda3\envs\profile_finder\Lib\site-packages\opentelemetry\sdk\metrics\_internal\export\__init__.py", line 541, in _receive_metrics
    self._exporter.export(
  File "C:\Users\musti\Miniconda3\envs\profile_finder\Lib\site-packages\opentelemetry\exporter\otlp\proto\http\metric_exporter\__init__.py", line 203, in export
    resp = self._export(serialized_data.SerializeToString())
           ^^^^^^^^^^^^^^^^^^^^^^^^^^^^^^^^^^^^^^^^^^^^^^^^^
  File "C:\Users\musti\Miniconda3\envs\profile_finder\Lib\site-packages\opentelemetry\exporter\otlp\proto\http\metric_exporter\__init__.py", line 173, in _export
    return self._session.post(
           ^^^^^^^^^^^^^^^^^^^
  File "C:\Users\musti\Miniconda3\envs\profile_finder\Lib\site-packages\requests\sessions.py", line 637, in post
    return self.request("POST", url, data=data, json=json, **kwargs)
           ^^^^^^^^^^^^^^^^^^^^^^^^^^^^^^^^^^^^^^^^^^^^^^^^^^^^^^^^^
  File "C:\Users\musti\Miniconda3\envs\profile_finder\Lib\site-packages\requests\sessions.py", line 589, in request
    resp = self.send(prep, **send_kwargs)
           ^^^^^^^^^^^^^^^^^^^^^^^^^^^^^^
  File "C:\Users\musti\Miniconda3\envs\profile_finder\Lib\site-packages\requests\sessions.py", line 703, in send
    r = adapter.send(request, **kwargs)
        ^^^^^^^^^^^^^^^^^^^^^^^^^^^^^^^
  File "C:\Users\musti\Miniconda3\envs\profile_finder\Lib\site-packages\requests\adapters.py", line 700, in send
    raise ConnectionError(e, request=request)
requests.exceptions.ConnectionError: HTTPConnectionPool(host='localhost', port=4318): Max retries exceeded with url: /v1/metrics (Caused by NewConnectionError('<urllib3.connection.HTTPConnection object at 0x000001FE6E29B410>: Failed to establish a new connection: [WinError 10061] Aucune connexion n’a pu être établie car l’ordinateur cible l’a expressément refusée'))
2024-11-10 00:38:38,612 - ERROR - Exception while exporting metrics HTTPConnectionPool(host='localhost', port=4318): Max retries exceeded with url: /v1/metrics (Caused by NewConnectionError('<urllib3.connection.HTTPConnection object at 0x000001FE6E29D1D0>: Failed to establish a new connection: [WinError 10061] Aucune connexion n’a pu être établie car l’ordinateur cible l’a expressément refusée'))
Traceback (most recent call last):
  File "C:\Users\musti\Miniconda3\envs\profile_finder\Lib\site-packages\urllib3\connection.py", line 199, in _new_conn
    sock = connection.create_connection(
           ^^^^^^^^^^^^^^^^^^^^^^^^^^^^^
  File "C:\Users\musti\Miniconda3\envs\profile_finder\Lib\site-packages\urllib3\util\connection.py", line 85, in create_connection
    raise err
  File "C:\Users\musti\Miniconda3\envs\profile_finder\Lib\site-packages\urllib3\util\connection.py", line 73, in create_connection
    sock.connect(sa)
ConnectionRefusedError: [WinError 10061] Aucune connexion n’a pu être établie car l’ordinateur cible l’a expressément refusée

The above exception was the direct cause of the following exception:

Traceback (most recent call last):
  File "C:\Users\musti\Miniconda3\envs\profile_finder\Lib\site-packages\urllib3\connectionpool.py", line 789, in urlopen
    response = self._make_request(
               ^^^^^^^^^^^^^^^^^^^
  File "C:\Users\musti\Miniconda3\envs\profile_finder\Lib\site-packages\urllib3\connectionpool.py", line 495, in _make_request
    conn.request(
  File "C:\Users\musti\Miniconda3\envs\profile_finder\Lib\site-packages\urllib3\connection.py", line 441, in request
    self.endheaders()
  File "C:\Users\musti\Miniconda3\envs\profile_finder\Lib\http\client.py", line 1298, in endheaders
    self._send_output(message_body, encode_chunked=encode_chunked)
  File "C:\Users\musti\Miniconda3\envs\profile_finder\Lib\http\client.py", line 1058, in _send_output
    self.send(msg)
  File "C:\Users\musti\Miniconda3\envs\profile_finder\Lib\http\client.py", line 996, in send
    self.connect()
  File "C:\Users\musti\Miniconda3\envs\profile_finder\Lib\site-packages\urllib3\connection.py", line 279, in connect
    self.sock = self._new_conn()
                ^^^^^^^^^^^^^^^^
  File "C:\Users\musti\Miniconda3\envs\profile_finder\Lib\site-packages\urllib3\connection.py", line 214, in _new_conn
    raise NewConnectionError(
urllib3.exceptions.NewConnectionError: <urllib3.connection.HTTPConnection object at 0x000001FE6E29D1D0>: Failed to establish a new connection: [WinError 10061] Aucune connexion n’a pu être établie car l’ordinateur cible l’a expressément refusée

The above exception was the direct cause of the following exception:

Traceback (most recent call last):
  File "C:\Users\musti\Miniconda3\envs\profile_finder\Lib\site-packages\requests\adapters.py", line 667, in send
    resp = conn.urlopen(
           ^^^^^^^^^^^^^
  File "C:\Users\musti\Miniconda3\envs\profile_finder\Lib\site-packages\urllib3\connectionpool.py", line 843, in urlopen
    retries = retries.increment(
              ^^^^^^^^^^^^^^^^^^
  File "C:\Users\musti\Miniconda3\envs\profile_finder\Lib\site-packages\urllib3\util\retry.py", line 519, in increment
    raise MaxRetryError(_pool, url, reason) from reason  # type: ignore[arg-type]
    ^^^^^^^^^^^^^^^^^^^^^^^^^^^^^^^^^^^^^^^^^^^^^^^^^^^
urllib3.exceptions.MaxRetryError: HTTPConnectionPool(host='localhost', port=4318): Max retries exceeded with url: /v1/metrics (Caused by NewConnectionError('<urllib3.connection.HTTPConnection object at 0x000001FE6E29D1D0>: Failed to establish a new connection: [WinError 10061] Aucune connexion n’a pu être établie car l’ordinateur cible l’a expressément refusée'))

During handling of the above exception, another exception occurred:

Traceback (most recent call last):
  File "C:\Users\musti\Miniconda3\envs\profile_finder\Lib\site-packages\opentelemetry\sdk\metrics\_internal\export\__init__.py", line 541, in _receive_metrics
    self._exporter.export(
  File "C:\Users\musti\Miniconda3\envs\profile_finder\Lib\site-packages\opentelemetry\exporter\otlp\proto\http\metric_exporter\__init__.py", line 203, in export
    resp = self._export(serialized_data.SerializeToString())
           ^^^^^^^^^^^^^^^^^^^^^^^^^^^^^^^^^^^^^^^^^^^^^^^^^
  File "C:\Users\musti\Miniconda3\envs\profile_finder\Lib\site-packages\opentelemetry\exporter\otlp\proto\http\metric_exporter\__init__.py", line 173, in _export
    return self._session.post(
           ^^^^^^^^^^^^^^^^^^^
  File "C:\Users\musti\Miniconda3\envs\profile_finder\Lib\site-packages\requests\sessions.py", line 637, in post
    return self.request("POST", url, data=data, json=json, **kwargs)
           ^^^^^^^^^^^^^^^^^^^^^^^^^^^^^^^^^^^^^^^^^^^^^^^^^^^^^^^^^
  File "C:\Users\musti\Miniconda3\envs\profile_finder\Lib\site-packages\requests\sessions.py", line 589, in request
    resp = self.send(prep, **send_kwargs)
           ^^^^^^^^^^^^^^^^^^^^^^^^^^^^^^
  File "C:\Users\musti\Miniconda3\envs\profile_finder\Lib\site-packages\requests\sessions.py", line 703, in send
    r = adapter.send(request, **kwargs)
        ^^^^^^^^^^^^^^^^^^^^^^^^^^^^^^^
  File "C:\Users\musti\Miniconda3\envs\profile_finder\Lib\site-packages\requests\adapters.py", line 700, in send
    raise ConnectionError(e, request=request)
requests.exceptions.ConnectionError: HTTPConnectionPool(host='localhost', port=4318): Max retries exceeded with url: /v1/metrics (Caused by NewConnectionError('<urllib3.connection.HTTPConnection object at 0x000001FE6E29D1D0>: Failed to establish a new connection: [WinError 10061] Aucune connexion n’a pu être établie car l’ordinateur cible l’a expressément refusée'))
2024-11-10 00:39:42,696 - ERROR - Exception while exporting metrics HTTPConnectionPool(host='localhost', port=4318): Max retries exceeded with url: /v1/metrics (Caused by NewConnectionError('<urllib3.connection.HTTPConnection object at 0x000001FE6E299F90>: Failed to establish a new connection: [WinError 10061] Aucune connexion n’a pu être établie car l’ordinateur cible l’a expressément refusée'))
Traceback (most recent call last):
  File "C:\Users\musti\Miniconda3\envs\profile_finder\Lib\site-packages\urllib3\connection.py", line 199, in _new_conn
    sock = connection.create_connection(
           ^^^^^^^^^^^^^^^^^^^^^^^^^^^^^
  File "C:\Users\musti\Miniconda3\envs\profile_finder\Lib\site-packages\urllib3\util\connection.py", line 85, in create_connection
    raise err
  File "C:\Users\musti\Miniconda3\envs\profile_finder\Lib\site-packages\urllib3\util\connection.py", line 73, in create_connection
    sock.connect(sa)
ConnectionRefusedError: [WinError 10061] Aucune connexion n’a pu être établie car l’ordinateur cible l’a expressément refusée

The above exception was the direct cause of the following exception:

Traceback (most recent call last):
  File "C:\Users\musti\Miniconda3\envs\profile_finder\Lib\site-packages\urllib3\connectionpool.py", line 789, in urlopen
    response = self._make_request(
               ^^^^^^^^^^^^^^^^^^^
  File "C:\Users\musti\Miniconda3\envs\profile_finder\Lib\site-packages\urllib3\connectionpool.py", line 495, in _make_request
    conn.request(
  File "C:\Users\musti\Miniconda3\envs\profile_finder\Lib\site-packages\urllib3\connection.py", line 441, in request
    self.endheaders()
  File "C:\Users\musti\Miniconda3\envs\profile_finder\Lib\http\client.py", line 1298, in endheaders
    self._send_output(message_body, encode_chunked=encode_chunked)
  File "C:\Users\musti\Miniconda3\envs\profile_finder\Lib\http\client.py", line 1058, in _send_output
    self.send(msg)
  File "C:\Users\musti\Miniconda3\envs\profile_finder\Lib\http\client.py", line 996, in send
    self.connect()
  File "C:\Users\musti\Miniconda3\envs\profile_finder\Lib\site-packages\urllib3\connection.py", line 279, in connect
    self.sock = self._new_conn()
                ^^^^^^^^^^^^^^^^
  File "C:\Users\musti\Miniconda3\envs\profile_finder\Lib\site-packages\urllib3\connection.py", line 214, in _new_conn
    raise NewConnectionError(
urllib3.exceptions.NewConnectionError: <urllib3.connection.HTTPConnection object at 0x000001FE6E299F90>: Failed to establish a new connection: [WinError 10061] Aucune connexion n’a pu être établie car l’ordinateur cible l’a expressément refusée

The above exception was the direct cause of the following exception:

Traceback (most recent call last):
  File "C:\Users\musti\Miniconda3\envs\profile_finder\Lib\site-packages\requests\adapters.py", line 667, in send
    resp = conn.urlopen(
           ^^^^^^^^^^^^^
  File "C:\Users\musti\Miniconda3\envs\profile_finder\Lib\site-packages\urllib3\connectionpool.py", line 843, in urlopen
    retries = retries.increment(
              ^^^^^^^^^^^^^^^^^^
  File "C:\Users\musti\Miniconda3\envs\profile_finder\Lib\site-packages\urllib3\util\retry.py", line 519, in increment
    raise MaxRetryError(_pool, url, reason) from reason  # type: ignore[arg-type]
    ^^^^^^^^^^^^^^^^^^^^^^^^^^^^^^^^^^^^^^^^^^^^^^^^^^^
urllib3.exceptions.MaxRetryError: HTTPConnectionPool(host='localhost', port=4318): Max retries exceeded with url: /v1/metrics (Caused by NewConnectionError('<urllib3.connection.HTTPConnection object at 0x000001FE6E299F90>: Failed to establish a new connection: [WinError 10061] Aucune connexion n’a pu être établie car l’ordinateur cible l’a expressément refusée'))

During handling of the above exception, another exception occurred:

Traceback (most recent call last):
  File "C:\Users\musti\Miniconda3\envs\profile_finder\Lib\site-packages\opentelemetry\sdk\metrics\_internal\export\__init__.py", line 541, in _receive_metrics
    self._exporter.export(
  File "C:\Users\musti\Miniconda3\envs\profile_finder\Lib\site-packages\opentelemetry\exporter\otlp\proto\http\metric_exporter\__init__.py", line 203, in export
    resp = self._export(serialized_data.SerializeToString())
           ^^^^^^^^^^^^^^^^^^^^^^^^^^^^^^^^^^^^^^^^^^^^^^^^^
  File "C:\Users\musti\Miniconda3\envs\profile_finder\Lib\site-packages\opentelemetry\exporter\otlp\proto\http\metric_exporter\__init__.py", line 173, in _export
    return self._session.post(
           ^^^^^^^^^^^^^^^^^^^
  File "C:\Users\musti\Miniconda3\envs\profile_finder\Lib\site-packages\requests\sessions.py", line 637, in post
    return self.request("POST", url, data=data, json=json, **kwargs)
           ^^^^^^^^^^^^^^^^^^^^^^^^^^^^^^^^^^^^^^^^^^^^^^^^^^^^^^^^^
  File "C:\Users\musti\Miniconda3\envs\profile_finder\Lib\site-packages\requests\sessions.py", line 589, in request
    resp = self.send(prep, **send_kwargs)
           ^^^^^^^^^^^^^^^^^^^^^^^^^^^^^^
  File "C:\Users\musti\Miniconda3\envs\profile_finder\Lib\site-packages\requests\sessions.py", line 703, in send
    r = adapter.send(request, **kwargs)
        ^^^^^^^^^^^^^^^^^^^^^^^^^^^^^^^
  File "C:\Users\musti\Miniconda3\envs\profile_finder\Lib\site-packages\requests\adapters.py", line 700, in send
    raise ConnectionError(e, request=request)
requests.exceptions.ConnectionError: HTTPConnectionPool(host='localhost', port=4318): Max retries exceeded with url: /v1/metrics (Caused by NewConnectionError('<urllib3.connection.HTTPConnection object at 0x000001FE6E299F90>: Failed to establish a new connection: [WinError 10061] Aucune connexion n’a pu être établie car l’ordinateur cible l’a expressément refusée'))
2024-11-10 00:40:04,460 - ERROR - Exception while exporting metrics HTTPConnectionPool(host='localhost', port=4318): Max retries exceeded with url: /v1/metrics (Caused by NewConnectionError('<urllib3.connection.HTTPConnection object at 0x000001FE7012B990>: Failed to establish a new connection: [WinError 10061] Aucune connexion n’a pu être établie car l’ordinateur cible l’a expressément refusée'))
Traceback (most recent call last):
  File "C:\Users\musti\Miniconda3\envs\profile_finder\Lib\site-packages\urllib3\connection.py", line 199, in _new_conn
    sock = connection.create_connection(
           ^^^^^^^^^^^^^^^^^^^^^^^^^^^^^
  File "C:\Users\musti\Miniconda3\envs\profile_finder\Lib\site-packages\urllib3\util\connection.py", line 85, in create_connection
    raise err
  File "C:\Users\musti\Miniconda3\envs\profile_finder\Lib\site-packages\urllib3\util\connection.py", line 73, in create_connection
    sock.connect(sa)
ConnectionRefusedError: [WinError 10061] Aucune connexion n’a pu être établie car l’ordinateur cible l’a expressément refusée

The above exception was the direct cause of the following exception:

Traceback (most recent call last):
  File "C:\Users\musti\Miniconda3\envs\profile_finder\Lib\site-packages\urllib3\connectionpool.py", line 789, in urlopen
    response = self._make_request(
               ^^^^^^^^^^^^^^^^^^^
  File "C:\Users\musti\Miniconda3\envs\profile_finder\Lib\site-packages\urllib3\connectionpool.py", line 495, in _make_request
    conn.request(
  File "C:\Users\musti\Miniconda3\envs\profile_finder\Lib\site-packages\urllib3\connection.py", line 441, in request
    self.endheaders()
  File "C:\Users\musti\Miniconda3\envs\profile_finder\Lib\http\client.py", line 1298, in endheaders
    self._send_output(message_body, encode_chunked=encode_chunked)
  File "C:\Users\musti\Miniconda3\envs\profile_finder\Lib\http\client.py", line 1058, in _send_output
    self.send(msg)
  File "C:\Users\musti\Miniconda3\envs\profile_finder\Lib\http\client.py", line 996, in send
    self.connect()
  File "C:\Users\musti\Miniconda3\envs\profile_finder\Lib\site-packages\urllib3\connection.py", line 279, in connect
    self.sock = self._new_conn()
                ^^^^^^^^^^^^^^^^
  File "C:\Users\musti\Miniconda3\envs\profile_finder\Lib\site-packages\urllib3\connection.py", line 214, in _new_conn
    raise NewConnectionError(
urllib3.exceptions.NewConnectionError: <urllib3.connection.HTTPConnection object at 0x000001FE7012B990>: Failed to establish a new connection: [WinError 10061] Aucune connexion n’a pu être établie car l’ordinateur cible l’a expressément refusée

The above exception was the direct cause of the following exception:

Traceback (most recent call last):
  File "C:\Users\musti\Miniconda3\envs\profile_finder\Lib\site-packages\requests\adapters.py", line 667, in send
    resp = conn.urlopen(
           ^^^^^^^^^^^^^
  File "C:\Users\musti\Miniconda3\envs\profile_finder\Lib\site-packages\urllib3\connectionpool.py", line 843, in urlopen
    retries = retries.increment(
              ^^^^^^^^^^^^^^^^^^
  File "C:\Users\musti\Miniconda3\envs\profile_finder\Lib\site-packages\urllib3\util\retry.py", line 519, in increment
    raise MaxRetryError(_pool, url, reason) from reason  # type: ignore[arg-type]
    ^^^^^^^^^^^^^^^^^^^^^^^^^^^^^^^^^^^^^^^^^^^^^^^^^^^
urllib3.exceptions.MaxRetryError: HTTPConnectionPool(host='localhost', port=4318): Max retries exceeded with url: /v1/metrics (Caused by NewConnectionError('<urllib3.connection.HTTPConnection object at 0x000001FE7012B990>: Failed to establish a new connection: [WinError 10061] Aucune connexion n’a pu être établie car l’ordinateur cible l’a expressément refusée'))

During handling of the above exception, another exception occurred:

Traceback (most recent call last):
  File "C:\Users\musti\Miniconda3\envs\profile_finder\Lib\site-packages\opentelemetry\sdk\metrics\_internal\export\__init__.py", line 541, in _receive_metrics
    self._exporter.export(
  File "C:\Users\musti\Miniconda3\envs\profile_finder\Lib\site-packages\opentelemetry\exporter\otlp\proto\http\metric_exporter\__init__.py", line 203, in export
    resp = self._export(serialized_data.SerializeToString())
           ^^^^^^^^^^^^^^^^^^^^^^^^^^^^^^^^^^^^^^^^^^^^^^^^^
  File "C:\Users\musti\Miniconda3\envs\profile_finder\Lib\site-packages\opentelemetry\exporter\otlp\proto\http\metric_exporter\__init__.py", line 173, in _export
    return self._session.post(
           ^^^^^^^^^^^^^^^^^^^
  File "C:\Users\musti\Miniconda3\envs\profile_finder\Lib\site-packages\requests\sessions.py", line 637, in post
    return self.request("POST", url, data=data, json=json, **kwargs)
           ^^^^^^^^^^^^^^^^^^^^^^^^^^^^^^^^^^^^^^^^^^^^^^^^^^^^^^^^^
  File "C:\Users\musti\Miniconda3\envs\profile_finder\Lib\site-packages\requests\sessions.py", line 589, in request
    resp = self.send(prep, **send_kwargs)
           ^^^^^^^^^^^^^^^^^^^^^^^^^^^^^^
  File "C:\Users\musti\Miniconda3\envs\profile_finder\Lib\site-packages\requests\sessions.py", line 703, in send
    r = adapter.send(request, **kwargs)
        ^^^^^^^^^^^^^^^^^^^^^^^^^^^^^^^
  File "C:\Users\musti\Miniconda3\envs\profile_finder\Lib\site-packages\requests\adapters.py", line 700, in send
    raise ConnectionError(e, request=request)
requests.exceptions.ConnectionError: HTTPConnectionPool(host='localhost', port=4318): Max retries exceeded with url: /v1/metrics (Caused by NewConnectionError('<urllib3.connection.HTTPConnection object at 0x000001FE7012B990>: Failed to establish a new connection: [WinError 10061] Aucune connexion n’a pu être établie car l’ordinateur cible l’a expressément refusée'))
2024-11-10 00:40:15,686 - INFO - Starting openLIT initialization...
2024-11-10 00:40:16,027 - INFO - Instrumented openai
2024-11-10 00:40:16,028 - INFO - Library for anthropic (anthropic) not found. Skipping instrumentation
2024-11-10 00:40:16,028 - INFO - Library for cohere (cohere) not found. Skipping instrumentation
2024-11-10 00:40:16,028 - INFO - Library for mistral (mistralai) not found. Skipping instrumentation
2024-11-10 00:40:16,053 - INFO - Instrumented bedrock
2024-11-10 00:40:16,054 - INFO - Library for vertexai (vertexai) not found. Skipping instrumentation
2024-11-10 00:40:16,054 - INFO - Library for groq (groq) not found. Skipping instrumentation
2024-11-10 00:40:16,055 - INFO - Instrumented ollama
2024-11-10 00:40:16,055 - INFO - Library for gpt4all (gpt4all) not found. Skipping instrumentation
2024-11-10 00:40:16,055 - INFO - Library for elevenlabs (elevenlabs) not found. Skipping instrumentation
2024-11-10 00:40:16,056 - INFO - Library for vllm (vllm) not found. Skipping instrumentation
2024-11-10 00:40:16,056 - INFO - Library for google-ai-studio (google.generativeai) not found. Skipping instrumentation
2024-11-10 00:40:16,056 - INFO - Library for azure-ai-inference (azure.ai.inference) not found. Skipping instrumentation
2024-11-10 00:40:16,057 - INFO - Library for langchain (langchain) not found. Skipping instrumentation
2024-11-10 00:40:16,057 - INFO - Library for llama_index (llama_index) not found. Skipping instrumentation
2024-11-10 00:40:16,057 - INFO - Library for haystack (haystack) not found. Skipping instrumentation
2024-11-10 00:40:16,057 - INFO - Library for embedchain (embedchain) not found. Skipping instrumentation
2024-11-10 00:40:16,058 - INFO - Instrumented chroma
2024-11-10 00:40:16,059 - INFO - Library for pinecone (pinecone) not found. Skipping instrumentation
2024-11-10 00:40:16,059 - INFO - Library for qdrant (qdrant_client) not found. Skipping instrumentation
2024-11-10 00:40:16,059 - INFO - Library for milvus (pymilvus) not found. Skipping instrumentation
2024-11-10 00:40:16,059 - INFO - Library for transformers (transformers) not found. Skipping instrumentation
